2019-04-08 09:39:28 - Starting ZenithbankApiApplication on Davyjones with PID 9936 (C:\Projects\zenithbank-api\target\classes started by USER in C:\Projects\zenithbank-api)
2019-04-08 09:39:28 - No active profile set, falling back to default profiles: default
2019-04-08 09:39:29 - Refreshing org.springframework.boot.context.embedded.AnnotationConfigEmbeddedWebApplicationContext@79f1f037: startup date [Mon Apr 08 09:39:29 WAT 2019]; root of context hierarchy
2019-04-08 09:39:32 - HV000001: Hibernate Validator 5.3.4.Final
2019-04-08 09:39:38 - JSR-330 'javax.inject.Inject' annotation found and supported for autowiring
2019-04-08 09:39:39 - Bean 'org.springframework.boot.autoconfigure.validation.ValidationAutoConfiguration' of type [class org.springframework.boot.autoconfigure.validation.ValidationAutoConfiguration] is not eligible for getting processed by all BeanPostProcessors (for example: not eligible for auto-proxying)
2019-04-08 09:39:39 - Bean 'validator' of type [class org.springframework.validation.beanvalidation.LocalValidatorFactoryBean] is not eligible for getting processed by all BeanPostProcessors (for example: not eligible for auto-proxying)
2019-04-08 09:39:39 - Bean 'org.springframework.ws.config.annotation.DelegatingWsConfiguration' of type [class org.springframework.ws.config.annotation.DelegatingWsConfiguration$$EnhancerBySpringCGLIB$$dadd1121] is not eligible for getting processed by all BeanPostProcessors (for example: not eligible for auto-proxying)
2019-04-08 09:39:39 - Supporting [WS-Addressing August 2004, WS-Addressing 1.0]
2019-04-08 09:39:39 - Bean 'org.springframework.transaction.annotation.ProxyTransactionManagementConfiguration' of type [class org.springframework.transaction.annotation.ProxyTransactionManagementConfiguration$$EnhancerBySpringCGLIB$$36454c22] is not eligible for getting processed by all BeanPostProcessors (for example: not eligible for auto-proxying)
2019-04-08 09:39:42 - Tomcat initialized with port(s): 8091 (http)
2019-04-08 09:39:42 - Starting service Tomcat
2019-04-08 09:39:42 - Starting Servlet Engine: Apache Tomcat/8.5.11
2019-04-08 09:39:42 - Initializing Spring embedded WebApplicationContext
2019-04-08 09:39:42 - Root WebApplicationContext: initialization completed in 13574 ms
2019-04-08 09:39:44 - Mapping filter: 'metricsFilter' to: [/*]
2019-04-08 09:39:44 - Mapping filter: 'characterEncodingFilter' to: [/*]
2019-04-08 09:39:44 - Mapping filter: 'hiddenHttpMethodFilter' to: [/*]
2019-04-08 09:39:44 - Mapping filter: 'httpPutFormContentFilter' to: [/*]
2019-04-08 09:39:44 - Mapping filter: 'requestContextFilter' to: [/*]
2019-04-08 09:39:44 - Mapping filter: 'springSecurityFilterChain' to: [/*]
2019-04-08 09:39:44 - Mapping filter: 'webRequestLoggingFilter' to: [/*]
2019-04-08 09:39:44 - Mapping filter: 'applicationContextIdFilter' to: [/*]
2019-04-08 09:39:44 - Mapping servlet: 'dispatcherServlet' to [/]
2019-04-08 09:39:44 - Mapping servlet: 'messageDispatcherServlet' to [/services/*]
2019-04-08 09:39:53 - Building JPA container EntityManagerFactory for persistence unit 'default'
2019-04-08 09:39:53 - HHH000204: Processing PersistenceUnitInfo [
	name: default
	...]
2019-04-08 09:39:53 - HHH000412: Hibernate Core {5.0.11.Final}
2019-04-08 09:39:53 - HHH000206: hibernate.properties not found
2019-04-08 09:39:54 - HHH000021: Bytecode provider name : javassist
2019-04-08 09:39:54 - HCANN000001: Hibernate Commons Annotations {5.0.1.Final}
2019-04-08 09:39:54 - HHH000400: Using dialect: org.hibernate.dialect.SQLServer2012Dialect
2019-04-08 09:39:55 - Initialized JPA EntityManagerFactory for persistence unit 'default'
2019-04-08 09:40:00 - 

Using default security password: 02eabc83-380f-4907-923b-c07813291988

2019-04-08 09:40:01 - Creating filter chain: org.springframework.security.web.util.matcher.AnyRequestMatcher@1, [org.springframework.security.web.context.request.async.WebAsyncManagerIntegrationFilter@282cf40e, org.springframework.security.web.context.SecurityContextPersistenceFilter@63dc13d9, org.springframework.security.web.header.HeaderWriterFilter@14892edc, org.springframework.security.web.authentication.logout.LogoutFilter@31d56f9b, org.springframework.security.web.savedrequest.RequestCacheAwareFilter@704048c0, org.springframework.security.web.servletapi.SecurityContextHolderAwareRequestFilter@40a29c9c, org.springframework.security.web.authentication.AnonymousAuthenticationFilter@7c17bb2e, org.springframework.security.web.session.SessionManagementFilter@66d1a45e, org.springframework.security.web.access.ExceptionTranslationFilter@4d1761d9, org.springframework.security.web.access.intercept.FilterSecurityInterceptor@74f4192d]
2019-04-08 09:40:01 - Creating filter chain: org.springframework.boot.actuate.autoconfigure.ManagementWebSecurityAutoConfiguration$LazyEndpointPathRequestMatcher@331e732d, [org.springframework.security.web.context.request.async.WebAsyncManagerIntegrationFilter@5a2ea09, org.springframework.security.web.context.SecurityContextPersistenceFilter@5c66285f, org.springframework.security.web.header.HeaderWriterFilter@753ea695, org.springframework.security.web.authentication.logout.LogoutFilter@7251acd6, org.springframework.security.web.authentication.www.BasicAuthenticationFilter@12a495c2, org.springframework.security.web.savedrequest.RequestCacheAwareFilter@3f534cb6, org.springframework.security.web.servletapi.SecurityContextHolderAwareRequestFilter@3f595fc7, org.springframework.security.web.authentication.AnonymousAuthenticationFilter@224d8d8, org.springframework.security.web.session.SessionManagementFilter@1853b096, org.springframework.security.web.access.ExceptionTranslationFilter@211859dc, org.springframework.security.web.access.intercept.FilterSecurityInterceptor@2d325963]
2019-04-08 09:40:01 - Looking for @ControllerAdvice: org.springframework.boot.context.embedded.AnnotationConfigEmbeddedWebApplicationContext@79f1f037: startup date [Mon Apr 08 09:39:29 WAT 2019]; root of context hierarchy
2019-04-08 09:40:03 - Mapped "{[/retailpayments],methods=[POST],consumes=[application/json],produces=[application/json]}" onto public com.xpresspayments.ZenithBank.model.response.TransferResponse com.xpresspayments.ZenithBank.controller.ZenithController.retailPayment(com.xpresspayments.ZenithBank.model.request.TransferRequest) throws java.lang.Exception
2019-04-08 09:40:03 - Mapped "{[/nameenquiry],methods=[POST],consumes=[application/json],produces=[application/json]}" onto public org.springframework.http.ResponseEntity<com.xpresspayments.ZenithBank.model.response.ZenithBankApiResponse> com.xpresspayments.ZenithBank.controller.ZenithController.validateAccount(com.xpresspayments.ZenithBank.model.XPDirect.Model.request.ApiAccountValidationRequest) throws java.lang.Exception
2019-04-08 09:40:03 - Mapped "{[/payment],methods=[POST],consumes=[application/json],produces=[application/json]}" onto public com.xpresspayments.ZenithBank.model.XPDirect.Model.response.ApiOutFlowResponse com.xpresspayments.ZenithBank.controller.ZenithController.OutFlow(com.xpresspayments.ZenithBank.model.XPDirect.Model.request.ApiOutFlowRequest) throws java.lang.Exception
2019-04-08 09:40:03 - Mapped "{[/inflow],methods=[POST],consumes=[application/json],produces=[application/json]}" onto public com.xpresspayments.ZenithBank.model.response.InflowResponse com.xpresspayments.ZenithBank.controller.ZenithController.InFlow(com.xpresspayments.ZenithBank.model.request.InflowRequest) throws java.lang.Exception
2019-04-08 09:40:03 - Mapped "{[/otp],methods=[POST],consumes=[application/json],produces=[application/json]}" onto public com.xpresspayments.ZenithBank.model.XPDirect.Model.response.ApiTokenResponse com.xpresspayments.ZenithBank.controller.ZenithController.Token(com.xpresspayments.ZenithBank.model.XPDirect.Model.request.ApiTokenRequest) throws java.lang.Exception
2019-04-08 09:40:03 - Mapped "{[/accountbalances],methods=[POST],consumes=[application/json],produces=[application/json]}" onto public com.xpresspayments.ZenithBank.model.XPDirect.Model.response.ApiBalanceRetrivalResponse com.xpresspayments.ZenithBank.controller.ZenithController.Balance(com.xpresspayments.ZenithBank.model.XPDirect.Model.request.ApiBalanceRetrivalRequest) throws java.lang.Exception
2019-04-08 09:40:03 - Mapped "{[/requery],methods=[POST],consumes=[application/json],produces=[application/json]}" onto public com.xpresspayments.ZenithBank.model.response.TransactionStatusResponse com.xpresspayments.ZenithBank.controller.ZenithController.Requery(com.xpresspayments.ZenithBank.model.request.TransactionStatusRequest) throws java.lang.Exception
2019-04-08 09:40:03 - Mapped "{[/batch],methods=[POST],consumes=[application/json],produces=[application/json]}" onto public com.xpresspayments.ZenithBank.model.response.BatchResponse com.xpresspayments.ZenithBank.controller.ZenithController.createBatch(com.xpresspayments.ZenithBank.model.request.BatchRequest) throws java.lang.Exception
2019-04-08 09:40:03 - Mapped "{[/upload],methods=[POST],consumes=[application/json],produces=[application/json]}" onto public com.xpresspayments.ZenithBank.model.response.UploadResponse com.xpresspayments.ZenithBank.controller.ZenithController.uploads(com.xpresspayments.ZenithBank.model.request.UploadRequest) throws java.lang.Exception
2019-04-08 09:40:03 - Mapped "{[/batchStatus],methods=[POST],consumes=[application/json],produces=[application/json]}" onto public com.xpresspayments.ZenithBank.model.response.BatchStatusResponse com.xpresspayments.ZenithBank.controller.ZenithController.uploads(com.xpresspayments.ZenithBank.model.request.BatchStatusRequest) throws java.lang.Exception
2019-04-08 09:40:03 - Mapped "{[/error]}" onto public org.springframework.http.ResponseEntity<java.util.Map<java.lang.String, java.lang.Object>> org.springframework.boot.autoconfigure.web.BasicErrorController.error(javax.servlet.http.HttpServletRequest)
2019-04-08 09:40:03 - Mapped "{[/error],produces=[text/html]}" onto public org.springframework.web.servlet.ModelAndView org.springframework.boot.autoconfigure.web.BasicErrorController.errorHtml(javax.servlet.http.HttpServletRequest,javax.servlet.http.HttpServletResponse)
2019-04-08 09:40:03 - Mapped URL path [/webjars/**] onto handler of type [class org.springframework.web.servlet.resource.ResourceHttpRequestHandler]
2019-04-08 09:40:03 - Mapped URL path [/**] onto handler of type [class org.springframework.web.servlet.resource.ResourceHttpRequestHandler]
2019-04-08 09:40:03 - Detected @ExceptionHandler methods in errorHandler
2019-04-08 09:40:03 - Mapped URL path [/**/favicon.ico] onto handler of type [class org.springframework.web.servlet.resource.ResourceHttpRequestHandler]
2019-04-08 09:40:08 - Mapped "{[/env/{name:.*}],methods=[GET],produces=[application/vnd.spring-boot.actuator.v1+json || application/json]}" onto public java.lang.Object org.springframework.boot.actuate.endpoint.mvc.EnvironmentMvcEndpoint.value(java.lang.String)
2019-04-08 09:40:08 - Mapped "{[/env || /env.json],methods=[GET],produces=[application/vnd.spring-boot.actuator.v1+json || application/json]}" onto public java.lang.Object org.springframework.boot.actuate.endpoint.mvc.EndpointMvcAdapter.invoke()
2019-04-08 09:40:08 - Mapped "{[/beans || /beans.json],methods=[GET],produces=[application/vnd.spring-boot.actuator.v1+json || application/json]}" onto public java.lang.Object org.springframework.boot.actuate.endpoint.mvc.EndpointMvcAdapter.invoke()
2019-04-08 09:40:08 - Mapped "{[/trace || /trace.json],methods=[GET],produces=[application/vnd.spring-boot.actuator.v1+json || application/json]}" onto public java.lang.Object org.springframework.boot.actuate.endpoint.mvc.EndpointMvcAdapter.invoke()
2019-04-08 09:40:08 - Mapped "{[/metrics/{name:.*}],methods=[GET],produces=[application/vnd.spring-boot.actuator.v1+json || application/json]}" onto public java.lang.Object org.springframework.boot.actuate.endpoint.mvc.MetricsMvcEndpoint.value(java.lang.String)
2019-04-08 09:40:08 - Mapped "{[/metrics || /metrics.json],methods=[GET],produces=[application/vnd.spring-boot.actuator.v1+json || application/json]}" onto public java.lang.Object org.springframework.boot.actuate.endpoint.mvc.EndpointMvcAdapter.invoke()
2019-04-08 09:40:08 - Mapped "{[/loggers/{name:.*}],methods=[GET],produces=[application/vnd.spring-boot.actuator.v1+json || application/json]}" onto public java.lang.Object org.springframework.boot.actuate.endpoint.mvc.LoggersMvcEndpoint.get(java.lang.String)
2019-04-08 09:40:08 - Mapped "{[/loggers/{name:.*}],methods=[POST],consumes=[application/vnd.spring-boot.actuator.v1+json || application/json],produces=[application/vnd.spring-boot.actuator.v1+json || application/json]}" onto public java.lang.Object org.springframework.boot.actuate.endpoint.mvc.LoggersMvcEndpoint.set(java.lang.String,java.util.Map<java.lang.String, java.lang.String>)
2019-04-08 09:40:08 - Mapped "{[/loggers || /loggers.json],methods=[GET],produces=[application/vnd.spring-boot.actuator.v1+json || application/json]}" onto public java.lang.Object org.springframework.boot.actuate.endpoint.mvc.EndpointMvcAdapter.invoke()
2019-04-08 09:40:08 - Mapped "{[/autoconfig || /autoconfig.json],methods=[GET],produces=[application/vnd.spring-boot.actuator.v1+json || application/json]}" onto public java.lang.Object org.springframework.boot.actuate.endpoint.mvc.EndpointMvcAdapter.invoke()
2019-04-08 09:40:08 - Mapped "{[/mappings || /mappings.json],methods=[GET],produces=[application/vnd.spring-boot.actuator.v1+json || application/json]}" onto public java.lang.Object org.springframework.boot.actuate.endpoint.mvc.EndpointMvcAdapter.invoke()
2019-04-08 09:40:08 - Mapped "{[/info || /info.json],methods=[GET],produces=[application/vnd.spring-boot.actuator.v1+json || application/json]}" onto public java.lang.Object org.springframework.boot.actuate.endpoint.mvc.EndpointMvcAdapter.invoke()
2019-04-08 09:40:08 - Mapped "{[/health || /health.json],methods=[GET],produces=[application/vnd.spring-boot.actuator.v1+json || application/json]}" onto public java.lang.Object org.springframework.boot.actuate.endpoint.mvc.HealthMvcEndpoint.invoke(javax.servlet.http.HttpServletRequest)
2019-04-08 09:40:08 - Mapped "{[/configprops || /configprops.json],methods=[GET],produces=[application/vnd.spring-boot.actuator.v1+json || application/json]}" onto public java.lang.Object org.springframework.boot.actuate.endpoint.mvc.EndpointMvcAdapter.invoke()
2019-04-08 09:40:08 - Mapped "{[/heapdump || /heapdump.json],methods=[GET],produces=[application/octet-stream]}" onto public void org.springframework.boot.actuate.endpoint.mvc.HeapdumpMvcEndpoint.invoke(boolean,javax.servlet.http.HttpServletRequest,javax.servlet.http.HttpServletResponse) throws java.io.IOException,javax.servlet.ServletException
2019-04-08 09:40:08 - Mapped "{[/dump || /dump.json],methods=[GET],produces=[application/vnd.spring-boot.actuator.v1+json || application/json]}" onto public java.lang.Object org.springframework.boot.actuate.endpoint.mvc.EndpointMvcAdapter.invoke()
2019-04-08 09:40:08 - Mapped "{[/auditevents || /auditevents.json],methods=[GET],produces=[application/vnd.spring-boot.actuator.v1+json || application/json]}" onto public org.springframework.http.ResponseEntity<?> org.springframework.boot.actuate.endpoint.mvc.AuditEventsMvcEndpoint.findByPrincipalAndAfterAndType(java.lang.String,java.util.Date,java.lang.String)
2019-04-08 09:40:09 - LiveReload server is running on port 35729
2019-04-08 09:40:11 - Registering beans for JMX exposure on startup
2019-04-08 09:40:11 - Registering beans for JMX exposure on startup
2019-04-08 09:40:11 - Starting beans in phase 0
2019-04-08 09:40:11 - Located managed bean 'auditEventsEndpoint': registering with JMX server as MBean [org.springframework.boot:type=Endpoint,name=auditEventsEndpoint]
2019-04-08 09:40:12 - Located managed bean 'requestMappingEndpoint': registering with JMX server as MBean [org.springframework.boot:type=Endpoint,name=requestMappingEndpoint]
2019-04-08 09:40:12 - Located managed bean 'environmentEndpoint': registering with JMX server as MBean [org.springframework.boot:type=Endpoint,name=environmentEndpoint]
2019-04-08 09:40:12 - Located managed bean 'healthEndpoint': registering with JMX server as MBean [org.springframework.boot:type=Endpoint,name=healthEndpoint]
2019-04-08 09:40:12 - Located managed bean 'beansEndpoint': registering with JMX server as MBean [org.springframework.boot:type=Endpoint,name=beansEndpoint]
2019-04-08 09:40:12 - Located managed bean 'infoEndpoint': registering with JMX server as MBean [org.springframework.boot:type=Endpoint,name=infoEndpoint]
2019-04-08 09:40:12 - Located managed bean 'loggersEndpoint': registering with JMX server as MBean [org.springframework.boot:type=Endpoint,name=loggersEndpoint]
2019-04-08 09:40:12 - Located managed bean 'metricsEndpoint': registering with JMX server as MBean [org.springframework.boot:type=Endpoint,name=metricsEndpoint]
2019-04-08 09:40:12 - Located managed bean 'traceEndpoint': registering with JMX server as MBean [org.springframework.boot:type=Endpoint,name=traceEndpoint]
2019-04-08 09:40:12 - Located managed bean 'dumpEndpoint': registering with JMX server as MBean [org.springframework.boot:type=Endpoint,name=dumpEndpoint]
2019-04-08 09:40:12 - Located managed bean 'autoConfigurationReportEndpoint': registering with JMX server as MBean [org.springframework.boot:type=Endpoint,name=autoConfigurationReportEndpoint]
2019-04-08 09:40:12 - Located managed bean 'configurationPropertiesReportEndpoint': registering with JMX server as MBean [org.springframework.boot:type=Endpoint,name=configurationPropertiesReportEndpoint]
2019-04-08 09:40:13 - Initializing ProtocolHandler ["http-nio-8091"]
2019-04-08 09:40:13 - Starting ProtocolHandler [http-nio-8091]
2019-04-08 09:40:13 - Using a shared selector for servlet write/read
2019-04-08 09:40:13 - Tomcat started on port(s): 8091 (http)
2019-04-08 09:40:13 - Started ZenithbankApiApplication in 46.814 seconds (JVM running for 53.015)
