2018-11-19 08:13:50 - Neither @ContextConfiguration nor @ContextHierarchy found for test class [com.xpresspayments.ZenithBank.ZenithbankApiApplicationTests], using SpringBootContextLoader
2018-11-19 08:13:50 - Could not detect default resource locations for test class [com.xpresspayments.ZenithBank.ZenithbankApiApplicationTests]: no resource found for suffixes {-context.xml, Context.groovy}.
2018-11-19 08:13:50 - Could not detect default configuration classes for test class [com.xpresspayments.ZenithBank.ZenithbankApiApplicationTests]: GtbankApiApplicationTests does not declare any static, non-private, non-final, nested classes annotated with @Configuration.
2018-11-19 08:13:50 - Found @SpringBootConfiguration com.xpresspayments.ZenithBank.ZenithbankApiApplication for test class com.xpresspayments.ZenithBank.ZenithbankApiApplicationTests
2018-11-19 08:13:50 - Loaded default TestExecutionListener class names from location [META-INF/spring.factories]: [org.springframework.boot.test.mock.mockito.MockitoTestExecutionListener, org.springframework.boot.test.mock.mockito.ResetMocksTestExecutionListener, org.springframework.boot.test.autoconfigure.restdocs.RestDocsTestExecutionListener, org.springframework.boot.test.autoconfigure.web.client.MockRestServiceServerResetTestExecutionListener, org.springframework.boot.test.autoconfigure.web.servlet.MockMvcPrintOnlyOnFailureTestExecutionListener, org.springframework.boot.test.autoconfigure.web.servlet.WebDriverTestExecutionListener, org.springframework.test.context.web.ServletTestExecutionListener, org.springframework.test.context.support.DirtiesContextBeforeModesTestExecutionListener, org.springframework.test.context.support.DependencyInjectionTestExecutionListener, org.springframework.test.context.support.DirtiesContextTestExecutionListener, org.springframework.test.context.transaction.TransactionalTestExecutionListener, org.springframework.test.context.jdbc.SqlScriptsTestExecutionListener]
2018-11-19 08:13:50 - Using TestExecutionListeners: [org.springframework.test.context.web.ServletTestExecutionListener@4d9e68d0, org.springframework.test.context.support.DirtiesContextBeforeModesTestExecutionListener@42e99e4a, org.springframework.boot.test.autoconfigure.SpringBootDependencyInjectionTestExecutionListener@14dd9eb7, org.springframework.test.context.support.DirtiesContextTestExecutionListener@52e6fdee, org.springframework.test.context.transaction.TransactionalTestExecutionListener@6c80d78a, org.springframework.test.context.jdbc.SqlScriptsTestExecutionListener@62150f9e, org.springframework.boot.test.mock.mockito.MockitoTestExecutionListener@1a451d4d, org.springframework.boot.test.autoconfigure.web.servlet.MockMvcPrintOnlyOnFailureTestExecutionListener@7fa98a66, org.springframework.boot.test.autoconfigure.web.servlet.WebDriverTestExecutionListener@15ff3e9e, org.springframework.boot.test.mock.mockito.ResetMocksTestExecutionListener@5fdcaa40, org.springframework.boot.test.autoconfigure.web.client.MockRestServiceServerResetTestExecutionListener@6dc17b83, org.springframework.boot.test.autoconfigure.restdocs.RestDocsTestExecutionListener@5e0826e7]
2018-11-19 08:13:50 - Neither @ContextConfiguration nor @ContextHierarchy found for test class [com.xpresspayments.ZenithBank.ZenithbankApiApplicationTests], using SpringBootContextLoader
2018-11-19 08:13:50 - Could not detect default resource locations for test class [com.xpresspayments.ZenithBank.ZenithbankApiApplicationTests]: no resource found for suffixes {-context.xml, Context.groovy}.
2018-11-19 08:13:50 - Could not detect default configuration classes for test class [com.xpresspayments.ZenithBank.ZenithbankApiApplicationTests]: GtbankApiApplicationTests does not declare any static, non-private, non-final, nested classes annotated with @Configuration.
2018-11-19 08:13:50 - Found @SpringBootConfiguration com.xpresspayments.ZenithBank.ZenithbankApiApplication for test class com.xpresspayments.ZenithBank.ZenithbankApiApplicationTests
2018-11-19 08:13:50 - Loaded default TestExecutionListener class names from location [META-INF/spring.factories]: [org.springframework.boot.test.mock.mockito.MockitoTestExecutionListener, org.springframework.boot.test.mock.mockito.ResetMocksTestExecutionListener, org.springframework.boot.test.autoconfigure.restdocs.RestDocsTestExecutionListener, org.springframework.boot.test.autoconfigure.web.client.MockRestServiceServerResetTestExecutionListener, org.springframework.boot.test.autoconfigure.web.servlet.MockMvcPrintOnlyOnFailureTestExecutionListener, org.springframework.boot.test.autoconfigure.web.servlet.WebDriverTestExecutionListener, org.springframework.test.context.web.ServletTestExecutionListener, org.springframework.test.context.support.DirtiesContextBeforeModesTestExecutionListener, org.springframework.test.context.support.DependencyInjectionTestExecutionListener, org.springframework.test.context.support.DirtiesContextTestExecutionListener, org.springframework.test.context.transaction.TransactionalTestExecutionListener, org.springframework.test.context.jdbc.SqlScriptsTestExecutionListener]
2018-11-19 08:13:50 - Using TestExecutionListeners: [org.springframework.test.context.web.ServletTestExecutionListener@7d8995e, org.springframework.test.context.support.DirtiesContextBeforeModesTestExecutionListener@130d63be, org.springframework.boot.test.autoconfigure.SpringBootDependencyInjectionTestExecutionListener@42a48628, org.springframework.test.context.support.DirtiesContextTestExecutionListener@293a5bf6, org.springframework.test.context.transaction.TransactionalTestExecutionListener@6aeb35e6, org.springframework.test.context.jdbc.SqlScriptsTestExecutionListener@1283bb96, org.springframework.boot.test.mock.mockito.MockitoTestExecutionListener@74f0ea28, org.springframework.boot.test.autoconfigure.web.servlet.MockMvcPrintOnlyOnFailureTestExecutionListener@f6efaab, org.springframework.boot.test.autoconfigure.web.servlet.WebDriverTestExecutionListener@3c19aaa5, org.springframework.boot.test.mock.mockito.ResetMocksTestExecutionListener@3349e9bb, org.springframework.boot.test.autoconfigure.web.client.MockRestServiceServerResetTestExecutionListener@409bf450, org.springframework.boot.test.autoconfigure.restdocs.RestDocsTestExecutionListener@38d8f54a]
2018-11-19 08:13:51 - Starting GtbankApiApplicationTests on SOLDEV28 with PID 18852 (started by amaechi.ekene in C:\Users\amaechi.ekene\Desktop\gtbank-api)
2018-11-19 08:13:51 - No active profile set, falling back to default profiles: default
2018-11-19 08:13:51 - Refreshing org.springframework.web.context.support.GenericWebApplicationContext@7ae0a9ec: startup date [Mon Nov 19 08:13:51 WAT 2018]; root of context hierarchy
2018-11-19 08:13:53 - HV000001: Hibernate Validator 5.3.4.Final
2018-11-19 08:13:55 - JSR-330 'javax.inject.Inject' annotation found and supported for autowiring
2018-11-19 08:13:55 - Bean 'org.springframework.boot.autoconfigure.validation.ValidationAutoConfiguration' of type [class org.springframework.boot.autoconfigure.validation.ValidationAutoConfiguration] is not eligible for getting processed by all BeanPostProcessors (for example: not eligible for auto-proxying)
2018-11-19 08:13:55 - Bean 'validator' of type [class org.springframework.validation.beanvalidation.LocalValidatorFactoryBean] is not eligible for getting processed by all BeanPostProcessors (for example: not eligible for auto-proxying)
2018-11-19 08:13:55 - Bean 'org.springframework.ws.config.annotation.DelegatingWsConfiguration' of type [class org.springframework.ws.config.annotation.DelegatingWsConfiguration$$EnhancerBySpringCGLIB$$aca1d25d] is not eligible for getting processed by all BeanPostProcessors (for example: not eligible for auto-proxying)
2018-11-19 08:13:55 - Supporting [WS-Addressing August 2004, WS-Addressing 1.0]
2018-11-19 08:13:55 - Bean 'org.springframework.transaction.annotation.ProxyTransactionManagementConfiguration' of type [class org.springframework.transaction.annotation.ProxyTransactionManagementConfiguration$$EnhancerBySpringCGLIB$$80a0d5e] is not eligible for getting processed by all BeanPostProcessors (for example: not eligible for auto-proxying)
2018-11-19 08:14:11 - Unable to create initial connections of pool.
com.microsoft.sqlserver.jdbc.SQLServerException: The TCP/IP connection to the host 172.21.7.25, port 1514 has failed. Error: "No route to host: no further information. Verify the connection properties. Make sure that an instance of SQL Server is running on the host and accepting TCP/IP connections at the port. Make sure that TCP connections to the port are not blocked by a firewall.".
	at com.microsoft.sqlserver.jdbc.SQLServerException.makeFromDriverError(SQLServerException.java:206)
	at com.microsoft.sqlserver.jdbc.SQLServerException.ConvertConnectExceptionToSQLServerException(SQLServerException.java:257)
	at com.microsoft.sqlserver.jdbc.SocketFinder.findSocket(IOBuffer.java:2385)
	at com.microsoft.sqlserver.jdbc.TDSChannel.open(IOBuffer.java:567)
	at com.microsoft.sqlserver.jdbc.SQLServerConnection.connectHelper(SQLServerConnection.java:1955)
	at com.microsoft.sqlserver.jdbc.SQLServerConnection.login(SQLServerConnection.java:1616)
	at com.microsoft.sqlserver.jdbc.SQLServerConnection.connectInternal(SQLServerConnection.java:1447)
	at com.microsoft.sqlserver.jdbc.SQLServerConnection.connect(SQLServerConnection.java:788)
	at com.microsoft.sqlserver.jdbc.SQLServerDriver.connect(SQLServerDriver.java:1187)
	at org.apache.tomcat.jdbc.pool.PooledConnection.connectUsingDriver(PooledConnection.java:310)
	at org.apache.tomcat.jdbc.pool.PooledConnection.connect(PooledConnection.java:203)
	at org.apache.tomcat.jdbc.pool.ConnectionPool.createConnection(ConnectionPool.java:732)
	at org.apache.tomcat.jdbc.pool.ConnectionPool.borrowConnection(ConnectionPool.java:664)
	at org.apache.tomcat.jdbc.pool.ConnectionPool.init(ConnectionPool.java:479)
	at org.apache.tomcat.jdbc.pool.ConnectionPool.<init>(ConnectionPool.java:154)
	at org.apache.tomcat.jdbc.pool.DataSourceProxy.pCreatePool(DataSourceProxy.java:118)
	at org.apache.tomcat.jdbc.pool.DataSourceProxy.createPool(DataSourceProxy.java:107)
	at org.apache.tomcat.jdbc.pool.DataSourceProxy.getConnection(DataSourceProxy.java:131)
	at org.springframework.jdbc.datasource.DataSourceUtils.doGetConnection(DataSourceUtils.java:111)
	at org.springframework.jdbc.datasource.DataSourceUtils.getConnection(DataSourceUtils.java:77)
	at org.springframework.jdbc.support.JdbcUtils.extractDatabaseMetaData(JdbcUtils.java:326)
	at org.springframework.jdbc.support.JdbcUtils.extractDatabaseMetaData(JdbcUtils.java:366)
	at org.springframework.boot.autoconfigure.orm.jpa.DatabaseLookup.getDatabase(DatabaseLookup.java:72)
	at org.springframework.boot.autoconfigure.orm.jpa.JpaProperties.determineDatabase(JpaProperties.java:139)
	at org.springframework.boot.autoconfigure.orm.jpa.JpaBaseConfiguration.jpaVendorAdapter(JpaBaseConfiguration.java:105)
	at org.springframework.boot.autoconfigure.orm.jpa.HibernateJpaAutoConfiguration$$EnhancerBySpringCGLIB$$7190717e.CGLIB$jpaVendorAdapter$6(<generated>)
	at org.springframework.boot.autoconfigure.orm.jpa.HibernateJpaAutoConfiguration$$EnhancerBySpringCGLIB$$7190717e$$FastClassBySpringCGLIB$$d8134d97.invoke(<generated>)
	at org.springframework.cglib.proxy.MethodProxy.invokeSuper(MethodProxy.java:228)
	at org.springframework.context.annotation.ConfigurationClassEnhancer$BeanMethodInterceptor.intercept(ConfigurationClassEnhancer.java:356)
	at org.springframework.boot.autoconfigure.orm.jpa.HibernateJpaAutoConfiguration$$EnhancerBySpringCGLIB$$7190717e.jpaVendorAdapter(<generated>)
	at sun.reflect.NativeMethodAccessorImpl.invoke0(Native Method)
	at sun.reflect.NativeMethodAccessorImpl.invoke(NativeMethodAccessorImpl.java:62)
	at sun.reflect.DelegatingMethodAccessorImpl.invoke(DelegatingMethodAccessorImpl.java:43)
	at java.lang.reflect.Method.invoke(Method.java:498)
	at org.springframework.beans.factory.support.SimpleInstantiationStrategy.instantiate(SimpleInstantiationStrategy.java:162)
	at org.springframework.beans.factory.support.ConstructorResolver.instantiateUsingFactoryMethod(ConstructorResolver.java:588)
	at org.springframework.beans.factory.support.AbstractAutowireCapableBeanFactory.instantiateUsingFactoryMethod(AbstractAutowireCapableBeanFactory.java:1173)
	at org.springframework.beans.factory.support.AbstractAutowireCapableBeanFactory.createBeanInstance(AbstractAutowireCapableBeanFactory.java:1067)
	at org.springframework.beans.factory.support.AbstractAutowireCapableBeanFactory.doCreateBean(AbstractAutowireCapableBeanFactory.java:513)
	at org.springframework.beans.factory.support.AbstractAutowireCapableBeanFactory.createBean(AbstractAutowireCapableBeanFactory.java:483)
	at org.springframework.beans.factory.support.AbstractBeanFactory$1.getObject(AbstractBeanFactory.java:306)
	at org.springframework.beans.factory.support.DefaultSingletonBeanRegistry.getSingleton(DefaultSingletonBeanRegistry.java:230)
	at org.springframework.beans.factory.support.AbstractBeanFactory.doGetBean(AbstractBeanFactory.java:302)
	at org.springframework.beans.factory.support.AbstractBeanFactory.getBean(AbstractBeanFactory.java:202)
	at org.springframework.beans.factory.config.DependencyDescriptor.resolveCandidate(DependencyDescriptor.java:208)
	at org.springframework.beans.factory.support.DefaultListableBeanFactory.doResolveDependency(DefaultListableBeanFactory.java:1138)
	at org.springframework.beans.factory.support.DefaultListableBeanFactory.resolveDependency(DefaultListableBeanFactory.java:1066)
	at org.springframework.beans.factory.support.ConstructorResolver.resolveAutowiredArgument(ConstructorResolver.java:835)
	at org.springframework.beans.factory.support.ConstructorResolver.createArgumentArray(ConstructorResolver.java:741)
	at org.springframework.beans.factory.support.ConstructorResolver.instantiateUsingFactoryMethod(ConstructorResolver.java:467)
	at org.springframework.beans.factory.support.AbstractAutowireCapableBeanFactory.instantiateUsingFactoryMethod(AbstractAutowireCapableBeanFactory.java:1173)
	at org.springframework.beans.factory.support.AbstractAutowireCapableBeanFactory.createBeanInstance(AbstractAutowireCapableBeanFactory.java:1067)
	at org.springframework.beans.factory.support.AbstractAutowireCapableBeanFactory.doCreateBean(AbstractAutowireCapableBeanFactory.java:513)
	at org.springframework.beans.factory.support.AbstractAutowireCapableBeanFactory.createBean(AbstractAutowireCapableBeanFactory.java:483)
	at org.springframework.beans.factory.support.AbstractBeanFactory$1.getObject(AbstractBeanFactory.java:306)
	at org.springframework.beans.factory.support.DefaultSingletonBeanRegistry.getSingleton(DefaultSingletonBeanRegistry.java:230)
	at org.springframework.beans.factory.support.AbstractBeanFactory.doGetBean(AbstractBeanFactory.java:302)
	at org.springframework.beans.factory.support.AbstractBeanFactory.getBean(AbstractBeanFactory.java:202)
	at org.springframework.beans.factory.config.DependencyDescriptor.resolveCandidate(DependencyDescriptor.java:208)
	at org.springframework.beans.factory.support.DefaultListableBeanFactory.doResolveDependency(DefaultListableBeanFactory.java:1138)
	at org.springframework.beans.factory.support.DefaultListableBeanFactory.resolveDependency(DefaultListableBeanFactory.java:1066)
	at org.springframework.beans.factory.support.ConstructorResolver.resolveAutowiredArgument(ConstructorResolver.java:835)
	at org.springframework.beans.factory.support.ConstructorResolver.createArgumentArray(ConstructorResolver.java:741)
	at org.springframework.beans.factory.support.ConstructorResolver.instantiateUsingFactoryMethod(ConstructorResolver.java:467)
	at org.springframework.beans.factory.support.AbstractAutowireCapableBeanFactory.instantiateUsingFactoryMethod(AbstractAutowireCapableBeanFactory.java:1173)
	at org.springframework.beans.factory.support.AbstractAutowireCapableBeanFactory.createBeanInstance(AbstractAutowireCapableBeanFactory.java:1067)
	at org.springframework.beans.factory.support.AbstractAutowireCapableBeanFactory.doCreateBean(AbstractAutowireCapableBeanFactory.java:513)
	at org.springframework.beans.factory.support.AbstractAutowireCapableBeanFactory.createBean(AbstractAutowireCapableBeanFactory.java:483)
	at org.springframework.beans.factory.support.AbstractBeanFactory$1.getObject(AbstractBeanFactory.java:306)
	at org.springframework.beans.factory.support.DefaultSingletonBeanRegistry.getSingleton(DefaultSingletonBeanRegistry.java:230)
	at org.springframework.beans.factory.support.AbstractBeanFactory.doGetBean(AbstractBeanFactory.java:302)
	at org.springframework.beans.factory.support.AbstractBeanFactory.getBean(AbstractBeanFactory.java:197)
	at org.springframework.context.support.AbstractApplicationContext.getBean(AbstractApplicationContext.java:1081)
	at org.springframework.context.support.AbstractApplicationContext.finishBeanFactoryInitialization(AbstractApplicationContext.java:856)
	at org.springframework.context.support.AbstractApplicationContext.refresh(AbstractApplicationContext.java:542)
	at org.springframework.boot.SpringApplication.refresh(SpringApplication.java:737)
	at org.springframework.boot.SpringApplication.refreshContext(SpringApplication.java:370)
	at org.springframework.boot.SpringApplication.run(SpringApplication.java:314)
	at org.springframework.boot.test.context.SpringBootContextLoader.loadContext(SpringBootContextLoader.java:120)
	at org.springframework.test.context.cache.DefaultCacheAwareContextLoaderDelegate.loadContextInternal(DefaultCacheAwareContextLoaderDelegate.java:98)
	at org.springframework.test.context.cache.DefaultCacheAwareContextLoaderDelegate.loadContext(DefaultCacheAwareContextLoaderDelegate.java:116)
	at org.springframework.test.context.support.DefaultTestContext.getApplicationContext(DefaultTestContext.java:83)
	at org.springframework.test.context.web.ServletTestExecutionListener.setUpRequestContextIfNecessary(ServletTestExecutionListener.java:189)
	at org.springframework.test.context.web.ServletTestExecutionListener.prepareTestInstance(ServletTestExecutionListener.java:131)
	at org.springframework.test.context.TestContextManager.prepareTestInstance(TestContextManager.java:230)
	at org.springframework.test.context.junit4.SpringJUnit4ClassRunner.createTest(SpringJUnit4ClassRunner.java:228)
	at org.springframework.test.context.junit4.SpringJUnit4ClassRunner$1.runReflectiveCall(SpringJUnit4ClassRunner.java:287)
	at org.junit.internal.runners.model.ReflectiveCallable.run(ReflectiveCallable.java:12)
	at org.springframework.test.context.junit4.SpringJUnit4ClassRunner.methodBlock(SpringJUnit4ClassRunner.java:289)
	at org.springframework.test.context.junit4.SpringJUnit4ClassRunner.runChild(SpringJUnit4ClassRunner.java:247)
	at org.springframework.test.context.junit4.SpringJUnit4ClassRunner.runChild(SpringJUnit4ClassRunner.java:94)
	at org.junit.runners.ParentRunner$3.run(ParentRunner.java:290)
	at org.junit.runners.ParentRunner$1.schedule(ParentRunner.java:71)
	at org.junit.runners.ParentRunner.runChildren(ParentRunner.java:288)
	at org.junit.runners.ParentRunner.access$000(ParentRunner.java:58)
	at org.junit.runners.ParentRunner$2.evaluate(ParentRunner.java:268)
	at org.springframework.test.context.junit4.statements.RunBeforeTestClassCallbacks.evaluate(RunBeforeTestClassCallbacks.java:61)
	at org.springframework.test.context.junit4.statements.RunAfterTestClassCallbacks.evaluate(RunAfterTestClassCallbacks.java:70)
	at org.junit.runners.ParentRunner.run(ParentRunner.java:363)
	at org.springframework.test.context.junit4.SpringJUnit4ClassRunner.run(SpringJUnit4ClassRunner.java:191)
	at org.apache.maven.surefire.junit4.JUnit4Provider.execute(JUnit4Provider.java:283)
	at org.apache.maven.surefire.junit4.JUnit4Provider.executeWithRerun(JUnit4Provider.java:173)
	at org.apache.maven.surefire.junit4.JUnit4Provider.executeTestSet(JUnit4Provider.java:153)
	at org.apache.maven.surefire.junit4.JUnit4Provider.invoke(JUnit4Provider.java:128)
	at org.apache.maven.surefire.booter.ForkedBooter.invokeProviderInSameClassLoader(ForkedBooter.java:203)
	at org.apache.maven.surefire.booter.ForkedBooter.runSuitesInProcess(ForkedBooter.java:155)
	at org.apache.maven.surefire.booter.ForkedBooter.main(ForkedBooter.java:103)
2018-11-19 08:14:11 - Unable to determine jdbc url from datasource
org.springframework.jdbc.support.MetaDataAccessException: Could not get Connection for extracting meta data; nested exception is org.springframework.jdbc.CannotGetJdbcConnectionException: Could not get JDBC Connection; nested exception is com.microsoft.sqlserver.jdbc.SQLServerException: The TCP/IP connection to the host 172.21.7.25, port 1514 has failed. Error: "No route to host: no further information. Verify the connection properties. Make sure that an instance of SQL Server is running on the host and accepting TCP/IP connections at the port. Make sure that TCP connections to the port are not blocked by a firewall.".
	at org.springframework.jdbc.support.JdbcUtils.extractDatabaseMetaData(JdbcUtils.java:339)
	at org.springframework.jdbc.support.JdbcUtils.extractDatabaseMetaData(JdbcUtils.java:366)
	at org.springframework.boot.autoconfigure.orm.jpa.DatabaseLookup.getDatabase(DatabaseLookup.java:72)
	at org.springframework.boot.autoconfigure.orm.jpa.JpaProperties.determineDatabase(JpaProperties.java:139)
	at org.springframework.boot.autoconfigure.orm.jpa.JpaBaseConfiguration.jpaVendorAdapter(JpaBaseConfiguration.java:105)
	at org.springframework.boot.autoconfigure.orm.jpa.HibernateJpaAutoConfiguration$$EnhancerBySpringCGLIB$$7190717e.CGLIB$jpaVendorAdapter$6(<generated>)
	at org.springframework.boot.autoconfigure.orm.jpa.HibernateJpaAutoConfiguration$$EnhancerBySpringCGLIB$$7190717e$$FastClassBySpringCGLIB$$d8134d97.invoke(<generated>)
	at org.springframework.cglib.proxy.MethodProxy.invokeSuper(MethodProxy.java:228)
	at org.springframework.context.annotation.ConfigurationClassEnhancer$BeanMethodInterceptor.intercept(ConfigurationClassEnhancer.java:356)
	at org.springframework.boot.autoconfigure.orm.jpa.HibernateJpaAutoConfiguration$$EnhancerBySpringCGLIB$$7190717e.jpaVendorAdapter(<generated>)
	at sun.reflect.NativeMethodAccessorImpl.invoke0(Native Method)
	at sun.reflect.NativeMethodAccessorImpl.invoke(NativeMethodAccessorImpl.java:62)
	at sun.reflect.DelegatingMethodAccessorImpl.invoke(DelegatingMethodAccessorImpl.java:43)
	at java.lang.reflect.Method.invoke(Method.java:498)
	at org.springframework.beans.factory.support.SimpleInstantiationStrategy.instantiate(SimpleInstantiationStrategy.java:162)
	at org.springframework.beans.factory.support.ConstructorResolver.instantiateUsingFactoryMethod(ConstructorResolver.java:588)
	at org.springframework.beans.factory.support.AbstractAutowireCapableBeanFactory.instantiateUsingFactoryMethod(AbstractAutowireCapableBeanFactory.java:1173)
	at org.springframework.beans.factory.support.AbstractAutowireCapableBeanFactory.createBeanInstance(AbstractAutowireCapableBeanFactory.java:1067)
	at org.springframework.beans.factory.support.AbstractAutowireCapableBeanFactory.doCreateBean(AbstractAutowireCapableBeanFactory.java:513)
	at org.springframework.beans.factory.support.AbstractAutowireCapableBeanFactory.createBean(AbstractAutowireCapableBeanFactory.java:483)
	at org.springframework.beans.factory.support.AbstractBeanFactory$1.getObject(AbstractBeanFactory.java:306)
	at org.springframework.beans.factory.support.DefaultSingletonBeanRegistry.getSingleton(DefaultSingletonBeanRegistry.java:230)
	at org.springframework.beans.factory.support.AbstractBeanFactory.doGetBean(AbstractBeanFactory.java:302)
	at org.springframework.beans.factory.support.AbstractBeanFactory.getBean(AbstractBeanFactory.java:202)
	at org.springframework.beans.factory.config.DependencyDescriptor.resolveCandidate(DependencyDescriptor.java:208)
	at org.springframework.beans.factory.support.DefaultListableBeanFactory.doResolveDependency(DefaultListableBeanFactory.java:1138)
	at org.springframework.beans.factory.support.DefaultListableBeanFactory.resolveDependency(DefaultListableBeanFactory.java:1066)
	at org.springframework.beans.factory.support.ConstructorResolver.resolveAutowiredArgument(ConstructorResolver.java:835)
	at org.springframework.beans.factory.support.ConstructorResolver.createArgumentArray(ConstructorResolver.java:741)
	at org.springframework.beans.factory.support.ConstructorResolver.instantiateUsingFactoryMethod(ConstructorResolver.java:467)
	at org.springframework.beans.factory.support.AbstractAutowireCapableBeanFactory.instantiateUsingFactoryMethod(AbstractAutowireCapableBeanFactory.java:1173)
	at org.springframework.beans.factory.support.AbstractAutowireCapableBeanFactory.createBeanInstance(AbstractAutowireCapableBeanFactory.java:1067)
	at org.springframework.beans.factory.support.AbstractAutowireCapableBeanFactory.doCreateBean(AbstractAutowireCapableBeanFactory.java:513)
	at org.springframework.beans.factory.support.AbstractAutowireCapableBeanFactory.createBean(AbstractAutowireCapableBeanFactory.java:483)
	at org.springframework.beans.factory.support.AbstractBeanFactory$1.getObject(AbstractBeanFactory.java:306)
	at org.springframework.beans.factory.support.DefaultSingletonBeanRegistry.getSingleton(DefaultSingletonBeanRegistry.java:230)
	at org.springframework.beans.factory.support.AbstractBeanFactory.doGetBean(AbstractBeanFactory.java:302)
	at org.springframework.beans.factory.support.AbstractBeanFactory.getBean(AbstractBeanFactory.java:202)
	at org.springframework.beans.factory.config.DependencyDescriptor.resolveCandidate(DependencyDescriptor.java:208)
	at org.springframework.beans.factory.support.DefaultListableBeanFactory.doResolveDependency(DefaultListableBeanFactory.java:1138)
	at org.springframework.beans.factory.support.DefaultListableBeanFactory.resolveDependency(DefaultListableBeanFactory.java:1066)
	at org.springframework.beans.factory.support.ConstructorResolver.resolveAutowiredArgument(ConstructorResolver.java:835)
	at org.springframework.beans.factory.support.ConstructorResolver.createArgumentArray(ConstructorResolver.java:741)
	at org.springframework.beans.factory.support.ConstructorResolver.instantiateUsingFactoryMethod(ConstructorResolver.java:467)
	at org.springframework.beans.factory.support.AbstractAutowireCapableBeanFactory.instantiateUsingFactoryMethod(AbstractAutowireCapableBeanFactory.java:1173)
	at org.springframework.beans.factory.support.AbstractAutowireCapableBeanFactory.createBeanInstance(AbstractAutowireCapableBeanFactory.java:1067)
	at org.springframework.beans.factory.support.AbstractAutowireCapableBeanFactory.doCreateBean(AbstractAutowireCapableBeanFactory.java:513)
	at org.springframework.beans.factory.support.AbstractAutowireCapableBeanFactory.createBean(AbstractAutowireCapableBeanFactory.java:483)
	at org.springframework.beans.factory.support.AbstractBeanFactory$1.getObject(AbstractBeanFactory.java:306)
	at org.springframework.beans.factory.support.DefaultSingletonBeanRegistry.getSingleton(DefaultSingletonBeanRegistry.java:230)
	at org.springframework.beans.factory.support.AbstractBeanFactory.doGetBean(AbstractBeanFactory.java:302)
	at org.springframework.beans.factory.support.AbstractBeanFactory.getBean(AbstractBeanFactory.java:197)
	at org.springframework.context.support.AbstractApplicationContext.getBean(AbstractApplicationContext.java:1081)
	at org.springframework.context.support.AbstractApplicationContext.finishBeanFactoryInitialization(AbstractApplicationContext.java:856)
	at org.springframework.context.support.AbstractApplicationContext.refresh(AbstractApplicationContext.java:542)
	at org.springframework.boot.SpringApplication.refresh(SpringApplication.java:737)
	at org.springframework.boot.SpringApplication.refreshContext(SpringApplication.java:370)
	at org.springframework.boot.SpringApplication.run(SpringApplication.java:314)
	at org.springframework.boot.test.context.SpringBootContextLoader.loadContext(SpringBootContextLoader.java:120)
	at org.springframework.test.context.cache.DefaultCacheAwareContextLoaderDelegate.loadContextInternal(DefaultCacheAwareContextLoaderDelegate.java:98)
	at org.springframework.test.context.cache.DefaultCacheAwareContextLoaderDelegate.loadContext(DefaultCacheAwareContextLoaderDelegate.java:116)
	at org.springframework.test.context.support.DefaultTestContext.getApplicationContext(DefaultTestContext.java:83)
	at org.springframework.test.context.web.ServletTestExecutionListener.setUpRequestContextIfNecessary(ServletTestExecutionListener.java:189)
	at org.springframework.test.context.web.ServletTestExecutionListener.prepareTestInstance(ServletTestExecutionListener.java:131)
	at org.springframework.test.context.TestContextManager.prepareTestInstance(TestContextManager.java:230)
	at org.springframework.test.context.junit4.SpringJUnit4ClassRunner.createTest(SpringJUnit4ClassRunner.java:228)
	at org.springframework.test.context.junit4.SpringJUnit4ClassRunner$1.runReflectiveCall(SpringJUnit4ClassRunner.java:287)
	at org.junit.internal.runners.model.ReflectiveCallable.run(ReflectiveCallable.java:12)
	at org.springframework.test.context.junit4.SpringJUnit4ClassRunner.methodBlock(SpringJUnit4ClassRunner.java:289)
	at org.springframework.test.context.junit4.SpringJUnit4ClassRunner.runChild(SpringJUnit4ClassRunner.java:247)
	at org.springframework.test.context.junit4.SpringJUnit4ClassRunner.runChild(SpringJUnit4ClassRunner.java:94)
	at org.junit.runners.ParentRunner$3.run(ParentRunner.java:290)
	at org.junit.runners.ParentRunner$1.schedule(ParentRunner.java:71)
	at org.junit.runners.ParentRunner.runChildren(ParentRunner.java:288)
	at org.junit.runners.ParentRunner.access$000(ParentRunner.java:58)
	at org.junit.runners.ParentRunner$2.evaluate(ParentRunner.java:268)
	at org.springframework.test.context.junit4.statements.RunBeforeTestClassCallbacks.evaluate(RunBeforeTestClassCallbacks.java:61)
	at org.springframework.test.context.junit4.statements.RunAfterTestClassCallbacks.evaluate(RunAfterTestClassCallbacks.java:70)
	at org.junit.runners.ParentRunner.run(ParentRunner.java:363)
	at org.springframework.test.context.junit4.SpringJUnit4ClassRunner.run(SpringJUnit4ClassRunner.java:191)
	at org.apache.maven.surefire.junit4.JUnit4Provider.execute(JUnit4Provider.java:283)
	at org.apache.maven.surefire.junit4.JUnit4Provider.executeWithRerun(JUnit4Provider.java:173)
	at org.apache.maven.surefire.junit4.JUnit4Provider.executeTestSet(JUnit4Provider.java:153)
	at org.apache.maven.surefire.junit4.JUnit4Provider.invoke(JUnit4Provider.java:128)
	at org.apache.maven.surefire.booter.ForkedBooter.invokeProviderInSameClassLoader(ForkedBooter.java:203)
	at org.apache.maven.surefire.booter.ForkedBooter.runSuitesInProcess(ForkedBooter.java:155)
	at org.apache.maven.surefire.booter.ForkedBooter.main(ForkedBooter.java:103)
Caused by: org.springframework.jdbc.CannotGetJdbcConnectionException: Could not get JDBC Connection; nested exception is com.microsoft.sqlserver.jdbc.SQLServerException: The TCP/IP connection to the host 172.21.7.25, port 1514 has failed. Error: "No route to host: no further information. Verify the connection properties. Make sure that an instance of SQL Server is running on the host and accepting TCP/IP connections at the port. Make sure that TCP connections to the port are not blocked by a firewall.".
	at org.springframework.jdbc.datasource.DataSourceUtils.getConnection(DataSourceUtils.java:80)
	at org.springframework.jdbc.support.JdbcUtils.extractDatabaseMetaData(JdbcUtils.java:326)
	... 86 common frames omitted
Caused by: com.microsoft.sqlserver.jdbc.SQLServerException: The TCP/IP connection to the host 172.21.7.25, port 1514 has failed. Error: "No route to host: no further information. Verify the connection properties. Make sure that an instance of SQL Server is running on the host and accepting TCP/IP connections at the port. Make sure that TCP connections to the port are not blocked by a firewall.".
	at com.microsoft.sqlserver.jdbc.SQLServerException.makeFromDriverError(SQLServerException.java:206)
	at com.microsoft.sqlserver.jdbc.SQLServerException.ConvertConnectExceptionToSQLServerException(SQLServerException.java:257)
	at com.microsoft.sqlserver.jdbc.SocketFinder.findSocket(IOBuffer.java:2385)
	at com.microsoft.sqlserver.jdbc.TDSChannel.open(IOBuffer.java:567)
	at com.microsoft.sqlserver.jdbc.SQLServerConnection.connectHelper(SQLServerConnection.java:1955)
	at com.microsoft.sqlserver.jdbc.SQLServerConnection.login(SQLServerConnection.java:1616)
	at com.microsoft.sqlserver.jdbc.SQLServerConnection.connectInternal(SQLServerConnection.java:1447)
	at com.microsoft.sqlserver.jdbc.SQLServerConnection.connect(SQLServerConnection.java:788)
	at com.microsoft.sqlserver.jdbc.SQLServerDriver.connect(SQLServerDriver.java:1187)
	at org.apache.tomcat.jdbc.pool.PooledConnection.connectUsingDriver(PooledConnection.java:310)
	at org.apache.tomcat.jdbc.pool.PooledConnection.connect(PooledConnection.java:203)
	at org.apache.tomcat.jdbc.pool.ConnectionPool.createConnection(ConnectionPool.java:732)
	at org.apache.tomcat.jdbc.pool.ConnectionPool.borrowConnection(ConnectionPool.java:664)
	at org.apache.tomcat.jdbc.pool.ConnectionPool.init(ConnectionPool.java:479)
	at org.apache.tomcat.jdbc.pool.ConnectionPool.<init>(ConnectionPool.java:154)
	at org.apache.tomcat.jdbc.pool.DataSourceProxy.pCreatePool(DataSourceProxy.java:118)
	at org.apache.tomcat.jdbc.pool.DataSourceProxy.createPool(DataSourceProxy.java:107)
	at org.apache.tomcat.jdbc.pool.DataSourceProxy.getConnection(DataSourceProxy.java:131)
	at org.springframework.jdbc.datasource.DataSourceUtils.doGetConnection(DataSourceUtils.java:111)
	at org.springframework.jdbc.datasource.DataSourceUtils.getConnection(DataSourceUtils.java:77)
	... 87 common frames omitted
2018-11-19 08:14:11 - Building JPA container EntityManagerFactory for persistence unit 'default'
2018-11-19 08:14:11 - HHH000204: Processing PersistenceUnitInfo [
	name: default
	...]
2018-11-19 08:14:11 - HHH000412: Hibernate Core {5.0.11.Final}
2018-11-19 08:14:11 - HHH000206: hibernate.properties not found
2018-11-19 08:14:11 - HHH000021: Bytecode provider name : javassist
2018-11-19 08:14:11 - HCANN000001: Hibernate Commons Annotations {5.0.1.Final}
2018-11-19 08:14:26 - Unable to create initial connections of pool.
com.microsoft.sqlserver.jdbc.SQLServerException: The TCP/IP connection to the host 172.21.7.25, port 1514 has failed. Error: "No route to host: no further information. Verify the connection properties. Make sure that an instance of SQL Server is running on the host and accepting TCP/IP connections at the port. Make sure that TCP connections to the port are not blocked by a firewall.".
	at com.microsoft.sqlserver.jdbc.SQLServerException.makeFromDriverError(SQLServerException.java:206)
	at com.microsoft.sqlserver.jdbc.SQLServerException.ConvertConnectExceptionToSQLServerException(SQLServerException.java:257)
	at com.microsoft.sqlserver.jdbc.SocketFinder.findSocket(IOBuffer.java:2385)
	at com.microsoft.sqlserver.jdbc.TDSChannel.open(IOBuffer.java:567)
	at com.microsoft.sqlserver.jdbc.SQLServerConnection.connectHelper(SQLServerConnection.java:1955)
	at com.microsoft.sqlserver.jdbc.SQLServerConnection.login(SQLServerConnection.java:1616)
	at com.microsoft.sqlserver.jdbc.SQLServerConnection.connectInternal(SQLServerConnection.java:1447)
	at com.microsoft.sqlserver.jdbc.SQLServerConnection.connect(SQLServerConnection.java:788)
	at com.microsoft.sqlserver.jdbc.SQLServerDriver.connect(SQLServerDriver.java:1187)
	at org.apache.tomcat.jdbc.pool.PooledConnection.connectUsingDriver(PooledConnection.java:310)
	at org.apache.tomcat.jdbc.pool.PooledConnection.connect(PooledConnection.java:203)
	at org.apache.tomcat.jdbc.pool.ConnectionPool.createConnection(ConnectionPool.java:732)
	at org.apache.tomcat.jdbc.pool.ConnectionPool.borrowConnection(ConnectionPool.java:664)
	at org.apache.tomcat.jdbc.pool.ConnectionPool.init(ConnectionPool.java:479)
	at org.apache.tomcat.jdbc.pool.ConnectionPool.<init>(ConnectionPool.java:154)
	at org.apache.tomcat.jdbc.pool.DataSourceProxy.pCreatePool(DataSourceProxy.java:118)
	at org.apache.tomcat.jdbc.pool.DataSourceProxy.createPool(DataSourceProxy.java:107)
	at org.apache.tomcat.jdbc.pool.DataSourceProxy.getConnection(DataSourceProxy.java:131)
	at org.hibernate.engine.jdbc.connections.internal.DatasourceConnectionProviderImpl.getConnection(DatasourceConnectionProviderImpl.java:122)
	at org.hibernate.engine.jdbc.env.internal.JdbcEnvironmentInitiator$ConnectionProviderJdbcConnectionAccess.obtainConnection(JdbcEnvironmentInitiator.java:180)
	at org.hibernate.engine.jdbc.env.internal.JdbcEnvironmentInitiator.initiateService(JdbcEnvironmentInitiator.java:68)
	at org.hibernate.engine.jdbc.env.internal.JdbcEnvironmentInitiator.initiateService(JdbcEnvironmentInitiator.java:35)
	at org.hibernate.boot.registry.internal.StandardServiceRegistryImpl.initiateService(StandardServiceRegistryImpl.java:88)
	at org.hibernate.service.internal.AbstractServiceRegistryImpl.createService(AbstractServiceRegistryImpl.java:254)
	at org.hibernate.service.internal.AbstractServiceRegistryImpl.initializeService(AbstractServiceRegistryImpl.java:228)
	at org.hibernate.service.internal.AbstractServiceRegistryImpl.getService(AbstractServiceRegistryImpl.java:207)
	at org.hibernate.engine.jdbc.internal.JdbcServicesImpl.configure(JdbcServicesImpl.java:51)
	at org.hibernate.boot.registry.internal.StandardServiceRegistryImpl.configureService(StandardServiceRegistryImpl.java:94)
	at org.hibernate.service.internal.AbstractServiceRegistryImpl.initializeService(AbstractServiceRegistryImpl.java:237)
	at org.hibernate.service.internal.AbstractServiceRegistryImpl.getService(AbstractServiceRegistryImpl.java:207)
	at org.hibernate.boot.model.process.spi.MetadataBuildingProcess.handleTypes(MetadataBuildingProcess.java:352)
	at org.hibernate.boot.model.process.spi.MetadataBuildingProcess.complete(MetadataBuildingProcess.java:111)
	at org.hibernate.jpa.boot.internal.EntityManagerFactoryBuilderImpl.metadata(EntityManagerFactoryBuilderImpl.java:847)
	at org.hibernate.jpa.boot.internal.EntityManagerFactoryBuilderImpl.build(EntityManagerFactoryBuilderImpl.java:874)
	at org.springframework.orm.jpa.vendor.SpringHibernateJpaPersistenceProvider.createContainerEntityManagerFactory(SpringHibernateJpaPersistenceProvider.java:60)
	at org.springframework.orm.jpa.LocalContainerEntityManagerFactoryBean.createNativeEntityManagerFactory(LocalContainerEntityManagerFactoryBean.java:353)
	at org.springframework.orm.jpa.AbstractEntityManagerFactoryBean.buildNativeEntityManagerFactory(AbstractEntityManagerFactoryBean.java:373)
	at org.springframework.orm.jpa.AbstractEntityManagerFactoryBean.afterPropertiesSet(AbstractEntityManagerFactoryBean.java:362)
	at org.springframework.beans.factory.support.AbstractAutowireCapableBeanFactory.invokeInitMethods(AbstractAutowireCapableBeanFactory.java:1687)
	at org.springframework.beans.factory.support.AbstractAutowireCapableBeanFactory.initializeBean(AbstractAutowireCapableBeanFactory.java:1624)
	at org.springframework.beans.factory.support.AbstractAutowireCapableBeanFactory.doCreateBean(AbstractAutowireCapableBeanFactory.java:555)
	at org.springframework.beans.factory.support.AbstractAutowireCapableBeanFactory.createBean(AbstractAutowireCapableBeanFactory.java:483)
	at org.springframework.beans.factory.support.AbstractBeanFactory$1.getObject(AbstractBeanFactory.java:306)
	at org.springframework.beans.factory.support.DefaultSingletonBeanRegistry.getSingleton(DefaultSingletonBeanRegistry.java:230)
	at org.springframework.beans.factory.support.AbstractBeanFactory.doGetBean(AbstractBeanFactory.java:302)
	at org.springframework.beans.factory.support.AbstractBeanFactory.getBean(AbstractBeanFactory.java:197)
	at org.springframework.context.support.AbstractApplicationContext.getBean(AbstractApplicationContext.java:1081)
	at org.springframework.context.support.AbstractApplicationContext.finishBeanFactoryInitialization(AbstractApplicationContext.java:856)
	at org.springframework.context.support.AbstractApplicationContext.refresh(AbstractApplicationContext.java:542)
	at org.springframework.boot.SpringApplication.refresh(SpringApplication.java:737)
	at org.springframework.boot.SpringApplication.refreshContext(SpringApplication.java:370)
	at org.springframework.boot.SpringApplication.run(SpringApplication.java:314)
	at org.springframework.boot.test.context.SpringBootContextLoader.loadContext(SpringBootContextLoader.java:120)
	at org.springframework.test.context.cache.DefaultCacheAwareContextLoaderDelegate.loadContextInternal(DefaultCacheAwareContextLoaderDelegate.java:98)
	at org.springframework.test.context.cache.DefaultCacheAwareContextLoaderDelegate.loadContext(DefaultCacheAwareContextLoaderDelegate.java:116)
	at org.springframework.test.context.support.DefaultTestContext.getApplicationContext(DefaultTestContext.java:83)
	at org.springframework.test.context.web.ServletTestExecutionListener.setUpRequestContextIfNecessary(ServletTestExecutionListener.java:189)
	at org.springframework.test.context.web.ServletTestExecutionListener.prepareTestInstance(ServletTestExecutionListener.java:131)
	at org.springframework.test.context.TestContextManager.prepareTestInstance(TestContextManager.java:230)
	at org.springframework.test.context.junit4.SpringJUnit4ClassRunner.createTest(SpringJUnit4ClassRunner.java:228)
	at org.springframework.test.context.junit4.SpringJUnit4ClassRunner$1.runReflectiveCall(SpringJUnit4ClassRunner.java:287)
	at org.junit.internal.runners.model.ReflectiveCallable.run(ReflectiveCallable.java:12)
	at org.springframework.test.context.junit4.SpringJUnit4ClassRunner.methodBlock(SpringJUnit4ClassRunner.java:289)
	at org.springframework.test.context.junit4.SpringJUnit4ClassRunner.runChild(SpringJUnit4ClassRunner.java:247)
	at org.springframework.test.context.junit4.SpringJUnit4ClassRunner.runChild(SpringJUnit4ClassRunner.java:94)
	at org.junit.runners.ParentRunner$3.run(ParentRunner.java:290)
	at org.junit.runners.ParentRunner$1.schedule(ParentRunner.java:71)
	at org.junit.runners.ParentRunner.runChildren(ParentRunner.java:288)
	at org.junit.runners.ParentRunner.access$000(ParentRunner.java:58)
	at org.junit.runners.ParentRunner$2.evaluate(ParentRunner.java:268)
	at org.springframework.test.context.junit4.statements.RunBeforeTestClassCallbacks.evaluate(RunBeforeTestClassCallbacks.java:61)
	at org.springframework.test.context.junit4.statements.RunAfterTestClassCallbacks.evaluate(RunAfterTestClassCallbacks.java:70)
	at org.junit.runners.ParentRunner.run(ParentRunner.java:363)
	at org.springframework.test.context.junit4.SpringJUnit4ClassRunner.run(SpringJUnit4ClassRunner.java:191)
	at org.apache.maven.surefire.junit4.JUnit4Provider.execute(JUnit4Provider.java:283)
	at org.apache.maven.surefire.junit4.JUnit4Provider.executeWithRerun(JUnit4Provider.java:173)
	at org.apache.maven.surefire.junit4.JUnit4Provider.executeTestSet(JUnit4Provider.java:153)
	at org.apache.maven.surefire.junit4.JUnit4Provider.invoke(JUnit4Provider.java:128)
	at org.apache.maven.surefire.booter.ForkedBooter.invokeProviderInSameClassLoader(ForkedBooter.java:203)
	at org.apache.maven.surefire.booter.ForkedBooter.runSuitesInProcess(ForkedBooter.java:155)
	at org.apache.maven.surefire.booter.ForkedBooter.main(ForkedBooter.java:103)
2018-11-19 08:14:26 - HHH000342: Could not obtain connection to query metadata : The TCP/IP connection to the host 172.21.7.25, port 1514 has failed. Error: "No route to host: no further information. Verify the connection properties. Make sure that an instance of SQL Server is running on the host and accepting TCP/IP connections at the port. Make sure that TCP connections to the port are not blocked by a firewall.".
2018-11-19 08:14:26 - HHH000400: Using dialect: org.hibernate.dialect.SQLServer2012Dialect
2018-11-19 08:14:26 - HHH000422: Disabling contextual LOB creation as connection was null
2018-11-19 08:14:27 - Initialized JPA EntityManagerFactory for persistence unit 'default'
2018-11-19 08:14:28 - 

Using default security password: ca1534d9-0f5b-443c-9b89-3b70b2dbe8cf

2018-11-19 08:14:28 - Creating filter chain: org.springframework.security.web.util.matcher.AnyRequestMatcher@1, [org.springframework.security.web.context.request.async.WebAsyncManagerIntegrationFilter@5368e981, org.springframework.security.web.context.SecurityContextPersistenceFilter@6115846e, org.springframework.security.web.header.HeaderWriterFilter@146f3d22, org.springframework.security.web.authentication.logout.LogoutFilter@72f3f14c, org.springframework.security.web.savedrequest.RequestCacheAwareFilter@57f0bfc3, org.springframework.security.web.servletapi.SecurityContextHolderAwareRequestFilter@f10d055, org.springframework.security.web.authentication.AnonymousAuthenticationFilter@1c171746, org.springframework.security.web.session.SessionManagementFilter@503556cb, org.springframework.security.web.access.ExceptionTranslationFilter@1ed9d173, org.springframework.security.web.access.intercept.FilterSecurityInterceptor@61e14b53]
2018-11-19 08:14:28 - Creating filter chain: org.springframework.boot.actuate.autoconfigure.ManagementWebSecurityAutoConfiguration$LazyEndpointPathRequestMatcher@72a3462f, [org.springframework.security.web.context.request.async.WebAsyncManagerIntegrationFilter@4ffa7041, org.springframework.security.web.context.SecurityContextPersistenceFilter@68a5aadd, org.springframework.security.web.header.HeaderWriterFilter@b0d3e7, org.springframework.security.web.authentication.logout.LogoutFilter@5c4714ef, org.springframework.security.web.authentication.www.BasicAuthenticationFilter@6076c66, org.springframework.security.web.savedrequest.RequestCacheAwareFilter@1c2096c6, org.springframework.security.web.servletapi.SecurityContextHolderAwareRequestFilter@1a89414e, org.springframework.security.web.authentication.AnonymousAuthenticationFilter@632c3f55, org.springframework.security.web.session.SessionManagementFilter@74bdfa0b, org.springframework.security.web.access.ExceptionTranslationFilter@4db728df, org.springframework.security.web.access.intercept.FilterSecurityInterceptor@1ddf42dd]
2018-11-19 08:14:29 - Looking for @ControllerAdvice: org.springframework.web.context.support.GenericWebApplicationContext@7ae0a9ec: startup date [Mon Nov 19 08:13:51 WAT 2018]; root of context hierarchy
2018-11-19 08:14:29 - Mapped "{[/api/v1/xpresspayment/singleBVN],methods=[POST],consumes=[application/json],produces=[application/json]}" onto public com.xpresspayments.ZenithBank.model.response.SingleBVN com.xpresspayments.ZenithBank.controller.AccountOpeningController.GetSingleBVN(com.xpresspayments.ZenithBank.model.request.SingleBVNRequest) throws java.lang.Exception
2018-11-19 08:14:29 - Mapped "{[/api/v1/xpresspayment/openAccount],methods=[POST],consumes=[application/json],produces=[application/json]}" onto public com.xpresspayments.ZenithBank.model.response.AccountResponse com.xpresspayments.ZenithBank.controller.AccountOpeningController.OpenAccount(com.xpresspayments.ZenithBank.model.request.OpenAccountRequest) throws java.lang.Exception
2018-11-19 08:14:29 - Mapped "{[/api/v1/xpresspayment/validate],methods=[POST],consumes=[application/json],produces=[application/json]}" onto public com.xpresspayments.ZenithBank.model.response.FacValidationResponse com.xpresspayments.ZenithBank.controller.FacValidationController.validateCustomer(com.xpresspayments.ZenithBank.model.request.Validity) throws java.lang.Exception
2018-11-19 08:14:29 - Mapped "{[/api/v1/xpresspayment/cashOut],methods=[POST],consumes=[application/json],produces=[application/json]}" onto public com.xpresspayments.ZenithBank.model.response.CashOutResponse com.xpresspayments.ZenithBank.controller.FacValidationController.cashOut(com.xpresspayments.ZenithBank.model.request.CashOutRequest) throws java.lang.Exception
2018-11-19 08:14:29 - Mapped "{[/api/v1/xpresspayment/accountstatements],methods=[POST],produces=[application/json]}" onto public org.springframework.http.ResponseEntity<com.xpresspayments.ZenithBank.model.response.ZenithBankApiResponse> com.xpresspayments.ZenithBank.controller.GapsController.requestAccountStatement(com.xpresspayments.ZenithBank.model.request.ApiAccountStatementRequest) throws java.lang.Exception
2018-11-19 08:14:29 - Mapped "{[/api/v1/xpresspayment/payments],methods=[GET]}" onto public org.springframework.http.ResponseEntity<com.xpresspayments.ZenithBank.model.response.ZenithBankApiResponse> com.xpresspayments.ZenithBank.controller.GapsController.getPayment(java.lang.String) throws java.lang.Exception
2018-11-19 08:14:29 - Mapped "{[/api/v1/xpresspayment/nameenquiry],produces=[application/json]}" onto public com.xpresspayments.ZenithBank.model.response.ApiAccountValidationResponse com.xpresspayments.ZenithBank.controller.GapsController.validateAccount(com.xpresspayments.ZenithBank.model.request.AccountValidationRequest) throws java.lang.Exception
2018-11-19 08:14:29 - Mapped "{[/api/v1/xpresspayment/payments],methods=[POST],produces=[application/json]}" onto public org.springframework.http.ResponseEntity<com.xpresspayments.ZenithBank.model.response.ZenithBankApiResponse> com.xpresspayments.ZenithBank.controller.GapsController.makeBulkPayments(com.xpresspayments.ZenithBank.model.request.MakePaymentRequest) throws java.lang.Exception
2018-11-19 08:14:29 - Mapped "{[/api/v1/xpresspayment/retailpayments],methods=[GET]}" onto public org.springframework.http.ResponseEntity<com.xpresspayments.ZenithBank.model.response.ZenithBankApiResponse> com.xpresspayments.ZenithBank.controller.GapsController.getRetailPayment(java.lang.String) throws java.lang.Exception
2018-11-19 08:14:29 - Mapped "{[/api/v1/xpresspayment/retailpayments],produces=[application/json]}" onto public org.springframework.http.ResponseEntity<com.xpresspayments.ZenithBank.model.response.ZenithBankApiResponse> com.xpresspayments.ZenithBank.controller.GapsController.makePayments(com.xpresspayments.ZenithBank.model.request.ApiFundTransferRequest) throws java.lang.Exception
2018-11-19 08:14:29 - Mapped "{[/api/v1/xpresspayment/balances],produces=[application/json]}" onto public com.xpresspayments.ZenithBank.model.response.ApiBalanceRetrievalResponse com.xpresspayments.ZenithBank.controller.GapsController.retrieveBalance(com.xpresspayments.ZenithBank.model.request.BalanceRetrievalRequest) throws java.lang.Exception
2018-11-19 08:14:29 - Mapped "{[/error]}" onto public org.springframework.http.ResponseEntity<java.util.Map<java.lang.String, java.lang.Object>> org.springframework.boot.autoconfigure.web.BasicErrorController.error(javax.servlet.http.HttpServletRequest)
2018-11-19 08:14:29 - Mapped "{[/error],produces=[text/html]}" onto public org.springframework.web.servlet.ModelAndView org.springframework.boot.autoconfigure.web.BasicErrorController.errorHtml(javax.servlet.http.HttpServletRequest,javax.servlet.http.HttpServletResponse)
2018-11-19 08:14:29 - Mapped URL path [/webjars/**] onto handler of type [class org.springframework.web.servlet.resource.ResourceHttpRequestHandler]
2018-11-19 08:14:29 - Mapped URL path [/**] onto handler of type [class org.springframework.web.servlet.resource.ResourceHttpRequestHandler]
2018-11-19 08:14:29 - Detected @ExceptionHandler methods in errorHandler
2018-11-19 08:14:29 - Mapped URL path [/**/favicon.ico] onto handler of type [class org.springframework.web.servlet.resource.ResourceHttpRequestHandler]
2018-11-19 08:14:30 - Mapped "{[/env/{name:.*}],methods=[GET],produces=[application/vnd.spring-boot.actuator.v1+json || application/json]}" onto public java.lang.Object org.springframework.boot.actuate.endpoint.mvc.EnvironmentMvcEndpoint.value(java.lang.String)
2018-11-19 08:14:30 - Mapped "{[/env || /env.json],methods=[GET],produces=[application/vnd.spring-boot.actuator.v1+json || application/json]}" onto public java.lang.Object org.springframework.boot.actuate.endpoint.mvc.EndpointMvcAdapter.invoke()
2018-11-19 08:14:30 - Mapped "{[/mappings || /mappings.json],methods=[GET],produces=[application/vnd.spring-boot.actuator.v1+json || application/json]}" onto public java.lang.Object org.springframework.boot.actuate.endpoint.mvc.EndpointMvcAdapter.invoke()
2018-11-19 08:14:30 - Mapped "{[/metrics/{name:.*}],methods=[GET],produces=[application/vnd.spring-boot.actuator.v1+json || application/json]}" onto public java.lang.Object org.springframework.boot.actuate.endpoint.mvc.MetricsMvcEndpoint.value(java.lang.String)
2018-11-19 08:14:30 - Mapped "{[/metrics || /metrics.json],methods=[GET],produces=[application/vnd.spring-boot.actuator.v1+json || application/json]}" onto public java.lang.Object org.springframework.boot.actuate.endpoint.mvc.EndpointMvcAdapter.invoke()
2018-11-19 08:14:30 - Mapped "{[/heapdump || /heapdump.json],methods=[GET],produces=[application/octet-stream]}" onto public void org.springframework.boot.actuate.endpoint.mvc.HeapdumpMvcEndpoint.invoke(boolean,javax.servlet.http.HttpServletRequest,javax.servlet.http.HttpServletResponse) throws java.io.IOException,javax.servlet.ServletException
2018-11-19 08:14:30 - Mapped "{[/autoconfig || /autoconfig.json],methods=[GET],produces=[application/vnd.spring-boot.actuator.v1+json || application/json]}" onto public java.lang.Object org.springframework.boot.actuate.endpoint.mvc.EndpointMvcAdapter.invoke()
2018-11-19 08:14:30 - Mapped "{[/auditevents || /auditevents.json],methods=[GET],produces=[application/vnd.spring-boot.actuator.v1+json || application/json]}" onto public org.springframework.http.ResponseEntity<?> org.springframework.boot.actuate.endpoint.mvc.AuditEventsMvcEndpoint.findByPrincipalAndAfterAndType(java.lang.String,java.util.Date,java.lang.String)
2018-11-19 08:14:30 - Mapped "{[/health || /health.json],methods=[GET],produces=[application/vnd.spring-boot.actuator.v1+json || application/json]}" onto public java.lang.Object org.springframework.boot.actuate.endpoint.mvc.HealthMvcEndpoint.invoke(javax.servlet.http.HttpServletRequest)
2018-11-19 08:14:30 - Mapped "{[/configprops || /configprops.json],methods=[GET],produces=[application/vnd.spring-boot.actuator.v1+json || application/json]}" onto public java.lang.Object org.springframework.boot.actuate.endpoint.mvc.EndpointMvcAdapter.invoke()
2018-11-19 08:14:30 - Mapped "{[/beans || /beans.json],methods=[GET],produces=[application/vnd.spring-boot.actuator.v1+json || application/json]}" onto public java.lang.Object org.springframework.boot.actuate.endpoint.mvc.EndpointMvcAdapter.invoke()
2018-11-19 08:14:30 - Mapped "{[/loggers/{name:.*}],methods=[GET],produces=[application/vnd.spring-boot.actuator.v1+json || application/json]}" onto public java.lang.Object org.springframework.boot.actuate.endpoint.mvc.LoggersMvcEndpoint.get(java.lang.String)
2018-11-19 08:14:30 - Mapped "{[/loggers/{name:.*}],methods=[POST],consumes=[application/vnd.spring-boot.actuator.v1+json || application/json],produces=[application/vnd.spring-boot.actuator.v1+json || application/json]}" onto public java.lang.Object org.springframework.boot.actuate.endpoint.mvc.LoggersMvcEndpoint.set(java.lang.String,java.util.Map<java.lang.String, java.lang.String>)
2018-11-19 08:14:30 - Mapped "{[/loggers || /loggers.json],methods=[GET],produces=[application/vnd.spring-boot.actuator.v1+json || application/json]}" onto public java.lang.Object org.springframework.boot.actuate.endpoint.mvc.EndpointMvcAdapter.invoke()
2018-11-19 08:14:30 - Mapped "{[/info || /info.json],methods=[GET],produces=[application/vnd.spring-boot.actuator.v1+json || application/json]}" onto public java.lang.Object org.springframework.boot.actuate.endpoint.mvc.EndpointMvcAdapter.invoke()
2018-11-19 08:14:30 - Mapped "{[/trace || /trace.json],methods=[GET],produces=[application/vnd.spring-boot.actuator.v1+json || application/json]}" onto public java.lang.Object org.springframework.boot.actuate.endpoint.mvc.EndpointMvcAdapter.invoke()
2018-11-19 08:14:30 - Mapped "{[/dump || /dump.json],methods=[GET],produces=[application/vnd.spring-boot.actuator.v1+json || application/json]}" onto public java.lang.Object org.springframework.boot.actuate.endpoint.mvc.EndpointMvcAdapter.invoke()
2018-11-19 08:14:30 - Started GtbankApiApplicationTests in 39.62 seconds (JVM running for 41.715)
2018-11-19 08:14:31 - Closing org.springframework.web.context.support.GenericWebApplicationContext@7ae0a9ec: startup date [Mon Nov 19 08:13:51 WAT 2018]; root of context hierarchy
2018-11-19 08:14:31 - Closing JPA EntityManagerFactory for persistence unit 'default'
2018-11-19 09:03:33 - Starting GtbankApiApplication on SOLDEV28 with PID 7152 (C:\Users\amaechi.ekene\Desktop\gtbank-api\target\classes started by amaechi.ekene in C:\Users\amaechi.ekene\Desktop\gtbank-api)
2018-11-19 09:03:33 - No active profile set, falling back to default profiles: default
2018-11-19 09:03:33 - Refreshing org.springframework.boot.context.embedded.AnnotationConfigEmbeddedWebApplicationContext@3daf06be: startup date [Mon Nov 19 09:03:33 WAT 2018]; root of context hierarchy
2018-11-19 09:03:34 - HV000001: Hibernate Validator 5.3.4.Final
2018-11-19 09:03:35 - JSR-330 'javax.inject.Inject' annotation found and supported for autowiring
2018-11-19 09:03:36 - Bean 'org.springframework.boot.autoconfigure.validation.ValidationAutoConfiguration' of type [class org.springframework.boot.autoconfigure.validation.ValidationAutoConfiguration] is not eligible for getting processed by all BeanPostProcessors (for example: not eligible for auto-proxying)
2018-11-19 09:03:36 - Bean 'validator' of type [class org.springframework.validation.beanvalidation.LocalValidatorFactoryBean] is not eligible for getting processed by all BeanPostProcessors (for example: not eligible for auto-proxying)
2018-11-19 09:03:36 - Bean 'org.springframework.ws.config.annotation.DelegatingWsConfiguration' of type [class org.springframework.ws.config.annotation.DelegatingWsConfiguration$$EnhancerBySpringCGLIB$$6c404b1f] is not eligible for getting processed by all BeanPostProcessors (for example: not eligible for auto-proxying)
2018-11-19 09:03:36 - Supporting [WS-Addressing August 2004, WS-Addressing 1.0]
2018-11-19 09:03:36 - Bean 'org.springframework.transaction.annotation.ProxyTransactionManagementConfiguration' of type [class org.springframework.transaction.annotation.ProxyTransactionManagementConfiguration$$EnhancerBySpringCGLIB$$c7a88620] is not eligible for getting processed by all BeanPostProcessors (for example: not eligible for auto-proxying)
2018-11-19 09:03:37 - Tomcat initialized with port(s): 8092 (http)
2018-11-19 09:03:37 - Starting service Tomcat
2018-11-19 09:03:37 - Starting Servlet Engine: Apache Tomcat/8.5.11
2018-11-19 09:03:37 - Initializing Spring embedded WebApplicationContext
2018-11-19 09:03:37 - Root WebApplicationContext: initialization completed in 3909 ms
2018-11-19 09:03:37 - Mapping filter: 'metricsFilter' to: [/*]
2018-11-19 09:03:37 - Mapping filter: 'characterEncodingFilter' to: [/*]
2018-11-19 09:03:37 - Mapping filter: 'hiddenHttpMethodFilter' to: [/*]
2018-11-19 09:03:37 - Mapping filter: 'httpPutFormContentFilter' to: [/*]
2018-11-19 09:03:37 - Mapping filter: 'requestContextFilter' to: [/*]
2018-11-19 09:03:38 - Mapping filter: 'springSecurityFilterChain' to: [/*]
2018-11-19 09:03:38 - Mapping filter: 'webRequestLoggingFilter' to: [/*]
2018-11-19 09:03:38 - Mapping filter: 'applicationContextIdFilter' to: [/*]
2018-11-19 09:03:38 - Mapping servlet: 'dispatcherServlet' to [/]
2018-11-19 09:03:38 - Mapping servlet: 'messageDispatcherServlet' to [/services/*]
2018-11-19 09:03:39 - Building JPA container EntityManagerFactory for persistence unit 'default'
2018-11-19 09:03:39 - HHH000204: Processing PersistenceUnitInfo [
	name: default
	...]
2018-11-19 09:03:39 - HHH000412: Hibernate Core {5.0.11.Final}
2018-11-19 09:03:39 - HHH000206: hibernate.properties not found
2018-11-19 09:03:39 - HHH000021: Bytecode provider name : javassist
2018-11-19 09:03:39 - HCANN000001: Hibernate Commons Annotations {5.0.1.Final}
2018-11-19 09:03:39 - HHH000400: Using dialect: org.hibernate.dialect.SQLServer2012Dialect
2018-11-19 09:03:40 - Initialized JPA EntityManagerFactory for persistence unit 'default'
2018-11-19 09:03:41 - 

Using default security password: 85c673b2-1dd9-4305-b396-67d6853433eb

2018-11-19 09:03:41 - Creating filter chain: org.springframework.security.web.util.matcher.AnyRequestMatcher@1, [org.springframework.security.web.context.request.async.WebAsyncManagerIntegrationFilter@4a73bbdb, org.springframework.security.web.context.SecurityContextPersistenceFilter@192b7875, org.springframework.security.web.header.HeaderWriterFilter@4946ea47, org.springframework.security.web.authentication.logout.LogoutFilter@35cc9563, org.springframework.security.web.savedrequest.RequestCacheAwareFilter@49eeda92, org.springframework.security.web.servletapi.SecurityContextHolderAwareRequestFilter@2dc2bdab, org.springframework.security.web.authentication.AnonymousAuthenticationFilter@33b6fced, org.springframework.security.web.session.SessionManagementFilter@9c00b68, org.springframework.security.web.access.ExceptionTranslationFilter@490b2cb2, org.springframework.security.web.access.intercept.FilterSecurityInterceptor@465e17e]
2018-11-19 09:03:41 - Creating filter chain: org.springframework.boot.actuate.autoconfigure.ManagementWebSecurityAutoConfiguration$LazyEndpointPathRequestMatcher@76939d03, [org.springframework.security.web.context.request.async.WebAsyncManagerIntegrationFilter@20eb5072, org.springframework.security.web.context.SecurityContextPersistenceFilter@797bbcb6, org.springframework.security.web.header.HeaderWriterFilter@453ea6f7, org.springframework.security.web.authentication.logout.LogoutFilter@27696e3, org.springframework.security.web.authentication.www.BasicAuthenticationFilter@56401dce, org.springframework.security.web.savedrequest.RequestCacheAwareFilter@19a8b10e, org.springframework.security.web.servletapi.SecurityContextHolderAwareRequestFilter@2911a5d2, org.springframework.security.web.authentication.AnonymousAuthenticationFilter@982c7f6, org.springframework.security.web.session.SessionManagementFilter@366ca3d2, org.springframework.security.web.access.ExceptionTranslationFilter@34ba8126, org.springframework.security.web.access.intercept.FilterSecurityInterceptor@20845477]
2018-11-19 09:03:41 - Looking for @ControllerAdvice: org.springframework.boot.context.embedded.AnnotationConfigEmbeddedWebApplicationContext@3daf06be: startup date [Mon Nov 19 09:03:33 WAT 2018]; root of context hierarchy
2018-11-19 09:03:41 - Mapped "{[/api/v1/xpresspayment/singleBVN],methods=[POST],consumes=[application/json],produces=[application/json]}" onto public com.xpresspayments.ZenithBank.model.response.SingleBVN com.xpresspayments.ZenithBank.controller.AccountOpeningController.GetSingleBVN(com.xpresspayments.ZenithBank.model.request.SingleBVNRequest) throws java.lang.Exception
2018-11-19 09:03:41 - Mapped "{[/api/v1/xpresspayment/openAccount],methods=[POST],consumes=[application/json],produces=[application/json]}" onto public com.xpresspayments.ZenithBank.model.response.AccountResponse com.xpresspayments.ZenithBank.controller.AccountOpeningController.OpenAccount(com.xpresspayments.ZenithBank.model.request.OpenAccountRequest) throws java.lang.Exception
2018-11-19 09:03:41 - Mapped "{[/api/v1/xpresspayment/validate],methods=[POST],consumes=[application/json],produces=[application/json]}" onto public com.xpresspayments.ZenithBank.model.response.FacValidationResponse com.xpresspayments.ZenithBank.controller.FacValidationController.validateCustomer(com.xpresspayments.ZenithBank.model.request.Validity) throws java.lang.Exception
2018-11-19 09:03:41 - Mapped "{[/api/v1/xpresspayment/cashOut],methods=[POST],consumes=[application/json],produces=[application/json]}" onto public com.xpresspayments.ZenithBank.model.response.CashOutResponse com.xpresspayments.ZenithBank.controller.FacValidationController.cashOut(com.xpresspayments.ZenithBank.model.request.CashOutRequest) throws java.lang.Exception
2018-11-19 09:03:41 - Mapped "{[/api/v1/xpresspayment/retailpayments],methods=[GET]}" onto public org.springframework.http.ResponseEntity<com.xpresspayments.ZenithBank.model.response.ZenithBankApiResponse> com.xpresspayments.ZenithBank.controller.GapsController.getRetailPayment(java.lang.String) throws java.lang.Exception
2018-11-19 09:03:41 - Mapped "{[/api/v1/xpresspayment/payments],methods=[POST],produces=[application/json]}" onto public org.springframework.http.ResponseEntity<com.xpresspayments.ZenithBank.model.response.ZenithBankApiResponse> com.xpresspayments.ZenithBank.controller.GapsController.makeBulkPayments(com.xpresspayments.ZenithBank.model.request.MakePaymentRequest) throws java.lang.Exception
2018-11-19 09:03:41 - Mapped "{[/api/v1/xpresspayment/nameenquiry],produces=[application/json]}" onto public com.xpresspayments.ZenithBank.model.response.ApiAccountValidationResponse com.xpresspayments.ZenithBank.controller.GapsController.validateAccount(com.xpresspayments.ZenithBank.model.request.AccountValidationRequest) throws java.lang.Exception
2018-11-19 09:03:41 - Mapped "{[/api/v1/xpresspayment/balances],produces=[application/json]}" onto public com.xpresspayments.ZenithBank.model.response.ApiBalanceRetrievalResponse com.xpresspayments.ZenithBank.controller.GapsController.retrieveBalance(com.xpresspayments.ZenithBank.model.request.BalanceRetrievalRequest) throws java.lang.Exception
2018-11-19 09:03:41 - Mapped "{[/api/v1/xpresspayment/payments],methods=[GET]}" onto public org.springframework.http.ResponseEntity<com.xpresspayments.ZenithBank.model.response.ZenithBankApiResponse> com.xpresspayments.ZenithBank.controller.GapsController.getPayment(java.lang.String) throws java.lang.Exception
2018-11-19 09:03:41 - Mapped "{[/api/v1/xpresspayment/retailpayments],produces=[application/json]}" onto public org.springframework.http.ResponseEntity<com.xpresspayments.ZenithBank.model.response.ZenithBankApiResponse> com.xpresspayments.ZenithBank.controller.GapsController.makePayments(com.xpresspayments.ZenithBank.model.request.ApiFundTransferRequest) throws java.lang.Exception
2018-11-19 09:03:41 - Mapped "{[/api/v1/xpresspayment/accountstatements],methods=[POST],produces=[application/json]}" onto public org.springframework.http.ResponseEntity<com.xpresspayments.ZenithBank.model.response.ZenithBankApiResponse> com.xpresspayments.ZenithBank.controller.GapsController.requestAccountStatement(com.xpresspayments.ZenithBank.model.request.ApiAccountStatementRequest) throws java.lang.Exception
2018-11-19 09:03:41 - Mapped "{[/error]}" onto public org.springframework.http.ResponseEntity<java.util.Map<java.lang.String, java.lang.Object>> org.springframework.boot.autoconfigure.web.BasicErrorController.error(javax.servlet.http.HttpServletRequest)
2018-11-19 09:03:41 - Mapped "{[/error],produces=[text/html]}" onto public org.springframework.web.servlet.ModelAndView org.springframework.boot.autoconfigure.web.BasicErrorController.errorHtml(javax.servlet.http.HttpServletRequest,javax.servlet.http.HttpServletResponse)
2018-11-19 09:03:41 - Mapped URL path [/webjars/**] onto handler of type [class org.springframework.web.servlet.resource.ResourceHttpRequestHandler]
2018-11-19 09:03:41 - Mapped URL path [/**] onto handler of type [class org.springframework.web.servlet.resource.ResourceHttpRequestHandler]
2018-11-19 09:03:41 - Detected @ExceptionHandler methods in errorHandler
2018-11-19 09:03:41 - Mapped URL path [/**/favicon.ico] onto handler of type [class org.springframework.web.servlet.resource.ResourceHttpRequestHandler]
2018-11-19 09:03:42 - Mapped "{[/heapdump || /heapdump.json],methods=[GET],produces=[application/octet-stream]}" onto public void org.springframework.boot.actuate.endpoint.mvc.HeapdumpMvcEndpoint.invoke(boolean,javax.servlet.http.HttpServletRequest,javax.servlet.http.HttpServletResponse) throws java.io.IOException,javax.servlet.ServletException
2018-11-19 09:03:42 - Mapped "{[/loggers/{name:.*}],methods=[GET],produces=[application/vnd.spring-boot.actuator.v1+json || application/json]}" onto public java.lang.Object org.springframework.boot.actuate.endpoint.mvc.LoggersMvcEndpoint.get(java.lang.String)
2018-11-19 09:03:42 - Mapped "{[/loggers/{name:.*}],methods=[POST],consumes=[application/vnd.spring-boot.actuator.v1+json || application/json],produces=[application/vnd.spring-boot.actuator.v1+json || application/json]}" onto public java.lang.Object org.springframework.boot.actuate.endpoint.mvc.LoggersMvcEndpoint.set(java.lang.String,java.util.Map<java.lang.String, java.lang.String>)
2018-11-19 09:03:42 - Mapped "{[/loggers || /loggers.json],methods=[GET],produces=[application/vnd.spring-boot.actuator.v1+json || application/json]}" onto public java.lang.Object org.springframework.boot.actuate.endpoint.mvc.EndpointMvcAdapter.invoke()
2018-11-19 09:03:42 - Mapped "{[/trace || /trace.json],methods=[GET],produces=[application/vnd.spring-boot.actuator.v1+json || application/json]}" onto public java.lang.Object org.springframework.boot.actuate.endpoint.mvc.EndpointMvcAdapter.invoke()
2018-11-19 09:03:42 - Mapped "{[/configprops || /configprops.json],methods=[GET],produces=[application/vnd.spring-boot.actuator.v1+json || application/json]}" onto public java.lang.Object org.springframework.boot.actuate.endpoint.mvc.EndpointMvcAdapter.invoke()
2018-11-19 09:03:42 - Mapped "{[/metrics/{name:.*}],methods=[GET],produces=[application/vnd.spring-boot.actuator.v1+json || application/json]}" onto public java.lang.Object org.springframework.boot.actuate.endpoint.mvc.MetricsMvcEndpoint.value(java.lang.String)
2018-11-19 09:03:42 - Mapped "{[/metrics || /metrics.json],methods=[GET],produces=[application/vnd.spring-boot.actuator.v1+json || application/json]}" onto public java.lang.Object org.springframework.boot.actuate.endpoint.mvc.EndpointMvcAdapter.invoke()
2018-11-19 09:03:42 - Mapped "{[/autoconfig || /autoconfig.json],methods=[GET],produces=[application/vnd.spring-boot.actuator.v1+json || application/json]}" onto public java.lang.Object org.springframework.boot.actuate.endpoint.mvc.EndpointMvcAdapter.invoke()
2018-11-19 09:03:42 - Mapped "{[/auditevents || /auditevents.json],methods=[GET],produces=[application/vnd.spring-boot.actuator.v1+json || application/json]}" onto public org.springframework.http.ResponseEntity<?> org.springframework.boot.actuate.endpoint.mvc.AuditEventsMvcEndpoint.findByPrincipalAndAfterAndType(java.lang.String,java.util.Date,java.lang.String)
2018-11-19 09:03:42 - Mapped "{[/env/{name:.*}],methods=[GET],produces=[application/vnd.spring-boot.actuator.v1+json || application/json]}" onto public java.lang.Object org.springframework.boot.actuate.endpoint.mvc.EnvironmentMvcEndpoint.value(java.lang.String)
2018-11-19 09:03:42 - Mapped "{[/env || /env.json],methods=[GET],produces=[application/vnd.spring-boot.actuator.v1+json || application/json]}" onto public java.lang.Object org.springframework.boot.actuate.endpoint.mvc.EndpointMvcAdapter.invoke()
2018-11-19 09:03:42 - Mapped "{[/beans || /beans.json],methods=[GET],produces=[application/vnd.spring-boot.actuator.v1+json || application/json]}" onto public java.lang.Object org.springframework.boot.actuate.endpoint.mvc.EndpointMvcAdapter.invoke()
2018-11-19 09:03:42 - Mapped "{[/health || /health.json],methods=[GET],produces=[application/vnd.spring-boot.actuator.v1+json || application/json]}" onto public java.lang.Object org.springframework.boot.actuate.endpoint.mvc.HealthMvcEndpoint.invoke(javax.servlet.http.HttpServletRequest)
2018-11-19 09:03:42 - Mapped "{[/dump || /dump.json],methods=[GET],produces=[application/vnd.spring-boot.actuator.v1+json || application/json]}" onto public java.lang.Object org.springframework.boot.actuate.endpoint.mvc.EndpointMvcAdapter.invoke()
2018-11-19 09:03:42 - Mapped "{[/info || /info.json],methods=[GET],produces=[application/vnd.spring-boot.actuator.v1+json || application/json]}" onto public java.lang.Object org.springframework.boot.actuate.endpoint.mvc.EndpointMvcAdapter.invoke()
2018-11-19 09:03:42 - Mapped "{[/mappings || /mappings.json],methods=[GET],produces=[application/vnd.spring-boot.actuator.v1+json || application/json]}" onto public java.lang.Object org.springframework.boot.actuate.endpoint.mvc.EndpointMvcAdapter.invoke()
2018-11-19 09:03:42 - LiveReload server is running on port 35729
2018-11-19 09:03:42 - Registering beans for JMX exposure on startup
2018-11-19 09:03:42 - Registering beans for JMX exposure on startup
2018-11-19 09:03:42 - Starting beans in phase 0
2018-11-19 09:03:42 - Located managed bean 'auditEventsEndpoint': registering with JMX server as MBean [org.springframework.boot:type=Endpoint,name=auditEventsEndpoint]
2018-11-19 09:03:42 - Located managed bean 'requestMappingEndpoint': registering with JMX server as MBean [org.springframework.boot:type=Endpoint,name=requestMappingEndpoint]
2018-11-19 09:03:42 - Located managed bean 'environmentEndpoint': registering with JMX server as MBean [org.springframework.boot:type=Endpoint,name=environmentEndpoint]
2018-11-19 09:03:42 - Located managed bean 'healthEndpoint': registering with JMX server as MBean [org.springframework.boot:type=Endpoint,name=healthEndpoint]
2018-11-19 09:03:42 - Located managed bean 'beansEndpoint': registering with JMX server as MBean [org.springframework.boot:type=Endpoint,name=beansEndpoint]
2018-11-19 09:03:42 - Located managed bean 'infoEndpoint': registering with JMX server as MBean [org.springframework.boot:type=Endpoint,name=infoEndpoint]
2018-11-19 09:03:42 - Located managed bean 'loggersEndpoint': registering with JMX server as MBean [org.springframework.boot:type=Endpoint,name=loggersEndpoint]
2018-11-19 09:03:42 - Located managed bean 'metricsEndpoint': registering with JMX server as MBean [org.springframework.boot:type=Endpoint,name=metricsEndpoint]
2018-11-19 09:03:42 - Located managed bean 'traceEndpoint': registering with JMX server as MBean [org.springframework.boot:type=Endpoint,name=traceEndpoint]
2018-11-19 09:03:42 - Located managed bean 'dumpEndpoint': registering with JMX server as MBean [org.springframework.boot:type=Endpoint,name=dumpEndpoint]
2018-11-19 09:03:42 - Located managed bean 'autoConfigurationReportEndpoint': registering with JMX server as MBean [org.springframework.boot:type=Endpoint,name=autoConfigurationReportEndpoint]
2018-11-19 09:03:42 - Located managed bean 'configurationPropertiesReportEndpoint': registering with JMX server as MBean [org.springframework.boot:type=Endpoint,name=configurationPropertiesReportEndpoint]
2018-11-19 09:03:42 - Initializing ProtocolHandler ["http-nio-8092"]
2018-11-19 09:03:42 - Starting ProtocolHandler [http-nio-8092]
2018-11-19 09:03:42 - Using a shared selector for servlet write/read
2018-11-19 09:03:42 - Tomcat started on port(s): 8092 (http)
2018-11-19 09:03:42 - Started GtbankApiApplication in 9.698 seconds (JVM running for 11.175)
2018-11-19 09:04:04 - Initializing Spring FrameworkServlet 'dispatcherServlet'
2018-11-19 09:04:04 - FrameworkServlet 'dispatcherServlet': initialization started
2018-11-19 09:04:04 - FrameworkServlet 'dispatcherServlet': initialization completed in 29 ms
2018-11-19 09:04:04 - :::::::::: GETFAC URL http://gtweb.gtbank.com/ChungLee/GTRescueAgentCashout_WebService/WebService.asmx?op=FACValidityRequest
2018-11-19 09:04:04 - XML request to Gt for FACValidation <soapenv:Envelope xmlns:soapenv="http://schemas.xmlsoap.org/soap/envelope/" xmlns:tem="http://tempuri.org/">
   <soapenv:Header/>
   <soapenv:Body>
      <tem:FACValidityRequest>
         <!--Optional:-->
         <tem:facreq>
            <!--Optional:-->
            <tem:FACCode>1093183324</tem:FACCode>
            <!--Optional:-->
            <tem:MobileNumber>08034601276</tem:MobileNumber>
            <!--Optional:-->
            <tem:UniqueId>89512</tem:UniqueId>
            <!--Optional:-->
            <tem:Hash>5845830c9f43878256a3113f302f22a988b14d7db5cf637d14daabfe840fb8b9ccd16945b8dabb0c9b699ec50a9951007b088abeacc4838dbbf98fd5bf691681</tem:Hash>
         </tem:facreq>
      </tem:FACValidityRequest>
   </soapenv:Body>
</soapenv:Envelope>
2018-11-19 09:04:06 - XML response from Gt for FACValidation <200 OK,<?xml version="1.0" encoding="utf-8"?><soap:Envelope xmlns:soap="http://schemas.xmlsoap.org/soap/envelope/" xmlns:xsi="http://www.w3.org/2001/XMLSchema-instance" xmlns:xsd="http://www.w3.org/2001/XMLSchema"><soap:Body><FACValidityRequestResponse xmlns="http://tempuri.org/"><FACValidityRequestResult><ResponseCode>00</ResponseCode><ResponseDesc>FAC is valid</ResponseDesc><Hash>537229b57a1e59279a1e6b7305c93a0aefa78341986ef95d1961d95b167e416e97b5229ef5fbf9327f3e4282a20be347ef6000e5494478866dccb9f27cdd90af</Hash></FACValidityRequestResult></FACValidityRequestResponse></soap:Body></soap:Envelope>,{Cache-Control=[private, max-age=0], Content-Type=[text/xml; charset=utf-8], Server=[Microsoft-IIS/8.5], X-AspNet-Version=[4.0.30319], X-Powered-By=[ASP.NET], Date=[Mon, 19 Nov 2018 08:04:07 GMT], Content-Length=[597]}>
2018-11-19 09:04:06 - Response to xpresspayments calling app <ResponseCode>00</ResponseCode><ResponseDesc>FAC is valid</ResponseDesc><Hash>537229b57a1e59279a1e6b7305c93a0aefa78341986ef95d1961d95b167e416e97b5229ef5fbf9327f3e4282a20be347ef6000e5494478866dccb9f27cdd90af</Hash>
