2018-12-24 13:29:38 - Neither @ContextConfiguration nor @ContextHierarchy found for test class [com.xpresspayments.ZenithBank.ZenithbankApiApplicationTests], using SpringBootContextLoader
2018-12-24 13:29:38 - Could not detect default resource locations for test class [com.xpresspayments.ZenithBank.ZenithbankApiApplicationTests]: no resource found for suffixes {-context.xml, Context.groovy}.
2018-12-24 13:29:38 - Could not detect default configuration classes for test class [com.xpresspayments.ZenithBank.ZenithbankApiApplicationTests]: GtbankApiApplicationTests does not declare any static, non-private, non-final, nested classes annotated with @Configuration.
2018-12-24 13:29:39 - Found @SpringBootConfiguration com.xpresspayments.ZenithBank.ZenithbankApiApplication for test class com.xpresspayments.ZenithBank.ZenithbankApiApplicationTests
2018-12-24 13:29:39 - Loaded default TestExecutionListener class names from location [META-INF/spring.factories]: [org.springframework.boot.test.mock.mockito.MockitoTestExecutionListener, org.springframework.boot.test.mock.mockito.ResetMocksTestExecutionListener, org.springframework.boot.test.autoconfigure.restdocs.RestDocsTestExecutionListener, org.springframework.boot.test.autoconfigure.web.client.MockRestServiceServerResetTestExecutionListener, org.springframework.boot.test.autoconfigure.web.servlet.MockMvcPrintOnlyOnFailureTestExecutionListener, org.springframework.boot.test.autoconfigure.web.servlet.WebDriverTestExecutionListener, org.springframework.test.context.web.ServletTestExecutionListener, org.springframework.test.context.support.DirtiesContextBeforeModesTestExecutionListener, org.springframework.test.context.support.DependencyInjectionTestExecutionListener, org.springframework.test.context.support.DirtiesContextTestExecutionListener, org.springframework.test.context.transaction.TransactionalTestExecutionListener, org.springframework.test.context.jdbc.SqlScriptsTestExecutionListener]
2018-12-24 13:29:39 - Using TestExecutionListeners: [org.springframework.test.context.web.ServletTestExecutionListener@4d9e68d0, org.springframework.test.context.support.DirtiesContextBeforeModesTestExecutionListener@42e99e4a, org.springframework.boot.test.autoconfigure.SpringBootDependencyInjectionTestExecutionListener@14dd9eb7, org.springframework.test.context.support.DirtiesContextTestExecutionListener@52e6fdee, org.springframework.test.context.transaction.TransactionalTestExecutionListener@6c80d78a, org.springframework.test.context.jdbc.SqlScriptsTestExecutionListener@62150f9e, org.springframework.boot.test.mock.mockito.MockitoTestExecutionListener@1a451d4d, org.springframework.boot.test.autoconfigure.web.servlet.MockMvcPrintOnlyOnFailureTestExecutionListener@7fa98a66, org.springframework.boot.test.autoconfigure.web.servlet.WebDriverTestExecutionListener@15ff3e9e, org.springframework.boot.test.mock.mockito.ResetMocksTestExecutionListener@5fdcaa40, org.springframework.boot.test.autoconfigure.web.client.MockRestServiceServerResetTestExecutionListener@6dc17b83, org.springframework.boot.test.autoconfigure.restdocs.RestDocsTestExecutionListener@5e0826e7]
2018-12-24 13:29:39 - Neither @ContextConfiguration nor @ContextHierarchy found for test class [com.xpresspayments.ZenithBank.ZenithbankApiApplicationTests], using SpringBootContextLoader
2018-12-24 13:29:39 - Could not detect default resource locations for test class [com.xpresspayments.ZenithBank.ZenithbankApiApplicationTests]: no resource found for suffixes {-context.xml, Context.groovy}.
2018-12-24 13:29:39 - Could not detect default configuration classes for test class [com.xpresspayments.ZenithBank.ZenithbankApiApplicationTests]: GtbankApiApplicationTests does not declare any static, non-private, non-final, nested classes annotated with @Configuration.
2018-12-24 13:29:39 - Found @SpringBootConfiguration com.xpresspayments.ZenithBank.ZenithbankApiApplication for test class com.xpresspayments.ZenithBank.ZenithbankApiApplicationTests
2018-12-24 13:29:39 - Loaded default TestExecutionListener class names from location [META-INF/spring.factories]: [org.springframework.boot.test.mock.mockito.MockitoTestExecutionListener, org.springframework.boot.test.mock.mockito.ResetMocksTestExecutionListener, org.springframework.boot.test.autoconfigure.restdocs.RestDocsTestExecutionListener, org.springframework.boot.test.autoconfigure.web.client.MockRestServiceServerResetTestExecutionListener, org.springframework.boot.test.autoconfigure.web.servlet.MockMvcPrintOnlyOnFailureTestExecutionListener, org.springframework.boot.test.autoconfigure.web.servlet.WebDriverTestExecutionListener, org.springframework.test.context.web.ServletTestExecutionListener, org.springframework.test.context.support.DirtiesContextBeforeModesTestExecutionListener, org.springframework.test.context.support.DependencyInjectionTestExecutionListener, org.springframework.test.context.support.DirtiesContextTestExecutionListener, org.springframework.test.context.transaction.TransactionalTestExecutionListener, org.springframework.test.context.jdbc.SqlScriptsTestExecutionListener]
2018-12-24 13:29:39 - Using TestExecutionListeners: [org.springframework.test.context.web.ServletTestExecutionListener@7d8995e, org.springframework.test.context.support.DirtiesContextBeforeModesTestExecutionListener@130d63be, org.springframework.boot.test.autoconfigure.SpringBootDependencyInjectionTestExecutionListener@42a48628, org.springframework.test.context.support.DirtiesContextTestExecutionListener@293a5bf6, org.springframework.test.context.transaction.TransactionalTestExecutionListener@6aeb35e6, org.springframework.test.context.jdbc.SqlScriptsTestExecutionListener@1283bb96, org.springframework.boot.test.mock.mockito.MockitoTestExecutionListener@74f0ea28, org.springframework.boot.test.autoconfigure.web.servlet.MockMvcPrintOnlyOnFailureTestExecutionListener@f6efaab, org.springframework.boot.test.autoconfigure.web.servlet.WebDriverTestExecutionListener@3c19aaa5, org.springframework.boot.test.mock.mockito.ResetMocksTestExecutionListener@3349e9bb, org.springframework.boot.test.autoconfigure.web.client.MockRestServiceServerResetTestExecutionListener@409bf450, org.springframework.boot.test.autoconfigure.restdocs.RestDocsTestExecutionListener@38d8f54a]
2018-12-24 13:29:40 - Starting GtbankApiApplicationTests on SOLDEV28 with PID 10300 (started by amaechi.ekene in C:\Users\amaechi.ekene\IdeaProjects\gtbank-api)
2018-12-24 13:29:40 - No active profile set, falling back to default profiles: default
2018-12-24 13:29:40 - Refreshing org.springframework.web.context.support.GenericWebApplicationContext@7ae0a9ec: startup date [Mon Dec 24 13:29:40 WAT 2018]; root of context hierarchy
2018-12-24 13:29:43 - HV000001: Hibernate Validator 5.3.4.Final
2018-12-24 13:29:45 - JSR-330 'javax.inject.Inject' annotation found and supported for autowiring
2018-12-24 13:29:46 - Bean 'org.springframework.boot.autoconfigure.validation.ValidationAutoConfiguration' of type [class org.springframework.boot.autoconfigure.validation.ValidationAutoConfiguration] is not eligible for getting processed by all BeanPostProcessors (for example: not eligible for auto-proxying)
2018-12-24 13:29:46 - Bean 'validator' of type [class org.springframework.validation.beanvalidation.LocalValidatorFactoryBean] is not eligible for getting processed by all BeanPostProcessors (for example: not eligible for auto-proxying)
2018-12-24 13:29:46 - Bean 'org.springframework.ws.config.annotation.DelegatingWsConfiguration' of type [class org.springframework.ws.config.annotation.DelegatingWsConfiguration$$EnhancerBySpringCGLIB$$97ecc237] is not eligible for getting processed by all BeanPostProcessors (for example: not eligible for auto-proxying)
2018-12-24 13:29:46 - Supporting [WS-Addressing August 2004, WS-Addressing 1.0]
2018-12-24 13:29:46 - Bean 'org.springframework.transaction.annotation.ProxyTransactionManagementConfiguration' of type [class org.springframework.transaction.annotation.ProxyTransactionManagementConfiguration$$EnhancerBySpringCGLIB$$f354fd38] is not eligible for getting processed by all BeanPostProcessors (for example: not eligible for auto-proxying)
2018-12-24 13:29:49 - Building JPA container EntityManagerFactory for persistence unit 'default'
2018-12-24 13:29:49 - HHH000204: Processing PersistenceUnitInfo [
	name: default
	...]
2018-12-24 13:29:49 - HHH000412: Hibernate Core {5.0.11.Final}
2018-12-24 13:29:49 - HHH000206: hibernate.properties not found
2018-12-24 13:29:49 - HHH000021: Bytecode provider name : javassist
2018-12-24 13:29:50 - HCANN000001: Hibernate Commons Annotations {5.0.1.Final}
2018-12-24 13:29:50 - HHH000400: Using dialect: org.hibernate.dialect.SQLServer2012Dialect
2018-12-24 13:29:51 - Initialized JPA EntityManagerFactory for persistence unit 'default'
2018-12-24 13:29:52 - 

Using default security password: 01945376-883c-4078-a53a-d26dd94fb7f6

2018-12-24 13:29:53 - Creating filter chain: org.springframework.security.web.util.matcher.AnyRequestMatcher@1, [org.springframework.security.web.context.request.async.WebAsyncManagerIntegrationFilter@295d54d6, org.springframework.security.web.context.SecurityContextPersistenceFilter@4d664323, org.springframework.security.web.header.HeaderWriterFilter@4ed19b69, org.springframework.security.web.authentication.logout.LogoutFilter@511d5e6e, org.springframework.security.web.savedrequest.RequestCacheAwareFilter@2676d96a, org.springframework.security.web.servletapi.SecurityContextHolderAwareRequestFilter@41f686af, org.springframework.security.web.authentication.AnonymousAuthenticationFilter@398f0516, org.springframework.security.web.session.SessionManagementFilter@45dc7be, org.springframework.security.web.access.ExceptionTranslationFilter@45eacb70, org.springframework.security.web.access.intercept.FilterSecurityInterceptor@59b98ad1]
2018-12-24 13:29:53 - Creating filter chain: org.springframework.boot.actuate.autoconfigure.ManagementWebSecurityAutoConfiguration$LazyEndpointPathRequestMatcher@352c3d70, [org.springframework.security.web.context.request.async.WebAsyncManagerIntegrationFilter@4c13ca07, org.springframework.security.web.context.SecurityContextPersistenceFilter@6e668322, org.springframework.security.web.header.HeaderWriterFilter@69d7bc1a, org.springframework.security.web.authentication.logout.LogoutFilter@69de72ec, org.springframework.security.web.authentication.www.BasicAuthenticationFilter@113d0f75, org.springframework.security.web.savedrequest.RequestCacheAwareFilter@75ee6f89, org.springframework.security.web.servletapi.SecurityContextHolderAwareRequestFilter@210d3a42, org.springframework.security.web.authentication.AnonymousAuthenticationFilter@7d17906, org.springframework.security.web.session.SessionManagementFilter@cb318ac, org.springframework.security.web.access.ExceptionTranslationFilter@543da15, org.springframework.security.web.access.intercept.FilterSecurityInterceptor@2ac05a33]
2018-12-24 13:29:53 - Looking for @ControllerAdvice: org.springframework.web.context.support.GenericWebApplicationContext@7ae0a9ec: startup date [Mon Dec 24 13:29:40 WAT 2018]; root of context hierarchy
2018-12-24 13:29:53 - Mapped "{[/bvn],methods=[POST],consumes=[application/json],produces=[application/json]}" onto public com.xpresspayments.ZenithBank.model.XPDirect.Model.response.ApiBvnValidationResponse com.xpresspayments.ZenithBank.controller.AccountOpeningController.GetSingleBVN(com.xpresspayments.ZenithBank.model.XPDirect.Model.request.ApiBVNValidationRequest) throws java.lang.Exception
2018-12-24 13:29:53 - Mapped "{[/accountopening],methods=[POST],consumes=[application/json],produces=[application/json]}" onto public com.xpresspayments.ZenithBank.model.XPDirect.Model.response.ApiAccountOpeningResponse com.xpresspayments.ZenithBank.controller.AccountOpeningController.OpenAccount(com.xpresspayments.ZenithBank.model.XPDirect.Model.request.ApiAccountOpeningRequest) throws java.lang.Exception
2018-12-24 13:29:53 - Mapped "{[/agencybanking/authenticate],methods=[POST],consumes=[application/json],produces=[application/json]}" onto public com.xpresspayments.ZenithBank.model.XPDirect.Model.response.ApiValidationResponse com.xpresspayments.ZenithBank.controller.FacValidationController.validateCustomer(com.xpresspayments.ZenithBank.model.XPDirect.Model.request.ApiValidationRequest) throws java.lang.Exception
2018-12-24 13:29:53 - Mapped "{[/cashout],methods=[POST],consumes=[application/json],produces=[application/json]}" onto public com.xpresspayments.ZenithBank.model.XPDirect.Model.response.ApiCashOutResponse com.xpresspayments.ZenithBank.controller.FacValidationController.cashOut(com.xpresspayments.ZenithBank.model.XPDirect.Model.request.ApiCashOutRequest) throws java.lang.Exception
2018-12-24 13:29:53 - Mapped "{[/accountstatements],methods=[POST],produces=[application/json]}" onto public org.springframework.http.ResponseEntity<com.xpresspayments.ZenithBank.model.response.ZenithBankApiResponse> com.xpresspayments.ZenithBank.controller.GapsController.requestAccountStatement(com.xpresspayments.ZenithBank.model.request.ApiAccountStatementRequest) throws java.lang.Exception
2018-12-24 13:29:53 - Mapped "{[/balances],produces=[application/json]}" onto public com.xpresspayments.ZenithBank.model.response.ApiBalanceRetrievalResponse com.xpresspayments.ZenithBank.controller.GapsController.retrieveBalance(com.xpresspayments.ZenithBank.model.request.BalanceRetrievalRequest) throws java.lang.Exception
2018-12-24 13:29:53 - Mapped "{[/retailpayments],methods=[GET]}" onto public org.springframework.http.ResponseEntity<com.xpresspayments.ZenithBank.model.response.ZenithBankApiResponse> com.xpresspayments.ZenithBank.controller.GapsController.getRetailPayment(java.lang.String) throws java.lang.Exception
2018-12-24 13:29:53 - Mapped "{[/payments],methods=[GET]}" onto public org.springframework.http.ResponseEntity<com.xpresspayments.ZenithBank.model.response.ZenithBankApiResponse> com.xpresspayments.ZenithBank.controller.GapsController.getPayment(java.lang.String) throws java.lang.Exception
2018-12-24 13:29:53 - Mapped "{[/retailpayments],produces=[application/json]}" onto public org.springframework.http.ResponseEntity<com.xpresspayments.ZenithBank.model.response.ZenithBankApiResponse> com.xpresspayments.ZenithBank.controller.GapsController.makePayments(com.xpresspayments.ZenithBank.model.request.ApiFundTransferRequest) throws java.lang.Exception
2018-12-24 13:29:53 - Mapped "{[/payments],methods=[POST],produces=[application/json]}" onto public org.springframework.http.ResponseEntity<com.xpresspayments.ZenithBank.model.response.ZenithBankApiResponse> com.xpresspayments.ZenithBank.controller.GapsController.makeBulkPayments(com.xpresspayments.ZenithBank.model.request.MakePaymentRequest) throws java.lang.Exception
2018-12-24 13:29:53 - Mapped "{[/cashin],produces=[application/json]}" onto public org.springframework.http.ResponseEntity<com.xpresspayments.ZenithBank.model.response.ZenithBankApiResponse> com.xpresspayments.ZenithBank.controller.GapsController.cashInPayments(com.xpresspayments.ZenithBank.model.request.ApiFundTransferRequest) throws java.lang.Exception
2018-12-24 13:29:53 - Mapped "{[/nameenquiry],produces=[application/json]}" onto public org.springframework.http.ResponseEntity<com.xpresspayments.ZenithBank.model.response.ZenithBankApiResponse> com.xpresspayments.ZenithBank.controller.GapsController.validateAccount(com.xpresspayments.ZenithBank.model.request.AccountValidationRequest) throws java.lang.Exception
2018-12-24 13:29:53 - Mapped "{[/error]}" onto public org.springframework.http.ResponseEntity<java.util.Map<java.lang.String, java.lang.Object>> org.springframework.boot.autoconfigure.web.BasicErrorController.error(javax.servlet.http.HttpServletRequest)
2018-12-24 13:29:53 - Mapped "{[/error],produces=[text/html]}" onto public org.springframework.web.servlet.ModelAndView org.springframework.boot.autoconfigure.web.BasicErrorController.errorHtml(javax.servlet.http.HttpServletRequest,javax.servlet.http.HttpServletResponse)
2018-12-24 13:29:53 - Mapped URL path [/webjars/**] onto handler of type [class org.springframework.web.servlet.resource.ResourceHttpRequestHandler]
2018-12-24 13:29:53 - Mapped URL path [/**] onto handler of type [class org.springframework.web.servlet.resource.ResourceHttpRequestHandler]
2018-12-24 13:29:53 - Detected @ExceptionHandler methods in errorHandler
2018-12-24 13:29:53 - Mapped URL path [/**/favicon.ico] onto handler of type [class org.springframework.web.servlet.resource.ResourceHttpRequestHandler]
2018-12-24 13:29:54 - Mapped "{[/metrics/{name:.*}],methods=[GET],produces=[application/vnd.spring-boot.actuator.v1+json || application/json]}" onto public java.lang.Object org.springframework.boot.actuate.endpoint.mvc.MetricsMvcEndpoint.value(java.lang.String)
2018-12-24 13:29:54 - Mapped "{[/metrics || /metrics.json],methods=[GET],produces=[application/vnd.spring-boot.actuator.v1+json || application/json]}" onto public java.lang.Object org.springframework.boot.actuate.endpoint.mvc.EndpointMvcAdapter.invoke()
2018-12-24 13:29:54 - Mapped "{[/trace || /trace.json],methods=[GET],produces=[application/vnd.spring-boot.actuator.v1+json || application/json]}" onto public java.lang.Object org.springframework.boot.actuate.endpoint.mvc.EndpointMvcAdapter.invoke()
2018-12-24 13:29:54 - Mapped "{[/auditevents || /auditevents.json],methods=[GET],produces=[application/vnd.spring-boot.actuator.v1+json || application/json]}" onto public org.springframework.http.ResponseEntity<?> org.springframework.boot.actuate.endpoint.mvc.AuditEventsMvcEndpoint.findByPrincipalAndAfterAndType(java.lang.String,java.util.Date,java.lang.String)
2018-12-24 13:29:54 - Mapped "{[/configprops || /configprops.json],methods=[GET],produces=[application/vnd.spring-boot.actuator.v1+json || application/json]}" onto public java.lang.Object org.springframework.boot.actuate.endpoint.mvc.EndpointMvcAdapter.invoke()
2018-12-24 13:29:54 - Mapped "{[/env/{name:.*}],methods=[GET],produces=[application/vnd.spring-boot.actuator.v1+json || application/json]}" onto public java.lang.Object org.springframework.boot.actuate.endpoint.mvc.EnvironmentMvcEndpoint.value(java.lang.String)
2018-12-24 13:29:54 - Mapped "{[/env || /env.json],methods=[GET],produces=[application/vnd.spring-boot.actuator.v1+json || application/json]}" onto public java.lang.Object org.springframework.boot.actuate.endpoint.mvc.EndpointMvcAdapter.invoke()
2018-12-24 13:29:54 - Mapped "{[/mappings || /mappings.json],methods=[GET],produces=[application/vnd.spring-boot.actuator.v1+json || application/json]}" onto public java.lang.Object org.springframework.boot.actuate.endpoint.mvc.EndpointMvcAdapter.invoke()
2018-12-24 13:29:54 - Mapped "{[/dump || /dump.json],methods=[GET],produces=[application/vnd.spring-boot.actuator.v1+json || application/json]}" onto public java.lang.Object org.springframework.boot.actuate.endpoint.mvc.EndpointMvcAdapter.invoke()
2018-12-24 13:29:54 - Mapped "{[/info || /info.json],methods=[GET],produces=[application/vnd.spring-boot.actuator.v1+json || application/json]}" onto public java.lang.Object org.springframework.boot.actuate.endpoint.mvc.EndpointMvcAdapter.invoke()
2018-12-24 13:29:54 - Mapped "{[/autoconfig || /autoconfig.json],methods=[GET],produces=[application/vnd.spring-boot.actuator.v1+json || application/json]}" onto public java.lang.Object org.springframework.boot.actuate.endpoint.mvc.EndpointMvcAdapter.invoke()
2018-12-24 13:29:54 - Mapped "{[/loggers/{name:.*}],methods=[GET],produces=[application/vnd.spring-boot.actuator.v1+json || application/json]}" onto public java.lang.Object org.springframework.boot.actuate.endpoint.mvc.LoggersMvcEndpoint.get(java.lang.String)
2018-12-24 13:29:54 - Mapped "{[/loggers/{name:.*}],methods=[POST],consumes=[application/vnd.spring-boot.actuator.v1+json || application/json],produces=[application/vnd.spring-boot.actuator.v1+json || application/json]}" onto public java.lang.Object org.springframework.boot.actuate.endpoint.mvc.LoggersMvcEndpoint.set(java.lang.String,java.util.Map<java.lang.String, java.lang.String>)
2018-12-24 13:29:54 - Mapped "{[/loggers || /loggers.json],methods=[GET],produces=[application/vnd.spring-boot.actuator.v1+json || application/json]}" onto public java.lang.Object org.springframework.boot.actuate.endpoint.mvc.EndpointMvcAdapter.invoke()
2018-12-24 13:29:54 - Mapped "{[/beans || /beans.json],methods=[GET],produces=[application/vnd.spring-boot.actuator.v1+json || application/json]}" onto public java.lang.Object org.springframework.boot.actuate.endpoint.mvc.EndpointMvcAdapter.invoke()
2018-12-24 13:29:54 - Mapped "{[/health || /health.json],methods=[GET],produces=[application/vnd.spring-boot.actuator.v1+json || application/json]}" onto public java.lang.Object org.springframework.boot.actuate.endpoint.mvc.HealthMvcEndpoint.invoke(javax.servlet.http.HttpServletRequest)
2018-12-24 13:29:54 - Mapped "{[/heapdump || /heapdump.json],methods=[GET],produces=[application/octet-stream]}" onto public void org.springframework.boot.actuate.endpoint.mvc.HeapdumpMvcEndpoint.invoke(boolean,javax.servlet.http.HttpServletRequest,javax.servlet.http.HttpServletResponse) throws java.io.IOException,javax.servlet.ServletException
2018-12-24 13:29:54 - Started GtbankApiApplicationTests in 15.221 seconds (JVM running for 18.442)
2018-12-24 13:29:54 - Closing org.springframework.web.context.support.GenericWebApplicationContext@7ae0a9ec: startup date [Mon Dec 24 13:29:40 WAT 2018]; root of context hierarchy
2018-12-24 13:29:55 - Closing JPA EntityManagerFactory for persistence unit 'default'
