2019-01-14 13:37:37 - Starting GtbankApiApplication on SOLDEV28 with PID 15476 (C:\Users\amaechi.ekene\IdeaProjects\gtbank-api\target\classes started by amaechi.ekene in C:\Users\amaechi.ekene\IdeaProjects\gtbank-api)
2019-01-14 13:37:37 - No active profile set, falling back to default profiles: default
2019-01-14 13:37:38 - Refreshing org.springframework.boot.context.embedded.AnnotationConfigEmbeddedWebApplicationContext@4f3bc7f6: startup date [Mon Jan 14 13:37:38 WAT 2019]; root of context hierarchy
2019-01-14 13:37:39 - HV000001: Hibernate Validator 5.3.4.Final
2019-01-14 13:37:46 - JSR-330 'javax.inject.Inject' annotation found and supported for autowiring
2019-01-14 13:37:47 - Bean 'org.springframework.boot.autoconfigure.validation.ValidationAutoConfiguration' of type [class org.springframework.boot.autoconfigure.validation.ValidationAutoConfiguration] is not eligible for getting processed by all BeanPostProcessors (for example: not eligible for auto-proxying)
2019-01-14 13:37:47 - Bean 'validator' of type [class org.springframework.validation.beanvalidation.LocalValidatorFactoryBean] is not eligible for getting processed by all BeanPostProcessors (for example: not eligible for auto-proxying)
2019-01-14 13:37:47 - Bean 'org.springframework.ws.config.annotation.DelegatingWsConfiguration' of type [class org.springframework.ws.config.annotation.DelegatingWsConfiguration$$EnhancerBySpringCGLIB$$f4d402f1] is not eligible for getting processed by all BeanPostProcessors (for example: not eligible for auto-proxying)
2019-01-14 13:37:47 - Supporting [WS-Addressing August 2004, WS-Addressing 1.0]
2019-01-14 13:37:47 - Bean 'org.springframework.transaction.annotation.ProxyTransactionManagementConfiguration' of type [class org.springframework.transaction.annotation.ProxyTransactionManagementConfiguration$$EnhancerBySpringCGLIB$$503c3df2] is not eligible for getting processed by all BeanPostProcessors (for example: not eligible for auto-proxying)
2019-01-14 13:37:48 - Tomcat initialized with port(s): 8094 (http)
2019-01-14 13:37:48 - Starting service Tomcat
2019-01-14 13:37:48 - Starting Servlet Engine: Apache Tomcat/8.5.11
2019-01-14 13:37:48 - Initializing Spring embedded WebApplicationContext
2019-01-14 13:37:48 - Root WebApplicationContext: initialization completed in 10361 ms
2019-01-14 13:37:48 - Mapping filter: 'metricsFilter' to: [/*]
2019-01-14 13:37:48 - Mapping filter: 'characterEncodingFilter' to: [/*]
2019-01-14 13:37:48 - Mapping filter: 'hiddenHttpMethodFilter' to: [/*]
2019-01-14 13:37:48 - Mapping filter: 'httpPutFormContentFilter' to: [/*]
2019-01-14 13:37:48 - Mapping filter: 'requestContextFilter' to: [/*]
2019-01-14 13:37:48 - Mapping filter: 'springSecurityFilterChain' to: [/*]
2019-01-14 13:37:48 - Mapping filter: 'webRequestLoggingFilter' to: [/*]
2019-01-14 13:37:48 - Mapping filter: 'applicationContextIdFilter' to: [/*]
2019-01-14 13:37:48 - Mapping servlet: 'dispatcherServlet' to [/]
2019-01-14 13:37:48 - Mapping servlet: 'messageDispatcherServlet' to [/services/*]
2019-01-14 13:37:50 - Building JPA container EntityManagerFactory for persistence unit 'default'
2019-01-14 13:37:50 - HHH000204: Processing PersistenceUnitInfo [
	name: default
	...]
2019-01-14 13:37:50 - HHH000412: Hibernate Core {5.0.11.Final}
2019-01-14 13:37:50 - HHH000206: hibernate.properties not found
2019-01-14 13:37:50 - HHH000021: Bytecode provider name : javassist
2019-01-14 13:37:50 - HCANN000001: Hibernate Commons Annotations {5.0.1.Final}
2019-01-14 13:37:51 - HHH000400: Using dialect: org.hibernate.dialect.SQLServer2012Dialect
2019-01-14 13:37:52 - Initialized JPA EntityManagerFactory for persistence unit 'default'
2019-01-14 13:37:54 - 

Using default security password: e9bba782-fef9-41ad-9f3f-68daae64ad42

2019-01-14 13:37:54 - Creating filter chain: org.springframework.security.web.util.matcher.AnyRequestMatcher@1, [org.springframework.security.web.context.request.async.WebAsyncManagerIntegrationFilter@5856ef87, org.springframework.security.web.context.SecurityContextPersistenceFilter@7a8dc90, org.springframework.security.web.header.HeaderWriterFilter@4e74a79d, org.springframework.security.web.authentication.logout.LogoutFilter@5066b0db, org.springframework.security.web.savedrequest.RequestCacheAwareFilter@47f1019e, org.springframework.security.web.servletapi.SecurityContextHolderAwareRequestFilter@7d3aec4f, org.springframework.security.web.authentication.AnonymousAuthenticationFilter@5973f745, org.springframework.security.web.session.SessionManagementFilter@60a90251, org.springframework.security.web.access.ExceptionTranslationFilter@622b3b9a, org.springframework.security.web.access.intercept.FilterSecurityInterceptor@6b4126a6]
2019-01-14 13:37:54 - Creating filter chain: org.springframework.boot.actuate.autoconfigure.ManagementWebSecurityAutoConfiguration$LazyEndpointPathRequestMatcher@2baea6b8, [org.springframework.security.web.context.request.async.WebAsyncManagerIntegrationFilter@745f2170, org.springframework.security.web.context.SecurityContextPersistenceFilter@356e5fc5, org.springframework.security.web.header.HeaderWriterFilter@7ef8d336, org.springframework.security.web.authentication.logout.LogoutFilter@45ff324e, org.springframework.security.web.authentication.www.BasicAuthenticationFilter@2a8eb401, org.springframework.security.web.savedrequest.RequestCacheAwareFilter@336ba9b9, org.springframework.security.web.servletapi.SecurityContextHolderAwareRequestFilter@bb2bd81, org.springframework.security.web.authentication.AnonymousAuthenticationFilter@2c51c37, org.springframework.security.web.session.SessionManagementFilter@12cc33a, org.springframework.security.web.access.ExceptionTranslationFilter@759e63a2, org.springframework.security.web.access.intercept.FilterSecurityInterceptor@28051267]
2019-01-14 13:37:54 - Looking for @ControllerAdvice: org.springframework.boot.context.embedded.AnnotationConfigEmbeddedWebApplicationContext@4f3bc7f6: startup date [Mon Jan 14 13:37:38 WAT 2019]; root of context hierarchy
2019-01-14 13:37:54 - Mapped "{[/accountopening],methods=[POST],consumes=[application/json],produces=[application/json]}" onto public com.xpresspayments.ZenithBank.model.XPDirect.Model.response.ApiAccountOpeningResponse com.xpresspayments.ZenithBank.controller.AccountOpeningController.OpenAccount(com.xpresspayments.ZenithBank.model.XPDirect.Model.request.ApiAccountOpeningRequest) throws java.lang.Exception
2019-01-14 13:37:54 - Mapped "{[/bvn],produces=[application/json]}" onto public com.xpresspayments.ZenithBank.model.XPDirect.Model.response.ApiBvnValidationResponse com.xpresspayments.ZenithBank.controller.AccountOpeningController.GetSingleBVN(com.xpresspayments.ZenithBank.model.XPDirect.Model.request.ApiBVNValidationRequest) throws java.lang.Exception
2019-01-14 13:37:54 - Mapped "{[/agencybanking/authenticate],methods=[POST],consumes=[application/json],produces=[application/json]}" onto public com.xpresspayments.ZenithBank.model.XPDirect.Model.response.ApiValidationResponse com.xpresspayments.ZenithBank.controller.FacValidationController.validateCustomer(com.xpresspayments.ZenithBank.model.XPDirect.Model.request.ApiValidationRequest) throws java.lang.Exception
2019-01-14 13:37:54 - Mapped "{[/cashout],methods=[POST],consumes=[application/json],produces=[application/json]}" onto public com.xpresspayments.ZenithBank.model.XPDirect.Model.response.ApiCashOutResponse com.xpresspayments.ZenithBank.controller.FacValidationController.cashOut(com.xpresspayments.ZenithBank.model.XPDirect.Model.request.ApiCashOutRequest) throws java.lang.Exception
2019-01-14 13:37:54 - Mapped "{[/retailpayments],produces=[application/json]}" onto public org.springframework.http.ResponseEntity<com.xpresspayments.ZenithBank.model.response.ZenithBankApiResponse> com.xpresspayments.ZenithBank.controller.GapsController.makePayments(com.xpresspayments.ZenithBank.model.request.ApiFundTransferRequest) throws java.lang.Exception
2019-01-14 13:37:54 - Mapped "{[/payments],methods=[POST],produces=[application/json]}" onto public org.springframework.http.ResponseEntity<com.xpresspayments.ZenithBank.model.response.ZenithBankApiResponse> com.xpresspayments.ZenithBank.controller.GapsController.makeBulkPayments(com.xpresspayments.ZenithBank.model.request.MakePaymentRequest) throws java.lang.Exception
2019-01-14 13:37:54 - Mapped "{[/nameenquiry],produces=[application/json]}" onto public org.springframework.http.ResponseEntity<com.xpresspayments.ZenithBank.model.response.ZenithBankApiResponse> com.xpresspayments.ZenithBank.controller.GapsController.validateAccount(com.xpresspayments.ZenithBank.model.request.AccountValidationRequest) throws java.lang.Exception
2019-01-14 13:37:54 - Mapped "{[/payments],methods=[GET]}" onto public org.springframework.http.ResponseEntity<com.xpresspayments.ZenithBank.model.response.ZenithBankApiResponse> com.xpresspayments.ZenithBank.controller.GapsController.getPayment(java.lang.String) throws java.lang.Exception
2019-01-14 13:37:54 - Mapped "{[/accountbalances],produces=[application/json]}" onto public org.springframework.http.ResponseEntity<com.xpresspayments.ZenithBank.model.response.ZenithBankApiResponse> com.xpresspayments.ZenithBank.controller.GapsController.retrieveBalance(com.xpresspayments.ZenithBank.model.request.BalanceRetrievalRequest) throws java.lang.Exception
2019-01-14 13:37:54 - Mapped "{[/retailpayments],methods=[GET]}" onto public org.springframework.http.ResponseEntity<com.xpresspayments.ZenithBank.model.response.ZenithBankApiResponse> com.xpresspayments.ZenithBank.controller.GapsController.getRetailPayment(java.lang.String) throws java.lang.Exception
2019-01-14 13:37:54 - Mapped "{[/cashin],produces=[application/json]}" onto public com.xpresspayments.ZenithBank.model.XPDirect.Model.response.ApiCashinResponse com.xpresspayments.ZenithBank.controller.GapsController.cashInPayments(com.xpresspayments.ZenithBank.model.XPDirect.Model.request.ApiCashinRequest) throws java.lang.Exception
2019-01-14 13:37:54 - Mapped "{[/balances],produces=[application/json]}" onto public com.xpresspayments.ZenithBank.model.response.ApiBalanceRetrievalResponse com.xpresspayments.ZenithBank.controller.GapsController.retrieveAccountBalance(com.xpresspayments.ZenithBank.model.request.BalanceRetrievalRequest) throws java.lang.Exception
2019-01-14 13:37:54 - Mapped "{[/accountstatements],methods=[POST],produces=[application/json]}" onto public org.springframework.http.ResponseEntity<com.xpresspayments.ZenithBank.model.response.ZenithBankApiResponse> com.xpresspayments.ZenithBank.controller.GapsController.requestAccountStatement(com.xpresspayments.ZenithBank.model.request.ApiAccountStatementRequest) throws java.lang.Exception
2019-01-14 13:37:54 - Mapped "{[/error]}" onto public org.springframework.http.ResponseEntity<java.util.Map<java.lang.String, java.lang.Object>> org.springframework.boot.autoconfigure.web.BasicErrorController.error(javax.servlet.http.HttpServletRequest)
2019-01-14 13:37:54 - Mapped "{[/error],produces=[text/html]}" onto public org.springframework.web.servlet.ModelAndView org.springframework.boot.autoconfigure.web.BasicErrorController.errorHtml(javax.servlet.http.HttpServletRequest,javax.servlet.http.HttpServletResponse)
2019-01-14 13:37:54 - Mapped URL path [/webjars/**] onto handler of type [class org.springframework.web.servlet.resource.ResourceHttpRequestHandler]
2019-01-14 13:37:54 - Mapped URL path [/**] onto handler of type [class org.springframework.web.servlet.resource.ResourceHttpRequestHandler]
2019-01-14 13:37:54 - Detected @ExceptionHandler methods in errorHandler
2019-01-14 13:37:54 - Mapped URL path [/**/favicon.ico] onto handler of type [class org.springframework.web.servlet.resource.ResourceHttpRequestHandler]
2019-01-14 13:37:55 - Mapped "{[/info || /info.json],methods=[GET],produces=[application/vnd.spring-boot.actuator.v1+json || application/json]}" onto public java.lang.Object org.springframework.boot.actuate.endpoint.mvc.EndpointMvcAdapter.invoke()
2019-01-14 13:37:55 - Mapped "{[/auditevents || /auditevents.json],methods=[GET],produces=[application/vnd.spring-boot.actuator.v1+json || application/json]}" onto public org.springframework.http.ResponseEntity<?> org.springframework.boot.actuate.endpoint.mvc.AuditEventsMvcEndpoint.findByPrincipalAndAfterAndType(java.lang.String,java.util.Date,java.lang.String)
2019-01-14 13:37:55 - Mapped "{[/dump || /dump.json],methods=[GET],produces=[application/vnd.spring-boot.actuator.v1+json || application/json]}" onto public java.lang.Object org.springframework.boot.actuate.endpoint.mvc.EndpointMvcAdapter.invoke()
2019-01-14 13:37:55 - Mapped "{[/trace || /trace.json],methods=[GET],produces=[application/vnd.spring-boot.actuator.v1+json || application/json]}" onto public java.lang.Object org.springframework.boot.actuate.endpoint.mvc.EndpointMvcAdapter.invoke()
2019-01-14 13:37:55 - Mapped "{[/heapdump || /heapdump.json],methods=[GET],produces=[application/octet-stream]}" onto public void org.springframework.boot.actuate.endpoint.mvc.HeapdumpMvcEndpoint.invoke(boolean,javax.servlet.http.HttpServletRequest,javax.servlet.http.HttpServletResponse) throws java.io.IOException,javax.servlet.ServletException
2019-01-14 13:37:55 - Mapped "{[/loggers/{name:.*}],methods=[GET],produces=[application/vnd.spring-boot.actuator.v1+json || application/json]}" onto public java.lang.Object org.springframework.boot.actuate.endpoint.mvc.LoggersMvcEndpoint.get(java.lang.String)
2019-01-14 13:37:55 - Mapped "{[/loggers/{name:.*}],methods=[POST],consumes=[application/vnd.spring-boot.actuator.v1+json || application/json],produces=[application/vnd.spring-boot.actuator.v1+json || application/json]}" onto public java.lang.Object org.springframework.boot.actuate.endpoint.mvc.LoggersMvcEndpoint.set(java.lang.String,java.util.Map<java.lang.String, java.lang.String>)
2019-01-14 13:37:55 - Mapped "{[/loggers || /loggers.json],methods=[GET],produces=[application/vnd.spring-boot.actuator.v1+json || application/json]}" onto public java.lang.Object org.springframework.boot.actuate.endpoint.mvc.EndpointMvcAdapter.invoke()
2019-01-14 13:37:55 - Mapped "{[/health || /health.json],methods=[GET],produces=[application/vnd.spring-boot.actuator.v1+json || application/json]}" onto public java.lang.Object org.springframework.boot.actuate.endpoint.mvc.HealthMvcEndpoint.invoke(javax.servlet.http.HttpServletRequest)
2019-01-14 13:37:55 - Mapped "{[/autoconfig || /autoconfig.json],methods=[GET],produces=[application/vnd.spring-boot.actuator.v1+json || application/json]}" onto public java.lang.Object org.springframework.boot.actuate.endpoint.mvc.EndpointMvcAdapter.invoke()
2019-01-14 13:37:55 - Mapped "{[/beans || /beans.json],methods=[GET],produces=[application/vnd.spring-boot.actuator.v1+json || application/json]}" onto public java.lang.Object org.springframework.boot.actuate.endpoint.mvc.EndpointMvcAdapter.invoke()
2019-01-14 13:37:55 - Mapped "{[/metrics/{name:.*}],methods=[GET],produces=[application/vnd.spring-boot.actuator.v1+json || application/json]}" onto public java.lang.Object org.springframework.boot.actuate.endpoint.mvc.MetricsMvcEndpoint.value(java.lang.String)
2019-01-14 13:37:55 - Mapped "{[/metrics || /metrics.json],methods=[GET],produces=[application/vnd.spring-boot.actuator.v1+json || application/json]}" onto public java.lang.Object org.springframework.boot.actuate.endpoint.mvc.EndpointMvcAdapter.invoke()
2019-01-14 13:37:55 - Mapped "{[/env/{name:.*}],methods=[GET],produces=[application/vnd.spring-boot.actuator.v1+json || application/json]}" onto public java.lang.Object org.springframework.boot.actuate.endpoint.mvc.EnvironmentMvcEndpoint.value(java.lang.String)
2019-01-14 13:37:55 - Mapped "{[/env || /env.json],methods=[GET],produces=[application/vnd.spring-boot.actuator.v1+json || application/json]}" onto public java.lang.Object org.springframework.boot.actuate.endpoint.mvc.EndpointMvcAdapter.invoke()
2019-01-14 13:37:55 - Mapped "{[/mappings || /mappings.json],methods=[GET],produces=[application/vnd.spring-boot.actuator.v1+json || application/json]}" onto public java.lang.Object org.springframework.boot.actuate.endpoint.mvc.EndpointMvcAdapter.invoke()
2019-01-14 13:37:55 - Mapped "{[/configprops || /configprops.json],methods=[GET],produces=[application/vnd.spring-boot.actuator.v1+json || application/json]}" onto public java.lang.Object org.springframework.boot.actuate.endpoint.mvc.EndpointMvcAdapter.invoke()
2019-01-14 13:37:55 - LiveReload server is running on port 35729
2019-01-14 13:37:55 - Registering beans for JMX exposure on startup
2019-01-14 13:37:55 - Registering beans for JMX exposure on startup
2019-01-14 13:37:55 - Starting beans in phase 0
2019-01-14 13:37:55 - Located managed bean 'auditEventsEndpoint': registering with JMX server as MBean [org.springframework.boot:type=Endpoint,name=auditEventsEndpoint]
2019-01-14 13:37:55 - Located managed bean 'requestMappingEndpoint': registering with JMX server as MBean [org.springframework.boot:type=Endpoint,name=requestMappingEndpoint]
2019-01-14 13:37:55 - Located managed bean 'environmentEndpoint': registering with JMX server as MBean [org.springframework.boot:type=Endpoint,name=environmentEndpoint]
2019-01-14 13:37:55 - Located managed bean 'healthEndpoint': registering with JMX server as MBean [org.springframework.boot:type=Endpoint,name=healthEndpoint]
2019-01-14 13:37:55 - Located managed bean 'beansEndpoint': registering with JMX server as MBean [org.springframework.boot:type=Endpoint,name=beansEndpoint]
2019-01-14 13:37:55 - Located managed bean 'infoEndpoint': registering with JMX server as MBean [org.springframework.boot:type=Endpoint,name=infoEndpoint]
2019-01-14 13:37:55 - Located managed bean 'loggersEndpoint': registering with JMX server as MBean [org.springframework.boot:type=Endpoint,name=loggersEndpoint]
2019-01-14 13:37:55 - Located managed bean 'metricsEndpoint': registering with JMX server as MBean [org.springframework.boot:type=Endpoint,name=metricsEndpoint]
2019-01-14 13:37:55 - Located managed bean 'traceEndpoint': registering with JMX server as MBean [org.springframework.boot:type=Endpoint,name=traceEndpoint]
2019-01-14 13:37:55 - Located managed bean 'dumpEndpoint': registering with JMX server as MBean [org.springframework.boot:type=Endpoint,name=dumpEndpoint]
2019-01-14 13:37:55 - Located managed bean 'autoConfigurationReportEndpoint': registering with JMX server as MBean [org.springframework.boot:type=Endpoint,name=autoConfigurationReportEndpoint]
2019-01-14 13:37:55 - Located managed bean 'configurationPropertiesReportEndpoint': registering with JMX server as MBean [org.springframework.boot:type=Endpoint,name=configurationPropertiesReportEndpoint]
2019-01-14 13:37:55 - Initializing ProtocolHandler ["http-nio-8094"]
2019-01-14 13:37:55 - Starting ProtocolHandler [http-nio-8094]
2019-01-14 13:37:55 - Using a shared selector for servlet write/read
2019-01-14 13:37:56 - Tomcat started on port(s): 8094 (http)
2019-01-14 13:37:56 - Started GtbankApiApplication in 19.378 seconds (JVM running for 21.555)
