2018-10-04 10:58:40 - Neither @ContextConfiguration nor @ContextHierarchy found for test class [com.xpresspayments.ZenithBank.ZenithbankApiApplicationTests], using SpringBootContextLoader
2018-10-04 10:58:40 - Could not detect default resource locations for test class [com.xpresspayments.ZenithBank.ZenithbankApiApplicationTests]: no resource found for suffixes {-context.xml, Context.groovy}.
2018-10-04 10:58:40 - Could not detect default configuration classes for test class [com.xpresspayments.ZenithBank.ZenithbankApiApplicationTests]: GtbankApiApplicationTests does not declare any static, non-private, non-final, nested classes annotated with @Configuration.
2018-10-04 10:58:40 - Found @SpringBootConfiguration com.xpresspayments.ZenithBank.ZenithbankApiApplication for test class com.xpresspayments.ZenithBank.ZenithbankApiApplicationTests
2018-10-04 10:58:40 - Loaded default TestExecutionListener class names from location [META-INF/spring.factories]: [org.springframework.boot.test.mock.mockito.MockitoTestExecutionListener, org.springframework.boot.test.mock.mockito.ResetMocksTestExecutionListener, org.springframework.boot.test.autoconfigure.restdocs.RestDocsTestExecutionListener, org.springframework.boot.test.autoconfigure.web.client.MockRestServiceServerResetTestExecutionListener, org.springframework.boot.test.autoconfigure.web.servlet.MockMvcPrintOnlyOnFailureTestExecutionListener, org.springframework.boot.test.autoconfigure.web.servlet.WebDriverTestExecutionListener, org.springframework.test.context.web.ServletTestExecutionListener, org.springframework.test.context.support.DirtiesContextBeforeModesTestExecutionListener, org.springframework.test.context.support.DependencyInjectionTestExecutionListener, org.springframework.test.context.support.DirtiesContextTestExecutionListener, org.springframework.test.context.transaction.TransactionalTestExecutionListener, org.springframework.test.context.jdbc.SqlScriptsTestExecutionListener]
2018-10-04 10:58:40 - Using TestExecutionListeners: [org.springframework.test.context.web.ServletTestExecutionListener@4d9e68d0, org.springframework.test.context.support.DirtiesContextBeforeModesTestExecutionListener@42e99e4a, org.springframework.boot.test.autoconfigure.SpringBootDependencyInjectionTestExecutionListener@14dd9eb7, org.springframework.test.context.support.DirtiesContextTestExecutionListener@52e6fdee, org.springframework.test.context.transaction.TransactionalTestExecutionListener@6c80d78a, org.springframework.test.context.jdbc.SqlScriptsTestExecutionListener@62150f9e, org.springframework.boot.test.mock.mockito.MockitoTestExecutionListener@1a451d4d, org.springframework.boot.test.autoconfigure.web.servlet.MockMvcPrintOnlyOnFailureTestExecutionListener@7fa98a66, org.springframework.boot.test.autoconfigure.web.servlet.WebDriverTestExecutionListener@15ff3e9e, org.springframework.boot.test.mock.mockito.ResetMocksTestExecutionListener@5fdcaa40, org.springframework.boot.test.autoconfigure.web.client.MockRestServiceServerResetTestExecutionListener@6dc17b83, org.springframework.boot.test.autoconfigure.restdocs.RestDocsTestExecutionListener@5e0826e7]
2018-10-04 10:58:40 - Neither @ContextConfiguration nor @ContextHierarchy found for test class [com.xpresspayments.ZenithBank.ZenithbankApiApplicationTests], using SpringBootContextLoader
2018-10-04 10:58:40 - Could not detect default resource locations for test class [com.xpresspayments.ZenithBank.ZenithbankApiApplicationTests]: no resource found for suffixes {-context.xml, Context.groovy}.
2018-10-04 10:58:40 - Could not detect default configuration classes for test class [com.xpresspayments.ZenithBank.ZenithbankApiApplicationTests]: GtbankApiApplicationTests does not declare any static, non-private, non-final, nested classes annotated with @Configuration.
2018-10-04 10:58:40 - Found @SpringBootConfiguration com.xpresspayments.ZenithBank.ZenithbankApiApplication for test class com.xpresspayments.ZenithBank.ZenithbankApiApplicationTests
2018-10-04 10:58:40 - Loaded default TestExecutionListener class names from location [META-INF/spring.factories]: [org.springframework.boot.test.mock.mockito.MockitoTestExecutionListener, org.springframework.boot.test.mock.mockito.ResetMocksTestExecutionListener, org.springframework.boot.test.autoconfigure.restdocs.RestDocsTestExecutionListener, org.springframework.boot.test.autoconfigure.web.client.MockRestServiceServerResetTestExecutionListener, org.springframework.boot.test.autoconfigure.web.servlet.MockMvcPrintOnlyOnFailureTestExecutionListener, org.springframework.boot.test.autoconfigure.web.servlet.WebDriverTestExecutionListener, org.springframework.test.context.web.ServletTestExecutionListener, org.springframework.test.context.support.DirtiesContextBeforeModesTestExecutionListener, org.springframework.test.context.support.DependencyInjectionTestExecutionListener, org.springframework.test.context.support.DirtiesContextTestExecutionListener, org.springframework.test.context.transaction.TransactionalTestExecutionListener, org.springframework.test.context.jdbc.SqlScriptsTestExecutionListener]
2018-10-04 10:58:40 - Using TestExecutionListeners: [org.springframework.test.context.web.ServletTestExecutionListener@130d63be, org.springframework.test.context.support.DirtiesContextBeforeModesTestExecutionListener@42a48628, org.springframework.boot.test.autoconfigure.SpringBootDependencyInjectionTestExecutionListener@293a5bf6, org.springframework.test.context.support.DirtiesContextTestExecutionListener@6aeb35e6, org.springframework.test.context.transaction.TransactionalTestExecutionListener@1283bb96, org.springframework.test.context.jdbc.SqlScriptsTestExecutionListener@74f0ea28, org.springframework.boot.test.mock.mockito.MockitoTestExecutionListener@f6efaab, org.springframework.boot.test.autoconfigure.web.servlet.MockMvcPrintOnlyOnFailureTestExecutionListener@3c19aaa5, org.springframework.boot.test.autoconfigure.web.servlet.WebDriverTestExecutionListener@3349e9bb, org.springframework.boot.test.mock.mockito.ResetMocksTestExecutionListener@409bf450, org.springframework.boot.test.autoconfigure.web.client.MockRestServiceServerResetTestExecutionListener@38d8f54a, org.springframework.boot.test.autoconfigure.restdocs.RestDocsTestExecutionListener@49e53c76]
2018-10-04 10:58:41 - Starting GtbankApiApplicationTests on SOLDEV22 with PID 25688 (started by abdussamad.olaiya in C:\Users\abdussamad.olaiya\IdeaProjects\gtbank-api)
2018-10-04 10:58:41 - No active profile set, falling back to default profiles: default
2018-10-04 10:58:41 - Refreshing org.springframework.web.context.support.GenericWebApplicationContext@61c4eee0: startup date [Thu Oct 04 10:58:41 WAT 2018]; root of context hierarchy
2018-10-04 10:58:41 - HV000001: Hibernate Validator 5.3.4.Final
2018-10-04 10:58:45 - JSR-330 'javax.inject.Inject' annotation found and supported for autowiring
2018-10-04 10:58:45 - Bean 'org.springframework.boot.autoconfigure.validation.ValidationAutoConfiguration' of type [class org.springframework.boot.autoconfigure.validation.ValidationAutoConfiguration] is not eligible for getting processed by all BeanPostProcessors (for example: not eligible for auto-proxying)
2018-10-04 10:58:45 - Bean 'validator' of type [class org.springframework.validation.beanvalidation.LocalValidatorFactoryBean] is not eligible for getting processed by all BeanPostProcessors (for example: not eligible for auto-proxying)
2018-10-04 10:58:45 - Bean 'org.springframework.ws.config.annotation.DelegatingWsConfiguration' of type [class org.springframework.ws.config.annotation.DelegatingWsConfiguration$$EnhancerBySpringCGLIB$$4961ade7] is not eligible for getting processed by all BeanPostProcessors (for example: not eligible for auto-proxying)
2018-10-04 10:58:45 - Supporting [WS-Addressing August 2004, WS-Addressing 1.0]
2018-10-04 10:58:45 - Bean 'org.springframework.transaction.annotation.ProxyTransactionManagementConfiguration' of type [class org.springframework.transaction.annotation.ProxyTransactionManagementConfiguration$$EnhancerBySpringCGLIB$$a4c9e8e8] is not eligible for getting processed by all BeanPostProcessors (for example: not eligible for auto-proxying)
2018-10-04 10:58:48 - Building JPA container EntityManagerFactory for persistence unit 'default'
2018-10-04 10:58:48 - HHH000204: Processing PersistenceUnitInfo [
	name: default
	...]
2018-10-04 10:58:48 - HHH000412: Hibernate Core {5.0.11.Final}
2018-10-04 10:58:48 - HHH000206: hibernate.properties not found
2018-10-04 10:58:48 - HHH000021: Bytecode provider name : javassist
2018-10-04 10:58:48 - HCANN000001: Hibernate Commons Annotations {5.0.1.Final}
2018-10-04 10:58:49 - HHH000400: Using dialect: org.hibernate.dialect.SQLServer2012Dialect
2018-10-04 10:58:52 - Initialized JPA EntityManagerFactory for persistence unit 'default'
2018-10-04 10:58:53 - 

Using default security password: 5d8f785a-821b-42b3-9987-1c751f270296

2018-10-04 10:58:54 - Creating filter chain: org.springframework.security.web.util.matcher.AnyRequestMatcher@1, [org.springframework.security.web.context.request.async.WebAsyncManagerIntegrationFilter@70ee9d31, org.springframework.security.web.context.SecurityContextPersistenceFilter@28f90752, org.springframework.security.web.header.HeaderWriterFilter@4f581211, org.springframework.security.web.authentication.logout.LogoutFilter@33430fc, org.springframework.security.web.savedrequest.RequestCacheAwareFilter@72a34537, org.springframework.security.web.servletapi.SecurityContextHolderAwareRequestFilter@27e21083, org.springframework.security.web.authentication.AnonymousAuthenticationFilter@1a01ffff, org.springframework.security.web.session.SessionManagementFilter@f1d1463, org.springframework.security.web.access.ExceptionTranslationFilter@23df7fad, org.springframework.security.web.access.intercept.FilterSecurityInterceptor@135064ea]
2018-10-04 10:58:54 - Creating filter chain: org.springframework.boot.actuate.autoconfigure.ManagementWebSecurityAutoConfiguration$LazyEndpointPathRequestMatcher@9880a15, [org.springframework.security.web.context.request.async.WebAsyncManagerIntegrationFilter@6febec41, org.springframework.security.web.context.SecurityContextPersistenceFilter@40017e98, org.springframework.security.web.header.HeaderWriterFilter@1a3b1f7e, org.springframework.security.web.authentication.logout.LogoutFilter@15914bb5, org.springframework.security.web.authentication.www.BasicAuthenticationFilter@48d5ca17, org.springframework.security.web.savedrequest.RequestCacheAwareFilter@4fbe486c, org.springframework.security.web.servletapi.SecurityContextHolderAwareRequestFilter@dbc7e0a, org.springframework.security.web.authentication.AnonymousAuthenticationFilter@3de88f64, org.springframework.security.web.session.SessionManagementFilter@22899683, org.springframework.security.web.access.ExceptionTranslationFilter@11c3ce6a, org.springframework.security.web.access.intercept.FilterSecurityInterceptor@4d065e1a]
2018-10-04 10:58:55 - Looking for @ControllerAdvice: org.springframework.web.context.support.GenericWebApplicationContext@61c4eee0: startup date [Thu Oct 04 10:58:41 WAT 2018]; root of context hierarchy
2018-10-04 10:58:55 - Mapped "{[/accountstatements],methods=[POST],produces=[application/json]}" onto public org.springframework.http.ResponseEntity<com.xpresspayments.ZenithBank.model.response.ZenithBankApiResponse> com.xpresspayments.ZenithBank.controller.GapsController.requestAccountStatement(com.xpresspayments.ZenithBank.model.request.ApiAccountStatementRequest) throws java.lang.Exception
2018-10-04 10:58:55 - Mapped "{[/balances],produces=[application/json]}" onto public com.xpresspayments.ZenithBank.model.response.ApiBalanceRetrievalResponse com.xpresspayments.ZenithBank.controller.GapsController.retrieveBalance(com.xpresspayments.ZenithBank.model.request.BalanceRetrievalRequest) throws java.lang.Exception
2018-10-04 10:58:55 - Mapped "{[/payments],methods=[GET]}" onto public org.springframework.http.ResponseEntity<com.xpresspayments.ZenithBank.model.response.ZenithBankApiResponse> com.xpresspayments.ZenithBank.controller.GapsController.getPayment(java.lang.String) throws java.lang.Exception
2018-10-04 10:58:55 - Mapped "{[/payments],produces=[application/json]}" onto public org.springframework.http.ResponseEntity<com.xpresspayments.ZenithBank.model.response.ZenithBankApiResponse> com.xpresspayments.ZenithBank.controller.GapsController.makeBulkPayments(com.xpresspayments.ZenithBank.model.request.MakePaymentRequest) throws java.lang.Exception
2018-10-04 10:58:55 - Mapped "{[/retailpayments],produces=[application/json]}" onto public org.springframework.http.ResponseEntity<com.xpresspayments.ZenithBank.model.response.ZenithBankApiResponse> com.xpresspayments.ZenithBank.controller.GapsController.makePayments(com.xpresspayments.ZenithBank.model.request.ApiFundTransferRequest) throws java.lang.Exception
2018-10-04 10:58:55 - Mapped "{[/retailpayments],methods=[GET]}" onto public org.springframework.http.ResponseEntity<com.xpresspayments.ZenithBank.model.response.ZenithBankApiResponse> com.xpresspayments.ZenithBank.controller.GapsController.getRetailPayment(java.lang.String) throws java.lang.Exception
2018-10-04 10:58:55 - Mapped "{[/nameenquiry],produces=[application/json]}" onto public com.xpresspayments.ZenithBank.model.response.ApiAccountValidationResponse com.xpresspayments.ZenithBank.controller.GapsController.validateAccount(com.xpresspayments.ZenithBank.model.request.AccountValidationRequest) throws java.lang.Exception
2018-10-04 10:58:55 - Mapped "{[/error]}" onto public org.springframework.http.ResponseEntity<java.util.Map<java.lang.String, java.lang.Object>> org.springframework.boot.autoconfigure.web.BasicErrorController.error(javax.servlet.http.HttpServletRequest)
2018-10-04 10:58:55 - Mapped "{[/error],produces=[text/html]}" onto public org.springframework.web.servlet.ModelAndView org.springframework.boot.autoconfigure.web.BasicErrorController.errorHtml(javax.servlet.http.HttpServletRequest,javax.servlet.http.HttpServletResponse)
2018-10-04 10:58:55 - Mapped URL path [/webjars/**] onto handler of type [class org.springframework.web.servlet.resource.ResourceHttpRequestHandler]
2018-10-04 10:58:55 - Mapped URL path [/**] onto handler of type [class org.springframework.web.servlet.resource.ResourceHttpRequestHandler]
2018-10-04 10:58:55 - Detected @ExceptionHandler methods in errorHandler
2018-10-04 10:58:55 - Mapped URL path [/**/favicon.ico] onto handler of type [class org.springframework.web.servlet.resource.ResourceHttpRequestHandler]
2018-10-04 10:58:56 - Mapped "{[/auditevents || /auditevents.json],methods=[GET],produces=[application/vnd.spring-boot.actuator.v1+json || application/json]}" onto public org.springframework.http.ResponseEntity<?> org.springframework.boot.actuate.endpoint.mvc.AuditEventsMvcEndpoint.findByPrincipalAndAfterAndType(java.lang.String,java.util.Date,java.lang.String)
2018-10-04 10:58:56 - Mapped "{[/loggers/{name:.*}],methods=[GET],produces=[application/vnd.spring-boot.actuator.v1+json || application/json]}" onto public java.lang.Object org.springframework.boot.actuate.endpoint.mvc.LoggersMvcEndpoint.get(java.lang.String)
2018-10-04 10:58:56 - Mapped "{[/loggers/{name:.*}],methods=[POST],consumes=[application/vnd.spring-boot.actuator.v1+json || application/json],produces=[application/vnd.spring-boot.actuator.v1+json || application/json]}" onto public java.lang.Object org.springframework.boot.actuate.endpoint.mvc.LoggersMvcEndpoint.set(java.lang.String,java.util.Map<java.lang.String, java.lang.String>)
2018-10-04 10:58:56 - Mapped "{[/loggers || /loggers.json],methods=[GET],produces=[application/vnd.spring-boot.actuator.v1+json || application/json]}" onto public java.lang.Object org.springframework.boot.actuate.endpoint.mvc.EndpointMvcAdapter.invoke()
2018-10-04 10:58:56 - Mapped "{[/configprops || /configprops.json],methods=[GET],produces=[application/vnd.spring-boot.actuator.v1+json || application/json]}" onto public java.lang.Object org.springframework.boot.actuate.endpoint.mvc.EndpointMvcAdapter.invoke()
2018-10-04 10:58:56 - Mapped "{[/trace || /trace.json],methods=[GET],produces=[application/vnd.spring-boot.actuator.v1+json || application/json]}" onto public java.lang.Object org.springframework.boot.actuate.endpoint.mvc.EndpointMvcAdapter.invoke()
2018-10-04 10:58:56 - Mapped "{[/dump || /dump.json],methods=[GET],produces=[application/vnd.spring-boot.actuator.v1+json || application/json]}" onto public java.lang.Object org.springframework.boot.actuate.endpoint.mvc.EndpointMvcAdapter.invoke()
2018-10-04 10:58:56 - Mapped "{[/env/{name:.*}],methods=[GET],produces=[application/vnd.spring-boot.actuator.v1+json || application/json]}" onto public java.lang.Object org.springframework.boot.actuate.endpoint.mvc.EnvironmentMvcEndpoint.value(java.lang.String)
2018-10-04 10:58:56 - Mapped "{[/env || /env.json],methods=[GET],produces=[application/vnd.spring-boot.actuator.v1+json || application/json]}" onto public java.lang.Object org.springframework.boot.actuate.endpoint.mvc.EndpointMvcAdapter.invoke()
2018-10-04 10:58:56 - Mapped "{[/metrics/{name:.*}],methods=[GET],produces=[application/vnd.spring-boot.actuator.v1+json || application/json]}" onto public java.lang.Object org.springframework.boot.actuate.endpoint.mvc.MetricsMvcEndpoint.value(java.lang.String)
2018-10-04 10:58:56 - Mapped "{[/metrics || /metrics.json],methods=[GET],produces=[application/vnd.spring-boot.actuator.v1+json || application/json]}" onto public java.lang.Object org.springframework.boot.actuate.endpoint.mvc.EndpointMvcAdapter.invoke()
2018-10-04 10:58:56 - Mapped "{[/autoconfig || /autoconfig.json],methods=[GET],produces=[application/vnd.spring-boot.actuator.v1+json || application/json]}" onto public java.lang.Object org.springframework.boot.actuate.endpoint.mvc.EndpointMvcAdapter.invoke()
2018-10-04 10:58:56 - Mapped "{[/heapdump || /heapdump.json],methods=[GET],produces=[application/octet-stream]}" onto public void org.springframework.boot.actuate.endpoint.mvc.HeapdumpMvcEndpoint.invoke(boolean,javax.servlet.http.HttpServletRequest,javax.servlet.http.HttpServletResponse) throws java.io.IOException,javax.servlet.ServletException
2018-10-04 10:58:56 - Mapped "{[/health || /health.json],methods=[GET],produces=[application/vnd.spring-boot.actuator.v1+json || application/json]}" onto public java.lang.Object org.springframework.boot.actuate.endpoint.mvc.HealthMvcEndpoint.invoke(javax.servlet.http.HttpServletRequest)
2018-10-04 10:58:56 - Mapped "{[/mappings || /mappings.json],methods=[GET],produces=[application/vnd.spring-boot.actuator.v1+json || application/json]}" onto public java.lang.Object org.springframework.boot.actuate.endpoint.mvc.EndpointMvcAdapter.invoke()
2018-10-04 10:58:56 - Mapped "{[/beans || /beans.json],methods=[GET],produces=[application/vnd.spring-boot.actuator.v1+json || application/json]}" onto public java.lang.Object org.springframework.boot.actuate.endpoint.mvc.EndpointMvcAdapter.invoke()
2018-10-04 10:58:56 - Mapped "{[/info || /info.json],methods=[GET],produces=[application/vnd.spring-boot.actuator.v1+json || application/json]}" onto public java.lang.Object org.springframework.boot.actuate.endpoint.mvc.EndpointMvcAdapter.invoke()
2018-10-04 10:58:57 - Started GtbankApiApplicationTests in 16.546 seconds (JVM running for 18.636)
2018-10-04 10:58:57 - Closing org.springframework.web.context.support.GenericWebApplicationContext@61c4eee0: startup date [Thu Oct 04 10:58:41 WAT 2018]; root of context hierarchy
2018-10-04 10:58:57 - Closing JPA EntityManagerFactory for persistence unit 'default'
2018-10-30 12:34:26 - Starting GtbankApiApplication on SOLDEV26 with PID 16924 (C:\Users\kolawole.akintoye\Documents\intelliJProjects\gtbank-api\target\classes started by kolawole.akintoye in C:\Users\kolawole.akintoye\Documents\intelliJProjects\gtbank-api)
2018-10-30 12:34:26 - No active profile set, falling back to default profiles: default
2018-10-30 12:34:26 - Refreshing org.springframework.boot.context.embedded.AnnotationConfigEmbeddedWebApplicationContext@24853302: startup date [Tue Oct 30 12:34:26 WAT 2018]; root of context hierarchy
2018-10-30 12:34:27 - HV000001: Hibernate Validator 5.3.4.Final
2018-10-30 12:34:29 - JSR-330 'javax.inject.Inject' annotation found and supported for autowiring
2018-10-30 12:34:29 - Bean 'org.springframework.boot.autoconfigure.validation.ValidationAutoConfiguration' of type [class org.springframework.boot.autoconfigure.validation.ValidationAutoConfiguration] is not eligible for getting processed by all BeanPostProcessors (for example: not eligible for auto-proxying)
2018-10-30 12:34:29 - Bean 'validator' of type [class org.springframework.validation.beanvalidation.LocalValidatorFactoryBean] is not eligible for getting processed by all BeanPostProcessors (for example: not eligible for auto-proxying)
2018-10-30 12:34:29 - Bean 'org.springframework.ws.config.annotation.DelegatingWsConfiguration' of type [class org.springframework.ws.config.annotation.DelegatingWsConfiguration$$EnhancerBySpringCGLIB$$6bddd097] is not eligible for getting processed by all BeanPostProcessors (for example: not eligible for auto-proxying)
2018-10-30 12:34:29 - Supporting [WS-Addressing August 2004, WS-Addressing 1.0]
2018-10-30 12:34:29 - Bean 'org.springframework.transaction.annotation.ProxyTransactionManagementConfiguration' of type [class org.springframework.transaction.annotation.ProxyTransactionManagementConfiguration$$EnhancerBySpringCGLIB$$c7460b98] is not eligible for getting processed by all BeanPostProcessors (for example: not eligible for auto-proxying)
2018-10-30 12:34:30 - Tomcat initialized with port(s): 8090 (http)
2018-10-30 12:34:30 - Starting service Tomcat
2018-10-30 12:34:30 - Starting Servlet Engine: Apache Tomcat/8.5.11
2018-10-30 12:34:30 - Initializing Spring embedded WebApplicationContext
2018-10-30 12:34:30 - Root WebApplicationContext: initialization completed in 3485 ms
2018-10-30 12:34:30 - Mapping filter: 'metricsFilter' to: [/*]
2018-10-30 12:34:30 - Mapping filter: 'characterEncodingFilter' to: [/*]
2018-10-30 12:34:30 - Mapping filter: 'hiddenHttpMethodFilter' to: [/*]
2018-10-30 12:34:30 - Mapping filter: 'httpPutFormContentFilter' to: [/*]
2018-10-30 12:34:30 - Mapping filter: 'requestContextFilter' to: [/*]
2018-10-30 12:34:30 - Mapping filter: 'springSecurityFilterChain' to: [/*]
2018-10-30 12:34:30 - Mapping filter: 'webRequestLoggingFilter' to: [/*]
2018-10-30 12:34:30 - Mapping filter: 'applicationContextIdFilter' to: [/*]
2018-10-30 12:34:30 - Mapping servlet: 'dispatcherServlet' to [/]
2018-10-30 12:34:30 - Mapping servlet: 'messageDispatcherServlet' to [/services/*]
2018-10-30 12:34:33 - Building JPA container EntityManagerFactory for persistence unit 'default'
2018-10-30 12:34:33 - HHH000204: Processing PersistenceUnitInfo [
	name: default
	...]
2018-10-30 12:34:33 - HHH000412: Hibernate Core {5.0.11.Final}
2018-10-30 12:34:33 - HHH000206: hibernate.properties not found
2018-10-30 12:34:33 - HHH000021: Bytecode provider name : javassist
2018-10-30 12:34:33 - HCANN000001: Hibernate Commons Annotations {5.0.1.Final}
2018-10-30 12:34:33 - HHH000400: Using dialect: org.hibernate.dialect.SQLServer2012Dialect
2018-10-30 12:34:34 - Initialized JPA EntityManagerFactory for persistence unit 'default'
2018-10-30 12:34:35 - 

Using default security password: c6186799-8241-40ea-8038-a296bd2ff8e4

2018-10-30 12:34:35 - Creating filter chain: org.springframework.security.web.util.matcher.AnyRequestMatcher@1, [org.springframework.security.web.context.request.async.WebAsyncManagerIntegrationFilter@3c4af61e, org.springframework.security.web.context.SecurityContextPersistenceFilter@1a1328c2, org.springframework.security.web.header.HeaderWriterFilter@691f584a, org.springframework.security.web.authentication.logout.LogoutFilter@16f59a6c, org.springframework.security.web.savedrequest.RequestCacheAwareFilter@1920a9af, org.springframework.security.web.servletapi.SecurityContextHolderAwareRequestFilter@378ad82e, org.springframework.security.web.authentication.AnonymousAuthenticationFilter@4485608, org.springframework.security.web.session.SessionManagementFilter@35739f6, org.springframework.security.web.access.ExceptionTranslationFilter@4fc72f9c, org.springframework.security.web.access.intercept.FilterSecurityInterceptor@74537974]
2018-10-30 12:34:35 - Creating filter chain: org.springframework.boot.actuate.autoconfigure.ManagementWebSecurityAutoConfiguration$LazyEndpointPathRequestMatcher@2ccaf546, [org.springframework.security.web.context.request.async.WebAsyncManagerIntegrationFilter@66e9a9e8, org.springframework.security.web.context.SecurityContextPersistenceFilter@1981e9d1, org.springframework.security.web.header.HeaderWriterFilter@85e94b5, org.springframework.security.web.authentication.logout.LogoutFilter@7d90fa, org.springframework.security.web.authentication.www.BasicAuthenticationFilter@2290807, org.springframework.security.web.savedrequest.RequestCacheAwareFilter@627829f, org.springframework.security.web.servletapi.SecurityContextHolderAwareRequestFilter@7aa055d2, org.springframework.security.web.authentication.AnonymousAuthenticationFilter@78eb928f, org.springframework.security.web.session.SessionManagementFilter@cfb4416, org.springframework.security.web.access.ExceptionTranslationFilter@3e7439bf, org.springframework.security.web.access.intercept.FilterSecurityInterceptor@23df7317]
2018-10-30 12:34:35 - Looking for @ControllerAdvice: org.springframework.boot.context.embedded.AnnotationConfigEmbeddedWebApplicationContext@24853302: startup date [Tue Oct 30 12:34:26 WAT 2018]; root of context hierarchy
2018-10-30 12:34:35 - Mapped "{[/payments],methods=[GET]}" onto public org.springframework.http.ResponseEntity<com.xpresspayments.ZenithBank.model.response.ZenithBankApiResponse> com.xpresspayments.ZenithBank.controller.GapsController.getPayment(java.lang.String) throws java.lang.Exception
2018-10-30 12:34:35 - Mapped "{[/payments],produces=[application/json]}" onto public org.springframework.http.ResponseEntity<com.xpresspayments.ZenithBank.model.response.ZenithBankApiResponse> com.xpresspayments.ZenithBank.controller.GapsController.makeBulkPayments(com.xpresspayments.ZenithBank.model.request.MakePaymentRequest) throws java.lang.Exception
2018-10-30 12:34:35 - Mapped "{[/retailpayments],produces=[application/json]}" onto public org.springframework.http.ResponseEntity<com.xpresspayments.ZenithBank.model.response.ZenithBankApiResponse> com.xpresspayments.ZenithBank.controller.GapsController.makePayments(com.xpresspayments.ZenithBank.model.request.ApiFundTransferRequest) throws java.lang.Exception
2018-10-30 12:34:35 - Mapped "{[/balances],produces=[application/json]}" onto public com.xpresspayments.ZenithBank.model.response.ApiBalanceRetrievalResponse com.xpresspayments.ZenithBank.controller.GapsController.retrieveBalance(com.xpresspayments.ZenithBank.model.request.BalanceRetrievalRequest) throws java.lang.Exception
2018-10-30 12:34:35 - Mapped "{[/nameenquiry],produces=[application/json]}" onto public com.xpresspayments.ZenithBank.model.response.ApiAccountValidationResponse com.xpresspayments.ZenithBank.controller.GapsController.validateAccount(com.xpresspayments.ZenithBank.model.request.AccountValidationRequest) throws java.lang.Exception
2018-10-30 12:34:35 - Mapped "{[/retailpayments],methods=[GET]}" onto public org.springframework.http.ResponseEntity<com.xpresspayments.ZenithBank.model.response.ZenithBankApiResponse> com.xpresspayments.ZenithBank.controller.GapsController.getRetailPayment(java.lang.String) throws java.lang.Exception
2018-10-30 12:34:35 - Mapped "{[/accountstatements],methods=[POST],produces=[application/json]}" onto public org.springframework.http.ResponseEntity<com.xpresspayments.ZenithBank.model.response.ZenithBankApiResponse> com.xpresspayments.ZenithBank.controller.GapsController.requestAccountStatement(com.xpresspayments.ZenithBank.model.request.ApiAccountStatementRequest) throws java.lang.Exception
2018-10-30 12:34:35 - Mapped "{[/error]}" onto public org.springframework.http.ResponseEntity<java.util.Map<java.lang.String, java.lang.Object>> org.springframework.boot.autoconfigure.web.BasicErrorController.error(javax.servlet.http.HttpServletRequest)
2018-10-30 12:34:35 - Mapped "{[/error],produces=[text/html]}" onto public org.springframework.web.servlet.ModelAndView org.springframework.boot.autoconfigure.web.BasicErrorController.errorHtml(javax.servlet.http.HttpServletRequest,javax.servlet.http.HttpServletResponse)
2018-10-30 12:34:35 - Mapped URL path [/webjars/**] onto handler of type [class org.springframework.web.servlet.resource.ResourceHttpRequestHandler]
2018-10-30 12:34:35 - Mapped URL path [/**] onto handler of type [class org.springframework.web.servlet.resource.ResourceHttpRequestHandler]
2018-10-30 12:34:35 - Detected @ExceptionHandler methods in errorHandler
2018-10-30 12:34:36 - Mapped URL path [/**/favicon.ico] onto handler of type [class org.springframework.web.servlet.resource.ResourceHttpRequestHandler]
2018-10-30 12:34:36 - Mapped "{[/health || /health.json],methods=[GET],produces=[application/vnd.spring-boot.actuator.v1+json || application/json]}" onto public java.lang.Object org.springframework.boot.actuate.endpoint.mvc.HealthMvcEndpoint.invoke(javax.servlet.http.HttpServletRequest)
2018-10-30 12:34:36 - Mapped "{[/loggers/{name:.*}],methods=[GET],produces=[application/vnd.spring-boot.actuator.v1+json || application/json]}" onto public java.lang.Object org.springframework.boot.actuate.endpoint.mvc.LoggersMvcEndpoint.get(java.lang.String)
2018-10-30 12:34:36 - Mapped "{[/loggers/{name:.*}],methods=[POST],consumes=[application/vnd.spring-boot.actuator.v1+json || application/json],produces=[application/vnd.spring-boot.actuator.v1+json || application/json]}" onto public java.lang.Object org.springframework.boot.actuate.endpoint.mvc.LoggersMvcEndpoint.set(java.lang.String,java.util.Map<java.lang.String, java.lang.String>)
2018-10-30 12:34:36 - Mapped "{[/loggers || /loggers.json],methods=[GET],produces=[application/vnd.spring-boot.actuator.v1+json || application/json]}" onto public java.lang.Object org.springframework.boot.actuate.endpoint.mvc.EndpointMvcAdapter.invoke()
2018-10-30 12:34:36 - Mapped "{[/dump || /dump.json],methods=[GET],produces=[application/vnd.spring-boot.actuator.v1+json || application/json]}" onto public java.lang.Object org.springframework.boot.actuate.endpoint.mvc.EndpointMvcAdapter.invoke()
2018-10-30 12:34:36 - Mapped "{[/autoconfig || /autoconfig.json],methods=[GET],produces=[application/vnd.spring-boot.actuator.v1+json || application/json]}" onto public java.lang.Object org.springframework.boot.actuate.endpoint.mvc.EndpointMvcAdapter.invoke()
2018-10-30 12:34:36 - Mapped "{[/configprops || /configprops.json],methods=[GET],produces=[application/vnd.spring-boot.actuator.v1+json || application/json]}" onto public java.lang.Object org.springframework.boot.actuate.endpoint.mvc.EndpointMvcAdapter.invoke()
2018-10-30 12:34:36 - Mapped "{[/beans || /beans.json],methods=[GET],produces=[application/vnd.spring-boot.actuator.v1+json || application/json]}" onto public java.lang.Object org.springframework.boot.actuate.endpoint.mvc.EndpointMvcAdapter.invoke()
2018-10-30 12:34:36 - Mapped "{[/heapdump || /heapdump.json],methods=[GET],produces=[application/octet-stream]}" onto public void org.springframework.boot.actuate.endpoint.mvc.HeapdumpMvcEndpoint.invoke(boolean,javax.servlet.http.HttpServletRequest,javax.servlet.http.HttpServletResponse) throws java.io.IOException,javax.servlet.ServletException
2018-10-30 12:34:36 - Mapped "{[/info || /info.json],methods=[GET],produces=[application/vnd.spring-boot.actuator.v1+json || application/json]}" onto public java.lang.Object org.springframework.boot.actuate.endpoint.mvc.EndpointMvcAdapter.invoke()
2018-10-30 12:34:36 - Mapped "{[/auditevents || /auditevents.json],methods=[GET],produces=[application/vnd.spring-boot.actuator.v1+json || application/json]}" onto public org.springframework.http.ResponseEntity<?> org.springframework.boot.actuate.endpoint.mvc.AuditEventsMvcEndpoint.findByPrincipalAndAfterAndType(java.lang.String,java.util.Date,java.lang.String)
2018-10-30 12:34:36 - Mapped "{[/metrics/{name:.*}],methods=[GET],produces=[application/vnd.spring-boot.actuator.v1+json || application/json]}" onto public java.lang.Object org.springframework.boot.actuate.endpoint.mvc.MetricsMvcEndpoint.value(java.lang.String)
2018-10-30 12:34:36 - Mapped "{[/metrics || /metrics.json],methods=[GET],produces=[application/vnd.spring-boot.actuator.v1+json || application/json]}" onto public java.lang.Object org.springframework.boot.actuate.endpoint.mvc.EndpointMvcAdapter.invoke()
2018-10-30 12:34:36 - Mapped "{[/trace || /trace.json],methods=[GET],produces=[application/vnd.spring-boot.actuator.v1+json || application/json]}" onto public java.lang.Object org.springframework.boot.actuate.endpoint.mvc.EndpointMvcAdapter.invoke()
2018-10-30 12:34:36 - Mapped "{[/mappings || /mappings.json],methods=[GET],produces=[application/vnd.spring-boot.actuator.v1+json || application/json]}" onto public java.lang.Object org.springframework.boot.actuate.endpoint.mvc.EndpointMvcAdapter.invoke()
2018-10-30 12:34:36 - Mapped "{[/env/{name:.*}],methods=[GET],produces=[application/vnd.spring-boot.actuator.v1+json || application/json]}" onto public java.lang.Object org.springframework.boot.actuate.endpoint.mvc.EnvironmentMvcEndpoint.value(java.lang.String)
2018-10-30 12:34:36 - Mapped "{[/env || /env.json],methods=[GET],produces=[application/vnd.spring-boot.actuator.v1+json || application/json]}" onto public java.lang.Object org.springframework.boot.actuate.endpoint.mvc.EndpointMvcAdapter.invoke()
2018-10-30 12:34:36 - LiveReload server is running on port 35729
2018-10-30 12:34:36 - Registering beans for JMX exposure on startup
2018-10-30 12:34:36 - Registering beans for JMX exposure on startup
2018-10-30 12:34:36 - Starting beans in phase 0
2018-10-30 12:34:36 - Located managed bean 'auditEventsEndpoint': registering with JMX server as MBean [org.springframework.boot:type=Endpoint,name=auditEventsEndpoint]
2018-10-30 12:34:36 - Located managed bean 'requestMappingEndpoint': registering with JMX server as MBean [org.springframework.boot:type=Endpoint,name=requestMappingEndpoint]
2018-10-30 12:34:36 - Located managed bean 'environmentEndpoint': registering with JMX server as MBean [org.springframework.boot:type=Endpoint,name=environmentEndpoint]
2018-10-30 12:34:36 - Located managed bean 'healthEndpoint': registering with JMX server as MBean [org.springframework.boot:type=Endpoint,name=healthEndpoint]
2018-10-30 12:34:36 - Located managed bean 'beansEndpoint': registering with JMX server as MBean [org.springframework.boot:type=Endpoint,name=beansEndpoint]
2018-10-30 12:34:36 - Located managed bean 'infoEndpoint': registering with JMX server as MBean [org.springframework.boot:type=Endpoint,name=infoEndpoint]
2018-10-30 12:34:36 - Located managed bean 'loggersEndpoint': registering with JMX server as MBean [org.springframework.boot:type=Endpoint,name=loggersEndpoint]
2018-10-30 12:34:36 - Located managed bean 'metricsEndpoint': registering with JMX server as MBean [org.springframework.boot:type=Endpoint,name=metricsEndpoint]
2018-10-30 12:34:36 - Located managed bean 'traceEndpoint': registering with JMX server as MBean [org.springframework.boot:type=Endpoint,name=traceEndpoint]
2018-10-30 12:34:36 - Located managed bean 'dumpEndpoint': registering with JMX server as MBean [org.springframework.boot:type=Endpoint,name=dumpEndpoint]
2018-10-30 12:34:36 - Located managed bean 'autoConfigurationReportEndpoint': registering with JMX server as MBean [org.springframework.boot:type=Endpoint,name=autoConfigurationReportEndpoint]
2018-10-30 12:34:36 - Located managed bean 'configurationPropertiesReportEndpoint': registering with JMX server as MBean [org.springframework.boot:type=Endpoint,name=configurationPropertiesReportEndpoint]
2018-10-30 12:34:36 - Initializing ProtocolHandler ["http-nio-8090"]
2018-10-30 12:34:36 - Starting ProtocolHandler [http-nio-8090]
2018-10-30 12:34:36 - Using a shared selector for servlet write/read
2018-10-30 12:34:36 - Tomcat started on port(s): 8090 (http)
2018-10-30 12:34:36 - Started GtbankApiApplication in 10.434 seconds (JVM running for 11.265)
