2018-12-10 13:22:45 - Starting GtbankApiApplication on SOLDEV28 with PID 20952 (C:\Users\amaechi.ekene\IdeaProjects\gtbank-api\target\classes started by amaechi.ekene in C:\Users\amaechi.ekene\IdeaProjects\gtbank-api)
2018-12-10 13:22:45 - No active profile set, falling back to default profiles: default
2018-12-10 13:22:46 - Refreshing org.springframework.boot.context.embedded.AnnotationConfigEmbeddedWebApplicationContext@3daf06be: startup date [Mon Dec 10 13:22:46 WAT 2018]; root of context hierarchy
2018-12-10 13:22:47 - HV000001: Hibernate Validator 5.3.4.Final
2018-12-10 13:22:52 - JSR-330 'javax.inject.Inject' annotation found and supported for autowiring
2018-12-10 13:22:52 - Bean 'org.springframework.boot.autoconfigure.validation.ValidationAutoConfiguration' of type [class org.springframework.boot.autoconfigure.validation.ValidationAutoConfiguration] is not eligible for getting processed by all BeanPostProcessors (for example: not eligible for auto-proxying)
2018-12-10 13:22:52 - Bean 'validator' of type [class org.springframework.validation.beanvalidation.LocalValidatorFactoryBean] is not eligible for getting processed by all BeanPostProcessors (for example: not eligible for auto-proxying)
2018-12-10 13:22:52 - Bean 'org.springframework.ws.config.annotation.DelegatingWsConfiguration' of type [class org.springframework.ws.config.annotation.DelegatingWsConfiguration$$EnhancerBySpringCGLIB$$fa342d38] is not eligible for getting processed by all BeanPostProcessors (for example: not eligible for auto-proxying)
2018-12-10 13:22:53 - Supporting [WS-Addressing August 2004, WS-Addressing 1.0]
2018-12-10 13:22:53 - Bean 'org.springframework.transaction.annotation.ProxyTransactionManagementConfiguration' of type [class org.springframework.transaction.annotation.ProxyTransactionManagementConfiguration$$EnhancerBySpringCGLIB$$559c6839] is not eligible for getting processed by all BeanPostProcessors (for example: not eligible for auto-proxying)
2018-12-10 13:22:54 - Tomcat initialized with port(s): 8094 (http)
2018-12-10 13:22:54 - Starting service Tomcat
2018-12-10 13:22:54 - Starting Servlet Engine: Apache Tomcat/8.5.11
2018-12-10 13:22:54 - Initializing Spring embedded WebApplicationContext
2018-12-10 13:22:54 - Root WebApplicationContext: initialization completed in 8292 ms
2018-12-10 13:22:55 - Mapping filter: 'metricsFilter' to: [/*]
2018-12-10 13:22:55 - Mapping filter: 'characterEncodingFilter' to: [/*]
2018-12-10 13:22:55 - Mapping filter: 'hiddenHttpMethodFilter' to: [/*]
2018-12-10 13:22:55 - Mapping filter: 'httpPutFormContentFilter' to: [/*]
2018-12-10 13:22:55 - Mapping filter: 'requestContextFilter' to: [/*]
2018-12-10 13:22:55 - Mapping filter: 'springSecurityFilterChain' to: [/*]
2018-12-10 13:22:55 - Mapping filter: 'webRequestLoggingFilter' to: [/*]
2018-12-10 13:22:55 - Mapping filter: 'applicationContextIdFilter' to: [/*]
2018-12-10 13:22:55 - Mapping servlet: 'dispatcherServlet' to [/]
2018-12-10 13:22:55 - Mapping servlet: 'messageDispatcherServlet' to [/services/*]
2018-12-10 13:22:57 - Building JPA container EntityManagerFactory for persistence unit 'default'
2018-12-10 13:22:57 - HHH000204: Processing PersistenceUnitInfo [
	name: default
	...]
2018-12-10 13:22:57 - HHH000412: Hibernate Core {5.0.11.Final}
2018-12-10 13:22:57 - HHH000206: hibernate.properties not found
2018-12-10 13:22:57 - HHH000021: Bytecode provider name : javassist
2018-12-10 13:22:57 - HCANN000001: Hibernate Commons Annotations {5.0.1.Final}
2018-12-10 13:22:57 - HHH000400: Using dialect: org.hibernate.dialect.SQLServer2012Dialect
2018-12-10 13:22:59 - Initialized JPA EntityManagerFactory for persistence unit 'default'
2018-12-10 13:23:01 - 

Using default security password: 5dfa6a0e-ddb9-45ea-a4de-c326e034f105

2018-12-10 13:23:01 - Creating filter chain: org.springframework.security.web.util.matcher.AnyRequestMatcher@1, [org.springframework.security.web.context.request.async.WebAsyncManagerIntegrationFilter@6dacad18, org.springframework.security.web.context.SecurityContextPersistenceFilter@39232c1a, org.springframework.security.web.header.HeaderWriterFilter@1c7c84d3, org.springframework.security.web.authentication.logout.LogoutFilter@1189e4fd, org.springframework.security.web.savedrequest.RequestCacheAwareFilter@6a0fedef, org.springframework.security.web.servletapi.SecurityContextHolderAwareRequestFilter@a1bfeab, org.springframework.security.web.authentication.AnonymousAuthenticationFilter@624dca, org.springframework.security.web.session.SessionManagementFilter@417170d4, org.springframework.security.web.access.ExceptionTranslationFilter@591df32b, org.springframework.security.web.access.intercept.FilterSecurityInterceptor@3f0370c]
2018-12-10 13:23:01 - Creating filter chain: org.springframework.boot.actuate.autoconfigure.ManagementWebSecurityAutoConfiguration$LazyEndpointPathRequestMatcher@620be3b4, [org.springframework.security.web.context.request.async.WebAsyncManagerIntegrationFilter@5b260429, org.springframework.security.web.context.SecurityContextPersistenceFilter@6736bffd, org.springframework.security.web.header.HeaderWriterFilter@66239387, org.springframework.security.web.authentication.logout.LogoutFilter@2795027a, org.springframework.security.web.authentication.www.BasicAuthenticationFilter@72a967a3, org.springframework.security.web.savedrequest.RequestCacheAwareFilter@6ab0abc0, org.springframework.security.web.servletapi.SecurityContextHolderAwareRequestFilter@1075a2ba, org.springframework.security.web.authentication.AnonymousAuthenticationFilter@13ae36a7, org.springframework.security.web.session.SessionManagementFilter@592a6b4f, org.springframework.security.web.access.ExceptionTranslationFilter@7914358, org.springframework.security.web.access.intercept.FilterSecurityInterceptor@5ef24a02]
2018-12-10 13:23:01 - Looking for @ControllerAdvice: org.springframework.boot.context.embedded.AnnotationConfigEmbeddedWebApplicationContext@3daf06be: startup date [Mon Dec 10 13:22:46 WAT 2018]; root of context hierarchy
2018-12-10 13:23:01 - Mapped "{[/bvn],methods=[POST],consumes=[application/json],produces=[application/json]}" onto public com.xpresspayments.ZenithBank.model.XPDirect.Model.response.ApiBvnValidationResponse com.xpresspayments.ZenithBank.controller.AccountOpeningController.GetSingleBVN(com.xpresspayments.ZenithBank.model.XPDirect.Model.request.ApiBVNValidationRequest) throws java.lang.Exception
2018-12-10 13:23:01 - Mapped "{[/accountopening],methods=[POST],consumes=[application/json],produces=[application/json]}" onto public com.xpresspayments.ZenithBank.model.XPDirect.Model.response.ApiAccountOpeningResponse com.xpresspayments.ZenithBank.controller.AccountOpeningController.OpenAccount(com.xpresspayments.ZenithBank.model.XPDirect.Model.request.ApiAccountOpeningRequest) throws java.lang.Exception
2018-12-10 13:23:01 - Mapped "{[/agencybanking/authenticate],methods=[POST],consumes=[application/json],produces=[application/json]}" onto public com.xpresspayments.ZenithBank.model.XPDirect.Model.response.ApiValidationResponse com.xpresspayments.ZenithBank.controller.FacValidationController.validateCustomer(com.xpresspayments.ZenithBank.model.XPDirect.Model.request.ApiValidationRequest) throws java.lang.Exception
2018-12-10 13:23:01 - Mapped "{[/cashout],methods=[POST],consumes=[application/json],produces=[application/json]}" onto public com.xpresspayments.ZenithBank.model.XPDirect.Model.response.ApiCashOutResponse com.xpresspayments.ZenithBank.controller.FacValidationController.cashOut(com.xpresspayments.ZenithBank.model.XPDirect.Model.request.ApiCashOutRequest) throws java.lang.Exception
2018-12-10 13:23:01 - Mapped "{[/cashin],produces=[application/json]}" onto public org.springframework.http.ResponseEntity<com.xpresspayments.ZenithBank.model.response.ZenithBankApiResponse> com.xpresspayments.ZenithBank.controller.GapsController.cashInPayments(com.xpresspayments.ZenithBank.model.request.ApiFundTransferRequest) throws java.lang.Exception
2018-12-10 13:23:01 - Mapped "{[/balances],produces=[application/json]}" onto public com.xpresspayments.ZenithBank.model.response.ApiBalanceRetrievalResponse com.xpresspayments.ZenithBank.controller.GapsController.retrieveBalance(com.xpresspayments.ZenithBank.model.request.BalanceRetrievalRequest) throws java.lang.Exception
2018-12-10 13:23:01 - Mapped "{[/retailpayments],produces=[application/json]}" onto public org.springframework.http.ResponseEntity<com.xpresspayments.ZenithBank.model.response.ZenithBankApiResponse> com.xpresspayments.ZenithBank.controller.GapsController.makePayments(com.xpresspayments.ZenithBank.model.request.ApiFundTransferRequest) throws java.lang.Exception
2018-12-10 13:23:01 - Mapped "{[/retailpayments],methods=[GET]}" onto public org.springframework.http.ResponseEntity<com.xpresspayments.ZenithBank.model.response.ZenithBankApiResponse> com.xpresspayments.ZenithBank.controller.GapsController.getRetailPayment(java.lang.String) throws java.lang.Exception
2018-12-10 13:23:01 - Mapped "{[/payments],methods=[POST],produces=[application/json]}" onto public org.springframework.http.ResponseEntity<com.xpresspayments.ZenithBank.model.response.ZenithBankApiResponse> com.xpresspayments.ZenithBank.controller.GapsController.makeBulkPayments(com.xpresspayments.ZenithBank.model.request.MakePaymentRequest) throws java.lang.Exception
2018-12-10 13:23:01 - Mapped "{[/nameenquiry],produces=[application/json]}" onto public org.springframework.http.ResponseEntity<com.xpresspayments.ZenithBank.model.response.ZenithBankApiResponse> com.xpresspayments.ZenithBank.controller.GapsController.validateAccount(com.xpresspayments.ZenithBank.model.request.AccountValidationRequest) throws java.lang.Exception
2018-12-10 13:23:01 - Mapped "{[/payments],methods=[GET]}" onto public org.springframework.http.ResponseEntity<com.xpresspayments.ZenithBank.model.response.ZenithBankApiResponse> com.xpresspayments.ZenithBank.controller.GapsController.getPayment(java.lang.String) throws java.lang.Exception
2018-12-10 13:23:01 - Mapped "{[/accountstatements],methods=[POST],produces=[application/json]}" onto public org.springframework.http.ResponseEntity<com.xpresspayments.ZenithBank.model.response.ZenithBankApiResponse> com.xpresspayments.ZenithBank.controller.GapsController.requestAccountStatement(com.xpresspayments.ZenithBank.model.request.ApiAccountStatementRequest) throws java.lang.Exception
2018-12-10 13:23:01 - Mapped "{[/error]}" onto public org.springframework.http.ResponseEntity<java.util.Map<java.lang.String, java.lang.Object>> org.springframework.boot.autoconfigure.web.BasicErrorController.error(javax.servlet.http.HttpServletRequest)
2018-12-10 13:23:01 - Mapped "{[/error],produces=[text/html]}" onto public org.springframework.web.servlet.ModelAndView org.springframework.boot.autoconfigure.web.BasicErrorController.errorHtml(javax.servlet.http.HttpServletRequest,javax.servlet.http.HttpServletResponse)
2018-12-10 13:23:02 - Mapped URL path [/webjars/**] onto handler of type [class org.springframework.web.servlet.resource.ResourceHttpRequestHandler]
2018-12-10 13:23:02 - Mapped URL path [/**] onto handler of type [class org.springframework.web.servlet.resource.ResourceHttpRequestHandler]
2018-12-10 13:23:02 - Detected @ExceptionHandler methods in errorHandler
2018-12-10 13:23:02 - Mapped URL path [/**/favicon.ico] onto handler of type [class org.springframework.web.servlet.resource.ResourceHttpRequestHandler]
2018-12-10 13:23:02 - Mapped "{[/dump || /dump.json],methods=[GET],produces=[application/vnd.spring-boot.actuator.v1+json || application/json]}" onto public java.lang.Object org.springframework.boot.actuate.endpoint.mvc.EndpointMvcAdapter.invoke()
2018-12-10 13:23:02 - Mapped "{[/loggers/{name:.*}],methods=[GET],produces=[application/vnd.spring-boot.actuator.v1+json || application/json]}" onto public java.lang.Object org.springframework.boot.actuate.endpoint.mvc.LoggersMvcEndpoint.get(java.lang.String)
2018-12-10 13:23:02 - Mapped "{[/loggers/{name:.*}],methods=[POST],consumes=[application/vnd.spring-boot.actuator.v1+json || application/json],produces=[application/vnd.spring-boot.actuator.v1+json || application/json]}" onto public java.lang.Object org.springframework.boot.actuate.endpoint.mvc.LoggersMvcEndpoint.set(java.lang.String,java.util.Map<java.lang.String, java.lang.String>)
2018-12-10 13:23:02 - Mapped "{[/loggers || /loggers.json],methods=[GET],produces=[application/vnd.spring-boot.actuator.v1+json || application/json]}" onto public java.lang.Object org.springframework.boot.actuate.endpoint.mvc.EndpointMvcAdapter.invoke()
2018-12-10 13:23:02 - Mapped "{[/auditevents || /auditevents.json],methods=[GET],produces=[application/vnd.spring-boot.actuator.v1+json || application/json]}" onto public org.springframework.http.ResponseEntity<?> org.springframework.boot.actuate.endpoint.mvc.AuditEventsMvcEndpoint.findByPrincipalAndAfterAndType(java.lang.String,java.util.Date,java.lang.String)
2018-12-10 13:23:02 - Mapped "{[/heapdump || /heapdump.json],methods=[GET],produces=[application/octet-stream]}" onto public void org.springframework.boot.actuate.endpoint.mvc.HeapdumpMvcEndpoint.invoke(boolean,javax.servlet.http.HttpServletRequest,javax.servlet.http.HttpServletResponse) throws java.io.IOException,javax.servlet.ServletException
2018-12-10 13:23:02 - Mapped "{[/info || /info.json],methods=[GET],produces=[application/vnd.spring-boot.actuator.v1+json || application/json]}" onto public java.lang.Object org.springframework.boot.actuate.endpoint.mvc.EndpointMvcAdapter.invoke()
2018-12-10 13:23:02 - Mapped "{[/autoconfig || /autoconfig.json],methods=[GET],produces=[application/vnd.spring-boot.actuator.v1+json || application/json]}" onto public java.lang.Object org.springframework.boot.actuate.endpoint.mvc.EndpointMvcAdapter.invoke()
2018-12-10 13:23:02 - Mapped "{[/beans || /beans.json],methods=[GET],produces=[application/vnd.spring-boot.actuator.v1+json || application/json]}" onto public java.lang.Object org.springframework.boot.actuate.endpoint.mvc.EndpointMvcAdapter.invoke()
2018-12-10 13:23:02 - Mapped "{[/health || /health.json],methods=[GET],produces=[application/vnd.spring-boot.actuator.v1+json || application/json]}" onto public java.lang.Object org.springframework.boot.actuate.endpoint.mvc.HealthMvcEndpoint.invoke(javax.servlet.http.HttpServletRequest)
2018-12-10 13:23:02 - Mapped "{[/mappings || /mappings.json],methods=[GET],produces=[application/vnd.spring-boot.actuator.v1+json || application/json]}" onto public java.lang.Object org.springframework.boot.actuate.endpoint.mvc.EndpointMvcAdapter.invoke()
2018-12-10 13:23:02 - Mapped "{[/trace || /trace.json],methods=[GET],produces=[application/vnd.spring-boot.actuator.v1+json || application/json]}" onto public java.lang.Object org.springframework.boot.actuate.endpoint.mvc.EndpointMvcAdapter.invoke()
2018-12-10 13:23:02 - Mapped "{[/metrics/{name:.*}],methods=[GET],produces=[application/vnd.spring-boot.actuator.v1+json || application/json]}" onto public java.lang.Object org.springframework.boot.actuate.endpoint.mvc.MetricsMvcEndpoint.value(java.lang.String)
2018-12-10 13:23:02 - Mapped "{[/metrics || /metrics.json],methods=[GET],produces=[application/vnd.spring-boot.actuator.v1+json || application/json]}" onto public java.lang.Object org.springframework.boot.actuate.endpoint.mvc.EndpointMvcAdapter.invoke()
2018-12-10 13:23:02 - Mapped "{[/env/{name:.*}],methods=[GET],produces=[application/vnd.spring-boot.actuator.v1+json || application/json]}" onto public java.lang.Object org.springframework.boot.actuate.endpoint.mvc.EnvironmentMvcEndpoint.value(java.lang.String)
2018-12-10 13:23:02 - Mapped "{[/env || /env.json],methods=[GET],produces=[application/vnd.spring-boot.actuator.v1+json || application/json]}" onto public java.lang.Object org.springframework.boot.actuate.endpoint.mvc.EndpointMvcAdapter.invoke()
2018-12-10 13:23:02 - Mapped "{[/configprops || /configprops.json],methods=[GET],produces=[application/vnd.spring-boot.actuator.v1+json || application/json]}" onto public java.lang.Object org.springframework.boot.actuate.endpoint.mvc.EndpointMvcAdapter.invoke()
2018-12-10 13:23:02 - LiveReload server is running on port 35729
2018-12-10 13:23:03 - Registering beans for JMX exposure on startup
2018-12-10 13:23:03 - Registering beans for JMX exposure on startup
2018-12-10 13:23:03 - Starting beans in phase 0
2018-12-10 13:23:03 - Located managed bean 'auditEventsEndpoint': registering with JMX server as MBean [org.springframework.boot:type=Endpoint,name=auditEventsEndpoint]
2018-12-10 13:23:03 - Located managed bean 'requestMappingEndpoint': registering with JMX server as MBean [org.springframework.boot:type=Endpoint,name=requestMappingEndpoint]
2018-12-10 13:23:03 - Located managed bean 'environmentEndpoint': registering with JMX server as MBean [org.springframework.boot:type=Endpoint,name=environmentEndpoint]
2018-12-10 13:23:03 - Located managed bean 'healthEndpoint': registering with JMX server as MBean [org.springframework.boot:type=Endpoint,name=healthEndpoint]
2018-12-10 13:23:03 - Located managed bean 'beansEndpoint': registering with JMX server as MBean [org.springframework.boot:type=Endpoint,name=beansEndpoint]
2018-12-10 13:23:03 - Located managed bean 'infoEndpoint': registering with JMX server as MBean [org.springframework.boot:type=Endpoint,name=infoEndpoint]
2018-12-10 13:23:03 - Located managed bean 'loggersEndpoint': registering with JMX server as MBean [org.springframework.boot:type=Endpoint,name=loggersEndpoint]
2018-12-10 13:23:03 - Located managed bean 'metricsEndpoint': registering with JMX server as MBean [org.springframework.boot:type=Endpoint,name=metricsEndpoint]
2018-12-10 13:23:03 - Located managed bean 'traceEndpoint': registering with JMX server as MBean [org.springframework.boot:type=Endpoint,name=traceEndpoint]
2018-12-10 13:23:03 - Located managed bean 'dumpEndpoint': registering with JMX server as MBean [org.springframework.boot:type=Endpoint,name=dumpEndpoint]
2018-12-10 13:23:03 - Located managed bean 'autoConfigurationReportEndpoint': registering with JMX server as MBean [org.springframework.boot:type=Endpoint,name=autoConfigurationReportEndpoint]
2018-12-10 13:23:03 - Located managed bean 'configurationPropertiesReportEndpoint': registering with JMX server as MBean [org.springframework.boot:type=Endpoint,name=configurationPropertiesReportEndpoint]
2018-12-10 13:23:03 - Initializing ProtocolHandler ["http-nio-8094"]
2018-12-10 13:23:03 - Starting ProtocolHandler [http-nio-8094]
2018-12-10 13:23:03 - Using a shared selector for servlet write/read
2018-12-10 13:23:03 - Tomcat started on port(s): 8094 (http)
2018-12-10 13:23:03 - Started GtbankApiApplication in 18.554 seconds (JVM running for 20.653)
2018-12-10 13:23:40 - Initializing Spring FrameworkServlet 'dispatcherServlet'
2018-12-10 13:23:40 - FrameworkServlet 'dispatcherServlet': initialization started
2018-12-10 13:23:40 - FrameworkServlet 'dispatcherServlet': initialization completed in 23 ms
2018-12-10 13:23:40 - :: Sending Request for Single Transfer Payments ApiFundTransferRequest(debitAccountNumber=, creditAccountNumber=0159129466, transferType=OUTFLOW, narration=march 2012 salary, amount=2.00, scheduleId=209098633, commission=null, beneficiaryName=mtn nigeria)
2018-12-10 13:23:40 - HHH000397: Using ASTQueryTranslatorFactory
2018-12-10 13:23:40 - Error: Transaction with this ID already exists
com.xpresspayments.ZenithBank.exception.ConflictException: Transaction with this ID already exists
	at com.xpresspayments.ZenithBank.gtbank.service.GapsService.validateScheduleId(GapsService.java:548)
	at com.xpresspayments.ZenithBank.gtbank.service.GapsService.cashInPayments(GapsService.java:562)
	at com.xpresspayments.ZenithBank.controller.GapsController.cashInPayments(GapsController.java:123)
	at sun.reflect.NativeMethodAccessorImpl.invoke0(Native Method)
	at sun.reflect.NativeMethodAccessorImpl.invoke(NativeMethodAccessorImpl.java:62)
	at sun.reflect.DelegatingMethodAccessorImpl.invoke(DelegatingMethodAccessorImpl.java:43)
	at java.lang.reflect.Method.invoke(Method.java:498)
	at org.springframework.web.method.support.InvocableHandlerMethod.doInvoke(InvocableHandlerMethod.java:205)
	at org.springframework.web.method.support.InvocableHandlerMethod.invokeForRequest(InvocableHandlerMethod.java:133)
	at org.springframework.web.servlet.mvc.method.annotation.ServletInvocableHandlerMethod.invokeAndHandle(ServletInvocableHandlerMethod.java:116)
	at org.springframework.web.servlet.mvc.method.annotation.RequestMappingHandlerAdapter.invokeHandlerMethod(RequestMappingHandlerAdapter.java:827)
	at org.springframework.web.servlet.mvc.method.annotation.RequestMappingHandlerAdapter.handleInternal(RequestMappingHandlerAdapter.java:738)
	at org.springframework.web.servlet.mvc.method.AbstractHandlerMethodAdapter.handle(AbstractHandlerMethodAdapter.java:85)
	at org.springframework.web.servlet.DispatcherServlet.doDispatch(DispatcherServlet.java:963)
	at org.springframework.web.servlet.DispatcherServlet.doService(DispatcherServlet.java:897)
	at org.springframework.web.servlet.FrameworkServlet.processRequest(FrameworkServlet.java:970)
	at org.springframework.web.servlet.FrameworkServlet.doPost(FrameworkServlet.java:872)
	at javax.servlet.http.HttpServlet.service(HttpServlet.java:648)
	at org.springframework.web.servlet.FrameworkServlet.service(FrameworkServlet.java:846)
	at javax.servlet.http.HttpServlet.service(HttpServlet.java:729)
	at org.apache.catalina.core.ApplicationFilterChain.internalDoFilter(ApplicationFilterChain.java:230)
	at org.apache.catalina.core.ApplicationFilterChain.doFilter(ApplicationFilterChain.java:165)
	at org.apache.tomcat.websocket.server.WsFilter.doFilter(WsFilter.java:52)
	at org.apache.catalina.core.ApplicationFilterChain.internalDoFilter(ApplicationFilterChain.java:192)
	at org.apache.catalina.core.ApplicationFilterChain.doFilter(ApplicationFilterChain.java:165)
	at org.springframework.boot.web.filter.ApplicationContextHeaderFilter.doFilterInternal(ApplicationContextHeaderFilter.java:55)
	at org.springframework.web.filter.OncePerRequestFilter.doFilter(OncePerRequestFilter.java:107)
	at org.apache.catalina.core.ApplicationFilterChain.internalDoFilter(ApplicationFilterChain.java:192)
	at org.apache.catalina.core.ApplicationFilterChain.doFilter(ApplicationFilterChain.java:165)
	at org.springframework.boot.actuate.trace.WebRequestTraceFilter.doFilterInternal(WebRequestTraceFilter.java:108)
	at org.springframework.web.filter.OncePerRequestFilter.doFilter(OncePerRequestFilter.java:107)
	at org.apache.catalina.core.ApplicationFilterChain.internalDoFilter(ApplicationFilterChain.java:192)
	at org.apache.catalina.core.ApplicationFilterChain.doFilter(ApplicationFilterChain.java:165)
	at org.springframework.security.web.FilterChainProxy$VirtualFilterChain.doFilter(FilterChainProxy.java:317)
	at org.springframework.security.web.access.intercept.FilterSecurityInterceptor.invoke(FilterSecurityInterceptor.java:127)
	at org.springframework.security.web.access.intercept.FilterSecurityInterceptor.doFilter(FilterSecurityInterceptor.java:91)
	at org.springframework.security.web.FilterChainProxy$VirtualFilterChain.doFilter(FilterChainProxy.java:331)
	at org.springframework.security.web.access.ExceptionTranslationFilter.doFilter(ExceptionTranslationFilter.java:114)
	at org.springframework.security.web.FilterChainProxy$VirtualFilterChain.doFilter(FilterChainProxy.java:331)
	at org.springframework.security.web.session.SessionManagementFilter.doFilter(SessionManagementFilter.java:137)
	at org.springframework.security.web.FilterChainProxy$VirtualFilterChain.doFilter(FilterChainProxy.java:331)
	at org.springframework.security.web.authentication.AnonymousAuthenticationFilter.doFilter(AnonymousAuthenticationFilter.java:111)
	at org.springframework.security.web.FilterChainProxy$VirtualFilterChain.doFilter(FilterChainProxy.java:331)
	at org.springframework.security.web.servletapi.SecurityContextHolderAwareRequestFilter.doFilter(SecurityContextHolderAwareRequestFilter.java:170)
	at org.springframework.security.web.FilterChainProxy$VirtualFilterChain.doFilter(FilterChainProxy.java:331)
	at org.springframework.security.web.savedrequest.RequestCacheAwareFilter.doFilter(RequestCacheAwareFilter.java:63)
	at org.springframework.security.web.FilterChainProxy$VirtualFilterChain.doFilter(FilterChainProxy.java:331)
	at org.springframework.security.web.authentication.logout.LogoutFilter.doFilter(LogoutFilter.java:116)
	at org.springframework.security.web.FilterChainProxy$VirtualFilterChain.doFilter(FilterChainProxy.java:331)
	at org.springframework.security.web.header.HeaderWriterFilter.doFilterInternal(HeaderWriterFilter.java:64)
	at org.springframework.web.filter.OncePerRequestFilter.doFilter(OncePerRequestFilter.java:107)
	at org.springframework.security.web.FilterChainProxy$VirtualFilterChain.doFilter(FilterChainProxy.java:331)
	at org.springframework.security.web.context.SecurityContextPersistenceFilter.doFilter(SecurityContextPersistenceFilter.java:105)
	at org.springframework.security.web.FilterChainProxy$VirtualFilterChain.doFilter(FilterChainProxy.java:331)
	at org.springframework.security.web.context.request.async.WebAsyncManagerIntegrationFilter.doFilterInternal(WebAsyncManagerIntegrationFilter.java:56)
	at org.springframework.web.filter.OncePerRequestFilter.doFilter(OncePerRequestFilter.java:107)
	at org.springframework.security.web.FilterChainProxy$VirtualFilterChain.doFilter(FilterChainProxy.java:331)
	at org.springframework.security.web.FilterChainProxy.doFilterInternal(FilterChainProxy.java:214)
	at org.springframework.security.web.FilterChainProxy.doFilter(FilterChainProxy.java:177)
	at org.springframework.web.filter.DelegatingFilterProxy.invokeDelegate(DelegatingFilterProxy.java:346)
	at org.springframework.web.filter.DelegatingFilterProxy.doFilter(DelegatingFilterProxy.java:262)
	at org.apache.catalina.core.ApplicationFilterChain.internalDoFilter(ApplicationFilterChain.java:192)
	at org.apache.catalina.core.ApplicationFilterChain.doFilter(ApplicationFilterChain.java:165)
	at org.springframework.web.filter.RequestContextFilter.doFilterInternal(RequestContextFilter.java:99)
	at org.springframework.web.filter.OncePerRequestFilter.doFilter(OncePerRequestFilter.java:107)
	at org.apache.catalina.core.ApplicationFilterChain.internalDoFilter(ApplicationFilterChain.java:192)
	at org.apache.catalina.core.ApplicationFilterChain.doFilter(ApplicationFilterChain.java:165)
	at org.springframework.web.filter.HttpPutFormContentFilter.doFilterInternal(HttpPutFormContentFilter.java:105)
	at org.springframework.web.filter.OncePerRequestFilter.doFilter(OncePerRequestFilter.java:107)
	at org.apache.catalina.core.ApplicationFilterChain.internalDoFilter(ApplicationFilterChain.java:192)
	at org.apache.catalina.core.ApplicationFilterChain.doFilter(ApplicationFilterChain.java:165)
	at org.springframework.web.filter.HiddenHttpMethodFilter.doFilterInternal(HiddenHttpMethodFilter.java:81)
	at org.springframework.web.filter.OncePerRequestFilter.doFilter(OncePerRequestFilter.java:107)
	at org.apache.catalina.core.ApplicationFilterChain.internalDoFilter(ApplicationFilterChain.java:192)
	at org.apache.catalina.core.ApplicationFilterChain.doFilter(ApplicationFilterChain.java:165)
	at org.springframework.web.filter.CharacterEncodingFilter.doFilterInternal(CharacterEncodingFilter.java:197)
	at org.springframework.web.filter.OncePerRequestFilter.doFilter(OncePerRequestFilter.java:107)
	at org.apache.catalina.core.ApplicationFilterChain.internalDoFilter(ApplicationFilterChain.java:192)
	at org.apache.catalina.core.ApplicationFilterChain.doFilter(ApplicationFilterChain.java:165)
	at org.springframework.boot.actuate.autoconfigure.MetricsFilter.doFilterInternal(MetricsFilter.java:106)
	at org.springframework.web.filter.OncePerRequestFilter.doFilter(OncePerRequestFilter.java:107)
	at org.apache.catalina.core.ApplicationFilterChain.internalDoFilter(ApplicationFilterChain.java:192)
	at org.apache.catalina.core.ApplicationFilterChain.doFilter(ApplicationFilterChain.java:165)
	at org.apache.catalina.core.StandardWrapperValve.invoke(StandardWrapperValve.java:198)
	at org.apache.catalina.core.StandardContextValve.invoke(StandardContextValve.java:96)
	at org.apache.catalina.authenticator.AuthenticatorBase.invoke(AuthenticatorBase.java:474)
	at org.apache.catalina.core.StandardHostValve.invoke(StandardHostValve.java:140)
	at org.apache.catalina.valves.ErrorReportValve.invoke(ErrorReportValve.java:79)
	at org.apache.catalina.core.StandardEngineValve.invoke(StandardEngineValve.java:87)
	at org.apache.catalina.connector.CoyoteAdapter.service(CoyoteAdapter.java:349)
	at org.apache.coyote.http11.Http11Processor.service(Http11Processor.java:783)
	at org.apache.coyote.AbstractProcessorLight.process(AbstractProcessorLight.java:66)
	at org.apache.coyote.AbstractProtocol$ConnectionHandler.process(AbstractProtocol.java:798)
	at org.apache.tomcat.util.net.NioEndpoint$SocketProcessor.doRun(NioEndpoint.java:1434)
	at org.apache.tomcat.util.net.SocketProcessorBase.run(SocketProcessorBase.java:49)
	at java.util.concurrent.ThreadPoolExecutor.runWorker(ThreadPoolExecutor.java:1149)
	at java.util.concurrent.ThreadPoolExecutor$Worker.run(ThreadPoolExecutor.java:624)
	at org.apache.tomcat.util.threads.TaskThread$WrappingRunnable.run(TaskThread.java:61)
	at java.lang.Thread.run(Thread.java:748)
2018-12-10 13:23:40 - Resolved exception caused by Handler execution: com.xpresspayments.ZenithBank.exception.ConflictException: Transaction with this ID already exists
2018-12-10 13:23:48 - :: Sending Request for Single Transfer Payments ApiFundTransferRequest(debitAccountNumber=, creditAccountNumber=0159129466, transferType=OUTFLOW, narration=march 2012 salary, amount=2.00, scheduleId=2090954533, commission=null, beneficiaryName=mtn nigeria)
2018-12-10 13:23:48 - :: Sending Request for Single Transfer Payments <soapenv:Envelope xmlns:soapenv="http://schemas.xmlsoap.org/soap/envelope/" xmlns:fil="http://tempuri.org/GAPS_Uploader/FileUploader">
<soapenv:Header/><soapenv:Body><fil:SingleTransfers><!--Optional:-->
<fil:xmlRequest><![CDATA[<SingleTransfers><transdetails>&lt;transactions&gt;&lt;transaction&gt;&lt;amount&gt;2.00&lt;/amount&gt;&lt;paymentdate&gt;2018/12/10&lt;/paymentdate&gt;&lt;reference&gt;2090954533&lt;/reference&gt;&lt;remarks&gt;march 2012 salary&lt;/remarks&gt;&lt;vendorcode&gt;2090954533&lt;/vendorcode&gt;&lt;vendorname&gt;mtn nigeria&lt;/vendorname&gt;&lt;vendoracctnumber&gt;0159129466&lt;/vendoracctnumber&gt;&lt;vendorbankcode&gt;058&lt;/vendorbankcode&gt;&lt;/transaction&gt;&lt;/transactions&gt;</transdetails>
<accesscode>205140019</accesscode>
<username>adewotol</username>
<password>abcd1234*</password>
<hash>6DC39B6DD5ED425855502C1B701D5CCE9A3497BC51AB5584D70DE1D84C8B1776ACFB84A720F5C98C74A5D957B9B10C091BC316A987FAC1B0172B80DB13F12EA2</hash>
 </SingleTransfers>]]></fil:xmlRequest></fil:SingleTransfers></soapenv:Body></soapenv:Envelope>
2018-12-10 13:23:48 - A<soapenv:Envelope xmlns:soapenv="http://schemas.xmlsoap.org/soap/envelope/" xmlns:fil="http://tempuri.org/GAPS_Uploader/FileUploader">
<soapenv:Header/><soapenv:Body><fil:SingleTransfers><!--Optional:-->
<fil:xmlRequest><![CDATA[<SingleTransfers><transdetails>&lt;transactions&gt;&lt;transaction&gt;&lt;amount&gt;2.00&lt;/amount&gt;&lt;paymentdate&gt;2018/12/10&lt;/paymentdate&gt;&lt;reference&gt;2090954533&lt;/reference&gt;&lt;remarks&gt;march 2012 salary&lt;/remarks&gt;&lt;vendorcode&gt;2090954533&lt;/vendorcode&gt;&lt;vendorname&gt;mtn nigeria&lt;/vendorname&gt;&lt;vendoracctnumber&gt;0159129466&lt;/vendoracctnumber&gt;&lt;vendorbankcode&gt;058&lt;/vendorbankcode&gt;&lt;/transaction&gt;&lt;/transactions&gt;</transdetails>
<accesscode>205140019</accesscode>
<username>adewotol</username>
<password>abcd1234*</password>
<hash>6DC39B6DD5ED425855502C1B701D5CCE9A3497BC51AB5584D70DE1D84C8B1776ACFB84A720F5C98C74A5D957B9B10C091BC316A987FAC1B0172B80DB13F12EA2</hash>
 </SingleTransfers>]]></fil:xmlRequest></fil:SingleTransfers></soapenv:Body></soapenv:Envelope>
2018-12-10 13:24:03 - ::Sending Single Transfer Payments Response from GTBank <?xml version="1.0" encoding="utf-8"?><soap:Envelope xmlns:soap="http://schemas.xmlsoap.org/soap/envelope/" xmlns:xsi="http://www.w3.org/2001/XMLSchema-instance" xmlns:xsd="http://www.w3.org/2001/XMLSchema"><soap:Body><SingleTransfersResponse xmlns="http://tempuri.org/GAPS_Uploader/FileUploader"><SingleTransfersResult>&lt;?xml version="1.0" encoding="utf-8"?&gt;&lt;Response&gt;&lt;Code&gt;1000&lt;/Code&gt;&lt;Message&gt;Transaction Successful&lt;/Message&gt;&lt;/Response&gt;</SingleTransfersResult></SingleTransfersResponse></soap:Body></soap:Envelope>
2018-12-10 13:24:03 - ::Sending Single Transfer Payments Response  SingleTransferResponse(responseCode=1000, responseMessage=Transaction Successful)
2018-12-10 13:25:58 - Neither @ContextConfiguration nor @ContextHierarchy found for test class [com.xpresspayments.ZenithBank.ZenithbankApiApplicationTests], using SpringBootContextLoader
2018-12-10 13:25:58 - Could not detect default resource locations for test class [com.xpresspayments.ZenithBank.ZenithbankApiApplicationTests]: no resource found for suffixes {-context.xml, Context.groovy}.
2018-12-10 13:25:58 - Could not detect default configuration classes for test class [com.xpresspayments.ZenithBank.ZenithbankApiApplicationTests]: GtbankApiApplicationTests does not declare any static, non-private, non-final, nested classes annotated with @Configuration.
2018-12-10 13:25:58 - Found @SpringBootConfiguration com.xpresspayments.ZenithBank.ZenithbankApiApplication for test class com.xpresspayments.ZenithBank.ZenithbankApiApplicationTests
2018-12-10 13:25:58 - Loaded default TestExecutionListener class names from location [META-INF/spring.factories]: [org.springframework.boot.test.mock.mockito.MockitoTestExecutionListener, org.springframework.boot.test.mock.mockito.ResetMocksTestExecutionListener, org.springframework.boot.test.autoconfigure.restdocs.RestDocsTestExecutionListener, org.springframework.boot.test.autoconfigure.web.client.MockRestServiceServerResetTestExecutionListener, org.springframework.boot.test.autoconfigure.web.servlet.MockMvcPrintOnlyOnFailureTestExecutionListener, org.springframework.boot.test.autoconfigure.web.servlet.WebDriverTestExecutionListener, org.springframework.test.context.web.ServletTestExecutionListener, org.springframework.test.context.support.DirtiesContextBeforeModesTestExecutionListener, org.springframework.test.context.support.DependencyInjectionTestExecutionListener, org.springframework.test.context.support.DirtiesContextTestExecutionListener, org.springframework.test.context.transaction.TransactionalTestExecutionListener, org.springframework.test.context.jdbc.SqlScriptsTestExecutionListener]
2018-12-10 13:25:58 - Using TestExecutionListeners: [org.springframework.test.context.web.ServletTestExecutionListener@4d9e68d0, org.springframework.test.context.support.DirtiesContextBeforeModesTestExecutionListener@42e99e4a, org.springframework.boot.test.autoconfigure.SpringBootDependencyInjectionTestExecutionListener@14dd9eb7, org.springframework.test.context.support.DirtiesContextTestExecutionListener@52e6fdee, org.springframework.test.context.transaction.TransactionalTestExecutionListener@6c80d78a, org.springframework.test.context.jdbc.SqlScriptsTestExecutionListener@62150f9e, org.springframework.boot.test.mock.mockito.MockitoTestExecutionListener@1a451d4d, org.springframework.boot.test.autoconfigure.web.servlet.MockMvcPrintOnlyOnFailureTestExecutionListener@7fa98a66, org.springframework.boot.test.autoconfigure.web.servlet.WebDriverTestExecutionListener@15ff3e9e, org.springframework.boot.test.mock.mockito.ResetMocksTestExecutionListener@5fdcaa40, org.springframework.boot.test.autoconfigure.web.client.MockRestServiceServerResetTestExecutionListener@6dc17b83, org.springframework.boot.test.autoconfigure.restdocs.RestDocsTestExecutionListener@5e0826e7]
2018-12-10 13:25:58 - Neither @ContextConfiguration nor @ContextHierarchy found for test class [com.xpresspayments.ZenithBank.ZenithbankApiApplicationTests], using SpringBootContextLoader
2018-12-10 13:25:58 - Could not detect default resource locations for test class [com.xpresspayments.ZenithBank.ZenithbankApiApplicationTests]: no resource found for suffixes {-context.xml, Context.groovy}.
2018-12-10 13:25:58 - Could not detect default configuration classes for test class [com.xpresspayments.ZenithBank.ZenithbankApiApplicationTests]: GtbankApiApplicationTests does not declare any static, non-private, non-final, nested classes annotated with @Configuration.
2018-12-10 13:25:58 - Found @SpringBootConfiguration com.xpresspayments.ZenithBank.ZenithbankApiApplication for test class com.xpresspayments.ZenithBank.ZenithbankApiApplicationTests
2018-12-10 13:25:58 - Loaded default TestExecutionListener class names from location [META-INF/spring.factories]: [org.springframework.boot.test.mock.mockito.MockitoTestExecutionListener, org.springframework.boot.test.mock.mockito.ResetMocksTestExecutionListener, org.springframework.boot.test.autoconfigure.restdocs.RestDocsTestExecutionListener, org.springframework.boot.test.autoconfigure.web.client.MockRestServiceServerResetTestExecutionListener, org.springframework.boot.test.autoconfigure.web.servlet.MockMvcPrintOnlyOnFailureTestExecutionListener, org.springframework.boot.test.autoconfigure.web.servlet.WebDriverTestExecutionListener, org.springframework.test.context.web.ServletTestExecutionListener, org.springframework.test.context.support.DirtiesContextBeforeModesTestExecutionListener, org.springframework.test.context.support.DependencyInjectionTestExecutionListener, org.springframework.test.context.support.DirtiesContextTestExecutionListener, org.springframework.test.context.transaction.TransactionalTestExecutionListener, org.springframework.test.context.jdbc.SqlScriptsTestExecutionListener]
2018-12-10 13:25:58 - Using TestExecutionListeners: [org.springframework.test.context.web.ServletTestExecutionListener@7d8995e, org.springframework.test.context.support.DirtiesContextBeforeModesTestExecutionListener@130d63be, org.springframework.boot.test.autoconfigure.SpringBootDependencyInjectionTestExecutionListener@42a48628, org.springframework.test.context.support.DirtiesContextTestExecutionListener@293a5bf6, org.springframework.test.context.transaction.TransactionalTestExecutionListener@6aeb35e6, org.springframework.test.context.jdbc.SqlScriptsTestExecutionListener@1283bb96, org.springframework.boot.test.mock.mockito.MockitoTestExecutionListener@74f0ea28, org.springframework.boot.test.autoconfigure.web.servlet.MockMvcPrintOnlyOnFailureTestExecutionListener@f6efaab, org.springframework.boot.test.autoconfigure.web.servlet.WebDriverTestExecutionListener@3c19aaa5, org.springframework.boot.test.mock.mockito.ResetMocksTestExecutionListener@3349e9bb, org.springframework.boot.test.autoconfigure.web.client.MockRestServiceServerResetTestExecutionListener@409bf450, org.springframework.boot.test.autoconfigure.restdocs.RestDocsTestExecutionListener@38d8f54a]
2018-12-10 13:25:59 - Starting GtbankApiApplicationTests on SOLDEV28 with PID 11260 (started by amaechi.ekene in C:\Users\amaechi.ekene\IdeaProjects\gtbank-api)
2018-12-10 13:25:59 - No active profile set, falling back to default profiles: default
2018-12-10 13:25:59 - Refreshing org.springframework.web.context.support.GenericWebApplicationContext@7ae0a9ec: startup date [Mon Dec 10 13:25:59 WAT 2018]; root of context hierarchy
2018-12-10 13:25:59 - HV000001: Hibernate Validator 5.3.4.Final
2018-12-10 13:26:01 - JSR-330 'javax.inject.Inject' annotation found and supported for autowiring
2018-12-10 13:26:02 - Bean 'org.springframework.boot.autoconfigure.validation.ValidationAutoConfiguration' of type [class org.springframework.boot.autoconfigure.validation.ValidationAutoConfiguration] is not eligible for getting processed by all BeanPostProcessors (for example: not eligible for auto-proxying)
2018-12-10 13:26:02 - Bean 'validator' of type [class org.springframework.validation.beanvalidation.LocalValidatorFactoryBean] is not eligible for getting processed by all BeanPostProcessors (for example: not eligible for auto-proxying)
2018-12-10 13:26:02 - Bean 'org.springframework.ws.config.annotation.DelegatingWsConfiguration' of type [class org.springframework.ws.config.annotation.DelegatingWsConfiguration$$EnhancerBySpringCGLIB$$3328671d] is not eligible for getting processed by all BeanPostProcessors (for example: not eligible for auto-proxying)
2018-12-10 13:26:02 - Supporting [WS-Addressing August 2004, WS-Addressing 1.0]
2018-12-10 13:26:02 - Bean 'org.springframework.transaction.annotation.ProxyTransactionManagementConfiguration' of type [class org.springframework.transaction.annotation.ProxyTransactionManagementConfiguration$$EnhancerBySpringCGLIB$$8e90a21e] is not eligible for getting processed by all BeanPostProcessors (for example: not eligible for auto-proxying)
2018-12-10 13:26:03 - Building JPA container EntityManagerFactory for persistence unit 'default'
2018-12-10 13:26:03 - HHH000204: Processing PersistenceUnitInfo [
	name: default
	...]
2018-12-10 13:26:03 - HHH000412: Hibernate Core {5.0.11.Final}
2018-12-10 13:26:03 - HHH000206: hibernate.properties not found
2018-12-10 13:26:03 - HHH000021: Bytecode provider name : javassist
2018-12-10 13:26:03 - HCANN000001: Hibernate Commons Annotations {5.0.1.Final}
2018-12-10 13:26:04 - HHH000400: Using dialect: org.hibernate.dialect.SQLServer2012Dialect
2018-12-10 13:26:04 - Initialized JPA EntityManagerFactory for persistence unit 'default'
2018-12-10 13:26:05 - 

Using default security password: 5dcc285b-5218-4c98-8f46-a06e28f87515

2018-12-10 13:26:05 - Creating filter chain: org.springframework.security.web.util.matcher.AnyRequestMatcher@1, [org.springframework.security.web.context.request.async.WebAsyncManagerIntegrationFilter@1b25d695, org.springframework.security.web.context.SecurityContextPersistenceFilter@5e8f0f98, org.springframework.security.web.header.HeaderWriterFilter@3e4f2300, org.springframework.security.web.authentication.logout.LogoutFilter@5891b7c5, org.springframework.security.web.savedrequest.RequestCacheAwareFilter@5310e451, org.springframework.security.web.servletapi.SecurityContextHolderAwareRequestFilter@644947ee, org.springframework.security.web.authentication.AnonymousAuthenticationFilter@4ef8090b, org.springframework.security.web.session.SessionManagementFilter@3e01796a, org.springframework.security.web.access.ExceptionTranslationFilter@2976ef56, org.springframework.security.web.access.intercept.FilterSecurityInterceptor@24b3f778]
2018-12-10 13:26:05 - Creating filter chain: org.springframework.boot.actuate.autoconfigure.ManagementWebSecurityAutoConfiguration$LazyEndpointPathRequestMatcher@654b899f, [org.springframework.security.web.context.request.async.WebAsyncManagerIntegrationFilter@71468613, org.springframework.security.web.context.SecurityContextPersistenceFilter@734cf881, org.springframework.security.web.header.HeaderWriterFilter@31f5b923, org.springframework.security.web.authentication.logout.LogoutFilter@2acb1264, org.springframework.security.web.authentication.www.BasicAuthenticationFilter@5788722f, org.springframework.security.web.savedrequest.RequestCacheAwareFilter@4a890fdd, org.springframework.security.web.servletapi.SecurityContextHolderAwareRequestFilter@56299b0e, org.springframework.security.web.authentication.AnonymousAuthenticationFilter@13f4048e, org.springframework.security.web.session.SessionManagementFilter@79e2606f, org.springframework.security.web.access.ExceptionTranslationFilter@15d58530, org.springframework.security.web.access.intercept.FilterSecurityInterceptor@3f45dfec]
2018-12-10 13:26:06 - Looking for @ControllerAdvice: org.springframework.web.context.support.GenericWebApplicationContext@7ae0a9ec: startup date [Mon Dec 10 13:25:59 WAT 2018]; root of context hierarchy
2018-12-10 13:26:06 - Mapped "{[/accountopening],methods=[POST],consumes=[application/json],produces=[application/json]}" onto public com.xpresspayments.ZenithBank.model.XPDirect.Model.response.ApiAccountOpeningResponse com.xpresspayments.ZenithBank.controller.AccountOpeningController.OpenAccount(com.xpresspayments.ZenithBank.model.XPDirect.Model.request.ApiAccountOpeningRequest) throws java.lang.Exception
2018-12-10 13:26:06 - Mapped "{[/bvn],methods=[POST],consumes=[application/json],produces=[application/json]}" onto public com.xpresspayments.ZenithBank.model.XPDirect.Model.response.ApiBvnValidationResponse com.xpresspayments.ZenithBank.controller.AccountOpeningController.GetSingleBVN(com.xpresspayments.ZenithBank.model.XPDirect.Model.request.ApiBVNValidationRequest) throws java.lang.Exception
2018-12-10 13:26:06 - Mapped "{[/cashout],methods=[POST],consumes=[application/json],produces=[application/json]}" onto public com.xpresspayments.ZenithBank.model.XPDirect.Model.response.ApiCashOutResponse com.xpresspayments.ZenithBank.controller.FacValidationController.cashOut(com.xpresspayments.ZenithBank.model.XPDirect.Model.request.ApiCashOutRequest) throws java.lang.Exception
2018-12-10 13:26:06 - Mapped "{[/agencybanking/authenticate],methods=[POST],consumes=[application/json],produces=[application/json]}" onto public com.xpresspayments.ZenithBank.model.XPDirect.Model.response.ApiValidationResponse com.xpresspayments.ZenithBank.controller.FacValidationController.validateCustomer(com.xpresspayments.ZenithBank.model.XPDirect.Model.request.ApiValidationRequest) throws java.lang.Exception
2018-12-10 13:26:06 - Mapped "{[/balances],produces=[application/json]}" onto public com.xpresspayments.ZenithBank.model.response.ApiBalanceRetrievalResponse com.xpresspayments.ZenithBank.controller.GapsController.retrieveBalance(com.xpresspayments.ZenithBank.model.request.BalanceRetrievalRequest) throws java.lang.Exception
2018-12-10 13:26:06 - Mapped "{[/retailpayments],methods=[GET]}" onto public org.springframework.http.ResponseEntity<com.xpresspayments.ZenithBank.model.response.ZenithBankApiResponse> com.xpresspayments.ZenithBank.controller.GapsController.getRetailPayment(java.lang.String) throws java.lang.Exception
2018-12-10 13:26:06 - Mapped "{[/retailpayments],produces=[application/json]}" onto public org.springframework.http.ResponseEntity<com.xpresspayments.ZenithBank.model.response.ZenithBankApiResponse> com.xpresspayments.ZenithBank.controller.GapsController.makePayments(com.xpresspayments.ZenithBank.model.request.ApiFundTransferRequest) throws java.lang.Exception
2018-12-10 13:26:06 - Mapped "{[/nameenquiry],produces=[application/json]}" onto public org.springframework.http.ResponseEntity<com.xpresspayments.ZenithBank.model.response.ZenithBankApiResponse> com.xpresspayments.ZenithBank.controller.GapsController.validateAccount(com.xpresspayments.ZenithBank.model.request.AccountValidationRequest) throws java.lang.Exception
2018-12-10 13:26:06 - Mapped "{[/payments],methods=[GET]}" onto public org.springframework.http.ResponseEntity<com.xpresspayments.ZenithBank.model.response.ZenithBankApiResponse> com.xpresspayments.ZenithBank.controller.GapsController.getPayment(java.lang.String) throws java.lang.Exception
2018-12-10 13:26:06 - Mapped "{[/cashin],produces=[application/json]}" onto public org.springframework.http.ResponseEntity<com.xpresspayments.ZenithBank.model.response.ZenithBankApiResponse> com.xpresspayments.ZenithBank.controller.GapsController.cashInPayments(com.xpresspayments.ZenithBank.model.request.ApiFundTransferRequest) throws java.lang.Exception
2018-12-10 13:26:06 - Mapped "{[/payments],methods=[POST],produces=[application/json]}" onto public org.springframework.http.ResponseEntity<com.xpresspayments.ZenithBank.model.response.ZenithBankApiResponse> com.xpresspayments.ZenithBank.controller.GapsController.makeBulkPayments(com.xpresspayments.ZenithBank.model.request.MakePaymentRequest) throws java.lang.Exception
2018-12-10 13:26:06 - Mapped "{[/accountstatements],methods=[POST],produces=[application/json]}" onto public org.springframework.http.ResponseEntity<com.xpresspayments.ZenithBank.model.response.ZenithBankApiResponse> com.xpresspayments.ZenithBank.controller.GapsController.requestAccountStatement(com.xpresspayments.ZenithBank.model.request.ApiAccountStatementRequest) throws java.lang.Exception
2018-12-10 13:26:06 - Mapped "{[/error]}" onto public org.springframework.http.ResponseEntity<java.util.Map<java.lang.String, java.lang.Object>> org.springframework.boot.autoconfigure.web.BasicErrorController.error(javax.servlet.http.HttpServletRequest)
2018-12-10 13:26:06 - Mapped "{[/error],produces=[text/html]}" onto public org.springframework.web.servlet.ModelAndView org.springframework.boot.autoconfigure.web.BasicErrorController.errorHtml(javax.servlet.http.HttpServletRequest,javax.servlet.http.HttpServletResponse)
2018-12-10 13:26:06 - Mapped URL path [/webjars/**] onto handler of type [class org.springframework.web.servlet.resource.ResourceHttpRequestHandler]
2018-12-10 13:26:06 - Mapped URL path [/**] onto handler of type [class org.springframework.web.servlet.resource.ResourceHttpRequestHandler]
2018-12-10 13:26:06 - Detected @ExceptionHandler methods in errorHandler
2018-12-10 13:26:06 - Mapped URL path [/**/favicon.ico] onto handler of type [class org.springframework.web.servlet.resource.ResourceHttpRequestHandler]
2018-12-10 13:26:07 - Mapped "{[/auditevents || /auditevents.json],methods=[GET],produces=[application/vnd.spring-boot.actuator.v1+json || application/json]}" onto public org.springframework.http.ResponseEntity<?> org.springframework.boot.actuate.endpoint.mvc.AuditEventsMvcEndpoint.findByPrincipalAndAfterAndType(java.lang.String,java.util.Date,java.lang.String)
2018-12-10 13:26:07 - Mapped "{[/configprops || /configprops.json],methods=[GET],produces=[application/vnd.spring-boot.actuator.v1+json || application/json]}" onto public java.lang.Object org.springframework.boot.actuate.endpoint.mvc.EndpointMvcAdapter.invoke()
2018-12-10 13:26:07 - Mapped "{[/info || /info.json],methods=[GET],produces=[application/vnd.spring-boot.actuator.v1+json || application/json]}" onto public java.lang.Object org.springframework.boot.actuate.endpoint.mvc.EndpointMvcAdapter.invoke()
2018-12-10 13:26:07 - Mapped "{[/health || /health.json],methods=[GET],produces=[application/vnd.spring-boot.actuator.v1+json || application/json]}" onto public java.lang.Object org.springframework.boot.actuate.endpoint.mvc.HealthMvcEndpoint.invoke(javax.servlet.http.HttpServletRequest)
2018-12-10 13:26:07 - Mapped "{[/heapdump || /heapdump.json],methods=[GET],produces=[application/octet-stream]}" onto public void org.springframework.boot.actuate.endpoint.mvc.HeapdumpMvcEndpoint.invoke(boolean,javax.servlet.http.HttpServletRequest,javax.servlet.http.HttpServletResponse) throws java.io.IOException,javax.servlet.ServletException
2018-12-10 13:26:07 - Mapped "{[/metrics/{name:.*}],methods=[GET],produces=[application/vnd.spring-boot.actuator.v1+json || application/json]}" onto public java.lang.Object org.springframework.boot.actuate.endpoint.mvc.MetricsMvcEndpoint.value(java.lang.String)
2018-12-10 13:26:07 - Mapped "{[/metrics || /metrics.json],methods=[GET],produces=[application/vnd.spring-boot.actuator.v1+json || application/json]}" onto public java.lang.Object org.springframework.boot.actuate.endpoint.mvc.EndpointMvcAdapter.invoke()
2018-12-10 13:26:07 - Mapped "{[/mappings || /mappings.json],methods=[GET],produces=[application/vnd.spring-boot.actuator.v1+json || application/json]}" onto public java.lang.Object org.springframework.boot.actuate.endpoint.mvc.EndpointMvcAdapter.invoke()
2018-12-10 13:26:07 - Mapped "{[/env/{name:.*}],methods=[GET],produces=[application/vnd.spring-boot.actuator.v1+json || application/json]}" onto public java.lang.Object org.springframework.boot.actuate.endpoint.mvc.EnvironmentMvcEndpoint.value(java.lang.String)
2018-12-10 13:26:07 - Mapped "{[/env || /env.json],methods=[GET],produces=[application/vnd.spring-boot.actuator.v1+json || application/json]}" onto public java.lang.Object org.springframework.boot.actuate.endpoint.mvc.EndpointMvcAdapter.invoke()
2018-12-10 13:26:07 - Mapped "{[/beans || /beans.json],methods=[GET],produces=[application/vnd.spring-boot.actuator.v1+json || application/json]}" onto public java.lang.Object org.springframework.boot.actuate.endpoint.mvc.EndpointMvcAdapter.invoke()
2018-12-10 13:26:07 - Mapped "{[/trace || /trace.json],methods=[GET],produces=[application/vnd.spring-boot.actuator.v1+json || application/json]}" onto public java.lang.Object org.springframework.boot.actuate.endpoint.mvc.EndpointMvcAdapter.invoke()
2018-12-10 13:26:07 - Mapped "{[/dump || /dump.json],methods=[GET],produces=[application/vnd.spring-boot.actuator.v1+json || application/json]}" onto public java.lang.Object org.springframework.boot.actuate.endpoint.mvc.EndpointMvcAdapter.invoke()
2018-12-10 13:26:07 - Mapped "{[/autoconfig || /autoconfig.json],methods=[GET],produces=[application/vnd.spring-boot.actuator.v1+json || application/json]}" onto public java.lang.Object org.springframework.boot.actuate.endpoint.mvc.EndpointMvcAdapter.invoke()
2018-12-10 13:26:07 - Mapped "{[/loggers/{name:.*}],methods=[GET],produces=[application/vnd.spring-boot.actuator.v1+json || application/json]}" onto public java.lang.Object org.springframework.boot.actuate.endpoint.mvc.LoggersMvcEndpoint.get(java.lang.String)
2018-12-10 13:26:07 - Mapped "{[/loggers/{name:.*}],methods=[POST],consumes=[application/vnd.spring-boot.actuator.v1+json || application/json],produces=[application/vnd.spring-boot.actuator.v1+json || application/json]}" onto public java.lang.Object org.springframework.boot.actuate.endpoint.mvc.LoggersMvcEndpoint.set(java.lang.String,java.util.Map<java.lang.String, java.lang.String>)
2018-12-10 13:26:07 - Mapped "{[/loggers || /loggers.json],methods=[GET],produces=[application/vnd.spring-boot.actuator.v1+json || application/json]}" onto public java.lang.Object org.springframework.boot.actuate.endpoint.mvc.EndpointMvcAdapter.invoke()
2018-12-10 13:26:07 - Started GtbankApiApplicationTests in 8.811 seconds (JVM running for 10.818)
2018-12-10 13:26:07 - Closing org.springframework.web.context.support.GenericWebApplicationContext@7ae0a9ec: startup date [Mon Dec 10 13:25:59 WAT 2018]; root of context hierarchy
2018-12-10 13:26:07 - Closing JPA EntityManagerFactory for persistence unit 'default'
2018-12-10 14:46:25 - Starting GtbankApiApplication on SOLDEV28 with PID 30892 (C:\Users\amaechi.ekene\IdeaProjects\gtbank-api\target\classes started by amaechi.ekene in C:\Users\amaechi.ekene\IdeaProjects\gtbank-api)
2018-12-10 14:46:25 - No active profile set, falling back to default profiles: default
2018-12-10 14:46:25 - Refreshing org.springframework.boot.context.embedded.AnnotationConfigEmbeddedWebApplicationContext@19e67433: startup date [Mon Dec 10 14:46:25 WAT 2018]; root of context hierarchy
